<?xml version="1.0" encoding="UTF-8"?>
<coverage generated="1754082437490" clover="3.2.0">
  <project timestamp="1754082437490" name="All files">
    <metrics statements="696" coveredstatements="600" conditionals="348" coveredconditionals="273" methods="147" coveredmethods="110" elements="1191" coveredelements="983" complexity="0" loc="696" ncloc="696" packages="9" files="20" classes="20"/>
    <package name="dj-config-mcp">
      <metrics statements="17" coveredstatements="15" conditionals="3" coveredconditionals="2" methods="6" coveredmethods="5"/>
      <file name="index.js" path="D:\Workspace\Repos\jamaynor\mcps\dj-config-mcp\index.js">
        <metrics statements="17" coveredstatements="15" conditionals="3" coveredconditionals="2" methods="6" coveredmethods="5"/>
        <line num="6" count="1" type="stmt"/>
        <line num="7" count="1" type="stmt"/>
        <line num="10" count="1" type="stmt"/>
        <line num="14" count="1" type="stmt"/>
        <line num="15" count="1" type="stmt"/>
        <line num="22" count="1" type="stmt"/>
        <line num="24" count="1" type="stmt"/>
        <line num="32" count="0" type="stmt"/>
        <line num="33" count="0" type="stmt"/>
        <line num="45" count="14" type="stmt"/>
        <line num="46" count="14" type="stmt"/>
        <line num="55" count="13" type="stmt"/>
        <line num="56" count="13" type="stmt"/>
        <line num="67" count="2" type="stmt"/>
        <line num="68" count="2" type="stmt"/>
        <line num="76" count="1" type="stmt"/>
        <line num="77" count="1" type="stmt"/>
      </file>
    </package>
    <package name="dj-config-mcp.lib.commands">
      <metrics statements="89" coveredstatements="30" conditionals="59" coveredconditionals="14" methods="11" coveredmethods="4"/>
      <file name="config-delete.js" path="D:\Workspace\Repos\jamaynor\mcps\dj-config-mcp\lib\commands\config-delete.js">
        <metrics statements="8" coveredstatements="8" conditionals="5" coveredconditionals="4" methods="1" coveredmethods="1"/>
        <line num="14" count="9" type="cond" truecount="2" falsecount="0"/>
        <line num="15" count="3" type="stmt"/>
        <line num="19" count="6" type="stmt"/>
        <line num="21" count="6" type="cond" truecount="2" falsecount="0"/>
        <line num="24" count="1" type="stmt"/>
        <line num="28" count="5" type="stmt"/>
        <line num="33" count="4" type="stmt"/>
        <line num="36" count="2" type="stmt"/>
      </file>
      <file name="config-get.js" path="D:\Workspace\Repos\jamaynor\mcps\dj-config-mcp\lib\commands\config-get.js">
        <metrics statements="6" coveredstatements="6" conditionals="4" coveredconditionals="4" methods="1" coveredmethods="1"/>
        <line num="13" count="13" type="cond" truecount="2" falsecount="0"/>
        <line num="15" count="12" type="stmt"/>
        <line num="20" count="12" type="cond" truecount="2" falsecount="0"/>
        <line num="23" count="1" type="stmt"/>
        <line num="28" count="1" type="stmt"/>
        <line num="32" count="1" type="stmt"/>
      </file>
      <file name="config-load-env.js" path="D:\Workspace\Repos\jamaynor\mcps\dj-config-mcp\lib\commands\config-load-env.js">
        <metrics statements="10" coveredstatements="10" conditionals="0" coveredconditionals="0" methods="1" coveredmethods="1"/>
        <line num="15" count="6" type="stmt"/>
        <line num="16" count="6" type="stmt"/>
        <line num="19" count="5" type="stmt"/>
        <line num="20" count="5" type="stmt"/>
        <line num="21" count="5" type="stmt"/>
        <line num="23" count="5" type="stmt"/>
        <line num="24" count="5" type="stmt"/>
        <line num="27" count="5" type="stmt"/>
        <line num="36" count="1" type="stmt"/>
        <line num="40" count="2" type="stmt"/>
      </file>
      <file name="config-set.js" path="D:\Workspace\Repos\jamaynor\mcps\dj-config-mcp\lib\commands\config-set.js">
        <metrics statements="6" coveredstatements="6" conditionals="7" coveredconditionals="6" methods="1" coveredmethods="1"/>
        <line num="15" count="21" type="cond" truecount="2" falsecount="0"/>
        <line num="16" count="1" type="stmt"/>
        <line num="19" count="20" type="cond" truecount="4" falsecount="0"/>
        <line num="20" count="1" type="stmt"/>
        <line num="24" count="19" type="stmt"/>
        <line num="30" count="2" type="stmt"/>
      </file>
      <file name="config.js" path="D:\Workspace\Repos\jamaynor\mcps\dj-config-mcp\lib\commands\config.js">
        <metrics statements="59" coveredstatements="0" conditionals="43" coveredconditionals="0" methods="7" coveredmethods="0"/>
        <line num="6" count="0" type="stmt"/>
        <line num="15" count="0" type="stmt"/>
        <line num="16" count="0" type="stmt"/>
        <line num="17" count="0" type="stmt"/>
        <line num="19" count="0" type="stmt"/>
        <line num="24" count="0" type="stmt"/>
        <line num="25" count="0" type="stmt"/>
        <line num="28" count="0" type="stmt"/>
        <line num="30" count="0" type="stmt"/>
        <line num="70" count="0" type="stmt"/>
        <line num="72" count="0" type="stmt"/>
        <line num="73" count="0" type="cond" truecount="0" falsecount="2"/>
        <line num="76" count="0" type="stmt"/>
        <line num="77" count="0" type="cond" truecount="0" falsecount="4"/>
        <line num="78" count="0" type="stmt"/>
        <line num="79" count="0" type="cond" truecount="0" falsecount="4"/>
        <line num="80" count="0" type="stmt"/>
        <line num="81" count="0" type="cond" truecount="0" falsecount="2"/>
        <line num="82" count="0" type="stmt"/>
        <line num="84" count="0" type="stmt"/>
        <line num="87" count="0" type="stmt"/>
        <line num="90" count="0" type="stmt"/>
        <line num="91" count="0" type="cond" truecount="0" falsecount="4"/>
        <line num="93" count="0" type="stmt"/>
        <line num="94" count="0" type="cond" truecount="0" falsecount="4"/>
        <line num="95" count="0" type="stmt"/>
        <line num="98" count="0" type="cond" truecount="0" falsecount="2"/>
        <line num="100" count="0" type="cond" truecount="0" falsecount="4"/>
        <line num="101" count="0" type="stmt"/>
        <line num="102" count="0" type="stmt"/>
        <line num="106" count="0" type="stmt"/>
        <line num="111" count="0" type="stmt"/>
        <line num="112" count="0" type="stmt"/>
        <line num="114" count="0" type="cond" truecount="0" falsecount="2"/>
        <line num="115" count="0" type="stmt"/>
        <line num="116" count="0" type="stmt"/>
        <line num="117" count="0" type="cond" truecount="0" falsecount="2"/>
        <line num="119" count="0" type="stmt"/>
        <line num="120" count="0" type="cond" truecount="0" falsecount="2"/>
        <line num="121" count="0" type="stmt"/>
        <line num="127" count="0" type="cond" truecount="0" falsecount="2"/>
        <line num="128" count="0" type="stmt"/>
        <line num="129" count="0" type="stmt"/>
        <line num="131" count="0" type="stmt"/>
        <line num="132" count="0" type="cond" truecount="0" falsecount="2"/>
        <line num="135" count="0" type="stmt"/>
        <line num="137" count="0" type="stmt"/>
        <line num="138" count="0" type="cond" truecount="0" falsecount="2"/>
        <line num="139" count="0" type="stmt"/>
        <line num="141" count="0" type="stmt"/>
        <line num="142" count="0" type="stmt"/>
        <line num="143" count="0" type="cond" truecount="0" falsecount="2"/>
        <line num="144" count="0" type="stmt"/>
        <line num="147" count="0" type="cond" truecount="0" falsecount="2"/>
        <line num="148" count="0" type="stmt"/>
        <line num="149" count="0" type="stmt"/>
        <line num="153" count="0" type="stmt"/>
        <line num="156" count="0" type="stmt"/>
        <line num="160" count="0" type="stmt"/>
      </file>
    </package>
    <package name="dj-config-mcp.lib.config">
      <metrics statements="73" coveredstatements="73" conditionals="32" coveredconditionals="31" methods="12" coveredmethods="12"/>
      <file name="manager.js" path="D:\Workspace\Repos\jamaynor\mcps\dj-config-mcp\lib\config\manager.js">
        <metrics statements="41" coveredstatements="41" conditionals="17" coveredconditionals="17" methods="9" coveredmethods="9"/>
        <line num="17" count="5" type="stmt"/>
        <line num="18" count="5" type="stmt"/>
        <line num="19" count="5" type="stmt"/>
        <line num="20" count="5" type="stmt"/>
        <line num="21" count="5" type="stmt"/>
        <line num="26" count="29" type="cond" truecount="2" falsecount="0"/>
        <line num="29" count="29" type="stmt"/>
        <line num="32" count="29" type="stmt"/>
        <line num="33" count="29" type="stmt"/>
        <line num="34" count="29" type="stmt"/>
        <line num="35" count="29" type="stmt"/>
        <line num="44" count="30" type="stmt"/>
        <line num="45" count="30" type="stmt"/>
        <line num="46" count="30" type="stmt"/>
        <line num="47" count="30" type="stmt"/>
        <line num="48" count="30" type="stmt"/>
        <line num="49" count="30" type="stmt"/>
        <line num="50" count="28" type="stmt"/>
        <line num="51" count="27" type="cond" truecount="2" falsecount="0"/>
        <line num="53" count="3" type="stmt"/>
        <line num="76" count="19" type="stmt"/>
        <line num="79" count="19" type="cond" truecount="2" falsecount="0"/>
        <line num="80" count="11" type="stmt"/>
        <line num="81" count="11" type="stmt"/>
        <line num="86" count="8" type="stmt"/>
        <line num="90" count="19" type="cond" truecount="2" falsecount="0"/>
        <line num="91" count="18" type="stmt"/>
        <line num="110" count="15" type="stmt"/>
        <line num="124" count="2" type="stmt"/>
        <line num="144" count="9" type="stmt"/>
        <line num="145" count="9" type="stmt"/>
        <line num="147" count="9" type="cond" truecount="2" falsecount="0"/>
        <line num="148" count="4" type="stmt"/>
        <line num="151" count="9" type="cond" truecount="2" falsecount="0"/>
        <line num="152" count="5" type="stmt"/>
        <line num="155" count="9" type="cond" truecount="2" falsecount="0"/>
        <line num="156" count="8" type="stmt"/>
        <line num="166" count="3" type="stmt"/>
        <line num="178" count="1" type="stmt"/>
        <line num="192" count="1" type="stmt"/>
        <line num="196" count="5" type="stmt"/>
      </file>
      <file name="resolver.js" path="D:\Workspace\Repos\jamaynor\mcps\dj-config-mcp\lib\config\resolver.js">
        <metrics statements="32" coveredstatements="32" conditionals="15" coveredconditionals="14" methods="3" coveredmethods="3"/>
        <line num="6" count="6" type="stmt"/>
        <line num="7" count="6" type="stmt"/>
        <line num="11" count="15" type="stmt"/>
        <line num="12" count="15" type="cond" truecount="2" falsecount="0"/>
        <line num="23" count="36" type="stmt"/>
        <line num="24" count="36" type="cond" truecount="2" falsecount="0"/>
        <line num="25" count="13" type="stmt"/>
        <line num="34" count="23" type="stmt"/>
        <line num="35" count="23" type="cond" truecount="2" falsecount="0"/>
        <line num="36" count="10" type="stmt"/>
        <line num="45" count="13" type="stmt"/>
        <line num="46" count="13" type="cond" truecount="2" falsecount="0"/>
        <line num="47" count="4" type="stmt"/>
        <line num="56" count="9" type="stmt"/>
        <line num="57" count="9" type="cond" truecount="2" falsecount="0"/>
        <line num="58" count="4" type="stmt"/>
        <line num="67" count="5" type="stmt"/>
        <line num="75" count="6" type="stmt"/>
        <line num="76" count="6" type="stmt"/>
        <line num="79" count="6" type="stmt"/>
        <line num="80" count="6" type="stmt"/>
        <line num="81" count="6" type="stmt"/>
        <line num="82" count="6" type="stmt"/>
        <line num="85" count="6" type="stmt"/>
        <line num="93" count="6" type="stmt"/>
        <line num="94" count="16" type="cond" truecount="1" falsecount="1"/>
        <line num="95" count="16" type="stmt"/>
        <line num="96" count="16" type="cond" truecount="2" falsecount="0"/>
        <line num="97" count="15" type="stmt"/>
        <line num="98" count="15" type="stmt"/>
        <line num="103" count="6" type="stmt"/>
        <line num="107" count="6" type="stmt"/>
      </file>
    </package>
    <package name="dj-config-mcp.lib.constants">
      <metrics statements="49" coveredstatements="20" conditionals="0" coveredconditionals="0" methods="29" coveredmethods="0"/>
      <file name="index.js" path="D:\Workspace\Repos\jamaynor\mcps\dj-config-mcp\lib\constants\index.js">
        <metrics statements="14" coveredstatements="14" conditionals="0" coveredconditionals="0" methods="0" coveredmethods="0"/>
        <line num="9" count="2" type="stmt"/>
        <line num="18" count="2" type="stmt"/>
        <line num="30" count="2" type="stmt"/>
        <line num="38" count="2" type="stmt"/>
        <line num="53" count="2" type="stmt"/>
        <line num="62" count="2" type="stmt"/>
        <line num="73" count="2" type="stmt"/>
        <line num="80" count="2" type="stmt"/>
        <line num="99" count="2" type="stmt"/>
        <line num="107" count="2" type="stmt"/>
        <line num="115" count="2" type="stmt"/>
        <line num="128" count="2" type="stmt"/>
        <line num="138" count="2" type="stmt"/>
        <line num="145" count="2" type="stmt"/>
      </file>
      <file name="messages.js" path="D:\Workspace\Repos\jamaynor\mcps\dj-config-mcp\lib\constants\messages.js">
        <metrics statements="35" coveredstatements="6" conditionals="0" coveredconditionals="0" methods="29" coveredmethods="0"/>
        <line num="9" count="1" type="stmt"/>
        <line num="12" count="0" type="stmt"/>
        <line num="16" count="0" type="stmt"/>
        <line num="17" count="0" type="stmt"/>
        <line num="21" count="0" type="stmt"/>
        <line num="23" count="0" type="stmt"/>
        <line num="25" count="0" type="stmt"/>
        <line num="26" count="0" type="stmt"/>
        <line num="30" count="0" type="stmt"/>
        <line num="32" count="0" type="stmt"/>
        <line num="34" count="0" type="stmt"/>
        <line num="38" count="0" type="stmt"/>
        <line num="40" count="0" type="stmt"/>
        <line num="45" count="0" type="stmt"/>
        <line num="49" count="0" type="stmt"/>
        <line num="51" count="0" type="stmt"/>
        <line num="57" count="1" type="stmt"/>
        <line num="59" count="0" type="stmt"/>
        <line num="61" count="0" type="stmt"/>
        <line num="63" count="0" type="stmt"/>
        <line num="66" count="0" type="stmt"/>
        <line num="73" count="1" type="stmt"/>
        <line num="75" count="0" type="stmt"/>
        <line num="78" count="0" type="stmt"/>
        <line num="86" count="1" type="stmt"/>
        <line num="89" count="0" type="stmt"/>
        <line num="91" count="0" type="stmt"/>
        <line num="93" count="0" type="stmt"/>
        <line num="95" count="0" type="stmt"/>
        <line num="97" count="0" type="stmt"/>
        <line num="103" count="1" type="stmt"/>
        <line num="105" count="0" type="stmt"/>
        <line num="107" count="0" type="stmt"/>
        <line num="110" count="0" type="stmt"/>
        <line num="114" count="1" type="stmt"/>
      </file>
    </package>
    <package name="dj-config-mcp.lib.distribution">
      <metrics statements="190" coveredstatements="189" conditionals="93" coveredconditionals="80" methods="29" coveredmethods="29"/>
      <file name="base-client.js" path="D:\Workspace\Repos\jamaynor\mcps\dj-config-mcp\lib\distribution\base-client.js">
        <metrics statements="56" coveredstatements="56" conditionals="32" coveredconditionals="30" methods="7" coveredmethods="7"/>
        <line num="6" count="7" type="stmt"/>
        <line num="7" count="7" type="stmt"/>
        <line num="8" count="7" type="stmt"/>
        <line num="12" count="29" type="stmt"/>
        <line num="13" count="29" type="stmt"/>
        <line num="14" count="29" type="stmt"/>
        <line num="22" count="2" type="cond" truecount="2" falsecount="0"/>
        <line num="30" count="144" type="cond" truecount="2" falsecount="0"/>
        <line num="31" count="18" type="stmt"/>
        <line num="40" count="68" type="stmt"/>
        <line num="41" count="68" type="stmt"/>
        <line num="42" count="68" type="stmt"/>
        <line num="46" count="67" type="stmt"/>
        <line num="47" count="67" type="stmt"/>
        <line num="49" count="67" type="cond" truecount="2" falsecount="0"/>
        <line num="50" count="1" type="stmt"/>
        <line num="54" count="66" type="stmt"/>
        <line num="55" count="66" type="stmt"/>
        <line num="56" count="65" type="stmt"/>
        <line num="59" count="1" type="stmt"/>
        <line num="62" count="1" type="stmt"/>
        <line num="72" count="72" type="stmt"/>
        <line num="73" count="72" type="stmt"/>
        <line num="76" count="72" type="stmt"/>
        <line num="79" count="72" type="stmt"/>
        <line num="80" count="72" type="stmt"/>
        <line num="81" count="72" type="stmt"/>
        <line num="82" count="65" type="stmt"/>
        <line num="88" count="72" type="stmt"/>
        <line num="91" count="72" type="cond" truecount="2" falsecount="0"/>
        <line num="92" count="7" type="stmt"/>
        <line num="96" count="72" type="stmt"/>
        <line num="97" count="72" type="stmt"/>
        <line num="100" count="72" type="stmt"/>
        <line num="109" count="75" type="cond" truecount="2" falsecount="0"/>
        <line num="118" count="77" type="stmt"/>
        <line num="121" count="77" type="cond" truecount="2" falsecount="0"/>
        <line num="123" count="77" type="cond" truecount="2" falsecount="0"/>
        <line num="125" count="20" type="cond" truecount="2" falsecount="0"/>
        <line num="126" count="3" type="stmt"/>
        <line num="127" count="3" type="cond" truecount="1" falsecount="1"/>
        <line num="130" count="3" type="stmt"/>
        <line num="131" count="3" type="stmt"/>
        <line num="132" count="3" type="stmt"/>
        <line num="133" count="3" type="cond" truecount="2" falsecount="0"/>
        <line num="134" count="2" type="stmt"/>
        <line num="137" count="17" type="cond" truecount="1" falsecount="1"/>
        <line num="141" count="57" type="cond" truecount="2" falsecount="0"/>
        <line num="145" count="77" type="cond" truecount="4" falsecount="0"/>
        <line num="146" count="7" type="stmt"/>
        <line num="147" count="7" type="stmt"/>
        <line num="149" count="14" type="cond" truecount="2" falsecount="0"/>
        <line num="151" count="2" type="stmt"/>
        <line num="154" count="12" type="cond" truecount="2" falsecount="0"/>
        <line num="159" count="77" type="stmt"/>
        <line num="163" count="7" type="stmt"/>
      </file>
      <file name="client-registry.js" path="D:\Workspace\Repos\jamaynor\mcps\dj-config-mcp\lib\distribution\client-registry.js">
        <metrics statements="79" coveredstatements="78" conditionals="44" coveredconditionals="34" methods="14" coveredmethods="14"/>
        <line num="14" count="12" type="stmt"/>
        <line num="15" count="12" type="stmt"/>
        <line num="16" count="12" type="stmt"/>
        <line num="17" count="12" type="stmt"/>
        <line num="18" count="12" type="stmt"/>
        <line num="29" count="51" type="stmt"/>
        <line num="30" count="51" type="stmt"/>
        <line num="32" count="51" type="stmt"/>
        <line num="36" count="52" type="stmt"/>
        <line num="37" count="52" type="stmt"/>
        <line num="50" count="155" type="cond" truecount="2" falsecount="0"/>
        <line num="51" count="4" type="stmt"/>
        <line num="53" count="4" type="stmt"/>
        <line num="54" count="3" type="stmt"/>
        <line num="57" count="3" type="cond" truecount="4" falsecount="0"/>
        <line num="59" count="1" type="stmt"/>
        <line num="60" count="1" type="stmt"/>
        <line num="64" count="1" type="stmt"/>
        <line num="66" count="1" type="stmt"/>
        <line num="67" count="1" type="stmt"/>
        <line num="73" count="155" type="cond" truecount="1" falsecount="1"/>
        <line num="82" count="4" type="stmt"/>
        <line num="84" count="4" type="stmt"/>
        <line num="85" count="4" type="stmt"/>
        <line num="86" count="4" type="stmt"/>
        <line num="87" count="3" type="stmt"/>
        <line num="89" count="3" type="stmt"/>
        <line num="94" count="1" type="stmt"/>
        <line num="150" count="133" type="stmt"/>
        <line num="151" count="133" type="cond" truecount="2" falsecount="0"/>
        <line num="152" count="133" type="stmt"/>
        <line num="154" count="133" type="cond" truecount="2" falsecount="0"/>
        <line num="155" count="1" type="stmt"/>
        <line num="161" count="132" type="stmt"/>
        <line num="162" count="132" type="stmt"/>
        <line num="164" count="132" type="cond" truecount="2" falsecount="0"/>
        <line num="165" count="1" type="stmt"/>
        <line num="173" count="131" type="stmt"/>
        <line num="185" count="3" type="stmt"/>
        <line num="186" count="3" type="cond" truecount="1" falsecount="1"/>
        <line num="187" count="3" type="stmt"/>
        <line num="189" count="3" type="cond" truecount="2" falsecount="0"/>
        <line num="190" count="1" type="stmt"/>
        <line num="196" count="2" type="cond" truecount="2" falsecount="0"/>
        <line num="197" count="1" type="stmt"/>
        <line num="204" count="1" type="stmt"/>
        <line num="205" count="1" type="stmt"/>
        <line num="207" count="1" type="cond" truecount="1" falsecount="1"/>
        <line num="208" count="0" type="stmt"/>
        <line num="216" count="1" type="stmt"/>
        <line num="227" count="129" type="stmt"/>
        <line num="237" count="6" type="stmt"/>
        <line num="238" count="6" type="cond" truecount="1" falsecount="1"/>
        <line num="239" count="6" type="cond" truecount="1" falsecount="1"/>
        <line num="255" count="135" type="stmt"/>
        <line num="256" count="135" type="cond" truecount="1" falsecount="1"/>
        <line num="257" count="135" type="stmt"/>
        <line num="261" count="135" type="stmt"/>
        <line num="262" count="135" type="stmt"/>
        <line num="274" count="3" type="stmt"/>
        <line num="275" count="3" type="stmt"/>
        <line num="278" count="3" type="cond" truecount="2" falsecount="0"/>
        <line num="279" count="2" type="stmt"/>
        <line num="280" count="6" type="stmt"/>
        <line num="288" count="3" type="stmt"/>
        <line num="296" count="1" type="stmt"/>
        <line num="304" count="3" type="stmt"/>
        <line num="305" count="3" type="cond" truecount="2" falsecount="0"/>
        <line num="320" count="3" type="stmt"/>
        <line num="321" count="3" type="cond" truecount="2" falsecount="0"/>
        <line num="323" count="3" type="cond" truecount="2" falsecount="0"/>
        <line num="324" count="1" type="stmt"/>
        <line num="327" count="3" type="stmt"/>
        <line num="328" count="3" type="stmt"/>
        <line num="338" count="5" type="cond" truecount="2" falsecount="0"/>
        <line num="340" count="4" type="stmt"/>
        <line num="343" count="4" type="stmt"/>
        <line num="345" count="4" type="stmt"/>
        <line num="350" count="12" type="stmt"/>
      </file>
      <file name="distributor.js" path="D:\Workspace\Repos\jamaynor\mcps\dj-config-mcp\lib\distribution\distributor.js">
        <metrics statements="55" coveredstatements="55" conditionals="17" coveredconditionals="16" methods="8" coveredmethods="8"/>
        <line num="6" count="6" type="stmt"/>
        <line num="7" count="6" type="stmt"/>
        <line num="8" count="6" type="stmt"/>
        <line num="9" count="6" type="stmt"/>
        <line num="10" count="6" type="stmt"/>
        <line num="11" count="6" type="stmt"/>
        <line num="15" count="21" type="cond" truecount="2" falsecount="0"/>
        <line num="16" count="21" type="stmt"/>
        <line num="17" count="21" type="stmt"/>
        <line num="25" count="30" type="cond" truecount="2" falsecount="0"/>
        <line num="27" count="12" type="stmt"/>
        <line num="29" count="12" type="stmt"/>
        <line num="30" count="26" type="stmt"/>
        <line num="33" count="12" type="stmt"/>
        <line num="41" count="20" type="stmt"/>
        <line num="42" count="20" type="stmt"/>
        <line num="43" count="20" type="stmt"/>
        <line num="45" count="20" type="stmt"/>
        <line num="46" count="72" type="stmt"/>
        <line num="47" count="72" type="cond" truecount="2" falsecount="0"/>
        <line num="48" count="71" type="stmt"/>
        <line num="51" count="3" type="stmt"/>
        <line num="55" count="20" type="cond" truecount="2" falsecount="0"/>
        <line num="56" count="2" type="stmt"/>
        <line num="58" count="3" type="stmt"/>
        <line num="71" count="5" type="stmt"/>
        <line num="72" count="5" type="stmt"/>
        <line num="73" count="5" type="stmt"/>
        <line num="74" count="5" type="stmt"/>
        <line num="76" count="5" type="stmt"/>
        <line num="77" count="8" type="stmt"/>
        <line num="78" count="8" type="cond" truecount="2" falsecount="0"/>
        <line num="79" count="4" type="stmt"/>
        <line num="80" count="4" type="stmt"/>
        <line num="83" count="4" type="stmt"/>
        <line num="84" count="4" type="stmt"/>
        <line num="86" count="2" type="stmt"/>
        <line num="90" count="5" type="cond" truecount="2" falsecount="0"/>
        <line num="91" count="3" type="stmt"/>
        <line num="97" count="2" type="cond" truecount="2" falsecount="0"/>
        <line num="98" count="1" type="stmt"/>
        <line num="100" count="1" type="stmt"/>
        <line num="112" count="20" type="stmt"/>
        <line num="113" count="20" type="stmt"/>
        <line num="116" count="20" type="stmt"/>
        <line num="117" count="20" type="stmt"/>
        <line num="118" count="20" type="stmt"/>
        <line num="119" count="20" type="stmt"/>
        <line num="120" count="3" type="stmt"/>
        <line num="121" count="2" type="cond" truecount="1" falsecount="1"/>
        <line num="128" count="20" type="stmt"/>
        <line num="129" count="20" type="stmt"/>
        <line num="131" count="20" type="stmt"/>
        <line num="143" count="1" type="stmt"/>
        <line num="147" count="6" type="stmt"/>
      </file>
    </package>
    <package name="dj-config-mcp.lib.errors">
      <metrics statements="25" coveredstatements="25" conditionals="8" coveredconditionals="8" methods="9" coveredmethods="9"/>
      <file name="index.js" path="D:\Workspace\Repos\jamaynor\mcps\dj-config-mcp\lib\errors\index.js">
        <metrics statements="25" coveredstatements="25" conditionals="8" coveredconditionals="8" methods="9" coveredmethods="9"/>
        <line num="29" count="40" type="stmt"/>
        <line num="30" count="40" type="stmt"/>
        <line num="31" count="40" type="stmt"/>
        <line num="32" count="40" type="stmt"/>
        <line num="33" count="40" type="stmt"/>
        <line num="37" count="1" type="stmt"/>
        <line num="59" count="8" type="stmt"/>
        <line num="60" count="8" type="stmt"/>
        <line num="77" count="4" type="stmt"/>
        <line num="78" count="4" type="stmt"/>
        <line num="96" count="7" type="stmt"/>
        <line num="97" count="7" type="stmt"/>
        <line num="98" count="7" type="stmt"/>
        <line num="115" count="4" type="stmt"/>
        <line num="116" count="4" type="stmt"/>
        <line num="134" count="3" type="stmt"/>
        <line num="135" count="3" type="stmt"/>
        <line num="136" count="3" type="stmt"/>
        <line num="154" count="3" type="stmt"/>
        <line num="155" count="3" type="stmt"/>
        <line num="156" count="3" type="stmt"/>
        <line num="174" count="6" type="stmt"/>
        <line num="175" count="6" type="stmt"/>
        <line num="176" count="6" type="stmt"/>
        <line num="180" count="21" type="stmt"/>
      </file>
    </package>
    <package name="dj-config-mcp.lib.security">
      <metrics statements="18" coveredstatements="18" conditionals="11" coveredconditionals="11" methods="5" coveredmethods="5"/>
      <file name="detector.js" path="D:\Workspace\Repos\jamaynor\mcps\dj-config-mcp\lib\security\detector.js">
        <metrics statements="18" coveredstatements="18" conditionals="11" coveredconditionals="11" methods="5" coveredmethods="5"/>
        <line num="6" count="6" type="stmt"/>
        <line num="10" count="19" type="cond" truecount="2" falsecount="0"/>
        <line num="11" count="19" type="stmt"/>
        <line num="19" count="81" type="cond" truecount="2" falsecount="0"/>
        <line num="20" count="13" type="stmt"/>
        <line num="21" count="13" type="stmt"/>
        <line num="22" count="12" type="cond" truecount="4" falsecount="0"/>
        <line num="23" count="3" type="stmt"/>
        <line num="27" count="1" type="stmt"/>
        <line num="30" count="81" type="stmt"/>
        <line num="38" count="5" type="stmt"/>
        <line num="39" count="5" type="stmt"/>
        <line num="48" count="77" type="cond" truecount="2" falsecount="0"/>
        <line num="49" count="3" type="stmt"/>
        <line num="51" count="74" type="stmt"/>
        <line num="52" count="74" type="stmt"/>
        <line num="53" count="302" type="stmt"/>
        <line num="57" count="6" type="stmt"/>
      </file>
    </package>
    <package name="dj-config-mcp.lib.storage">
      <metrics statements="182" coveredstatements="179" conditionals="96" coveredconditionals="86" methods="37" coveredmethods="37"/>
      <file name="env-storage.js" path="D:\Workspace\Repos\jamaynor\mcps\dj-config-mcp\lib\storage\env-storage.js">
        <metrics statements="71" coveredstatements="69" conditionals="27" coveredconditionals="22" methods="17" coveredmethods="17"/>
        <line num="6" count="9" type="stmt"/>
        <line num="7" count="9" type="stmt"/>
        <line num="8" count="9" type="stmt"/>
        <line num="9" count="9" type="stmt"/>
        <line num="10" count="9" type="stmt"/>
        <line num="14" count="62" type="stmt"/>
        <line num="22" count="6" type="stmt"/>
        <line num="31" count="103" type="cond" truecount="2" falsecount="0"/>
        <line num="33" count="103" type="cond" truecount="2" falsecount="0"/>
        <line num="35" count="6" type="stmt"/>
        <line num="36" count="6" type="stmt"/>
        <line num="39" count="97" type="stmt"/>
        <line num="49" count="78" type="stmt"/>
        <line num="50" count="78" type="stmt"/>
        <line num="52" count="51" type="cond" truecount="2" falsecount="0"/>
        <line num="53" count="50" type="stmt"/>
        <line num="55" count="1" type="stmt"/>
        <line num="71" count="24" type="stmt"/>
        <line num="73" count="24" type="stmt"/>
        <line num="75" count="24" type="stmt"/>
        <line num="78" count="24" type="stmt"/>
        <line num="81" count="23" type="cond" truecount="1" falsecount="1"/>
        <line num="82" count="0" type="stmt"/>
        <line num="85" count="1" type="stmt"/>
        <line num="100" count="79" type="stmt"/>
        <line num="109" count="24" type="stmt"/>
        <line num="115" count="24" type="stmt"/>
        <line num="117" count="29" type="stmt"/>
        <line num="118" count="29" type="stmt"/>
        <line num="121" count="24" type="stmt"/>
        <line num="130" count="29" type="cond" truecount="2" falsecount="0"/>
        <line num="131" count="2" type="stmt"/>
        <line num="135" count="29" type="cond" truecount="6" falsecount="0"/>
        <line num="137" count="2" type="stmt"/>
        <line num="140" count="27" type="stmt"/>
        <line num="150" count="51" type="stmt"/>
        <line num="160" count="8" type="stmt"/>
        <line num="171" count="17" type="stmt"/>
        <line num="174" count="17" type="stmt"/>
        <line num="177" count="17" type="stmt"/>
        <line num="178" count="17" type="stmt"/>
        <line num="181" count="17" type="stmt"/>
        <line num="184" count="17" type="stmt"/>
        <line num="185" count="17" type="stmt"/>
        <line num="195" count="26" type="stmt"/>
        <line num="196" count="26" type="stmt"/>
        <line num="199" count="26" type="cond" truecount="1" falsecount="1"/>
        <line num="200" count="0" type="stmt"/>
        <line num="204" count="26" type="stmt"/>
        <line num="205" count="26" type="stmt"/>
        <line num="207" count="26" type="stmt"/>
        <line num="217" count="3" type="stmt"/>
        <line num="218" count="3" type="stmt"/>
        <line num="221" count="3" type="stmt"/>
        <line num="222" count="3" type="stmt"/>
        <line num="225" count="3" type="stmt"/>
        <line num="228" count="3" type="stmt"/>
        <line num="229" count="3" type="stmt"/>
        <line num="238" count="4" type="stmt"/>
        <line num="239" count="4" type="stmt"/>
        <line num="240" count="4" type="stmt"/>
        <line num="243" count="5" type="stmt"/>
        <line num="252" count="20" type="stmt"/>
        <line num="253" count="20" type="stmt"/>
        <line num="254" count="20" type="stmt"/>
        <line num="263" count="5" type="stmt"/>
        <line num="264" count="5" type="stmt"/>
        <line num="266" count="5" type="cond" truecount="2" falsecount="0"/>
        <line num="267" count="3" type="stmt"/>
        <line num="268" count="3" type="stmt"/>
        <line num="273" count="9" type="stmt"/>
      </file>
      <file name="gitignore.js" path="D:\Workspace\Repos\jamaynor\mcps\dj-config-mcp\lib\storage\gitignore.js">
        <metrics statements="30" coveredstatements="29" conditionals="18" coveredconditionals="17" methods="5" coveredmethods="5"/>
        <line num="6" count="9" type="stmt"/>
        <line num="7" count="9" type="stmt"/>
        <line num="11" count="34" type="stmt"/>
        <line num="12" count="34" type="stmt"/>
        <line num="20" count="22" type="cond" truecount="2" falsecount="0"/>
        <line num="21" count="22" type="stmt"/>
        <line num="31" count="21" type="cond" truecount="2" falsecount="0"/>
        <line num="33" count="20" type="stmt"/>
        <line num="35" count="20" type="stmt"/>
        <line num="37" count="20" type="stmt"/>
        <line num="38" count="20" type="stmt"/>
        <line num="39" count="20" type="stmt"/>
        <line num="41" count="12" type="cond" truecount="1" falsecount="1"/>
        <line num="42" count="0" type="stmt"/>
        <line num="48" count="20" type="stmt"/>
        <line num="49" count="20" type="stmt"/>
        <line num="56" count="20" type="stmt"/>
        <line num="57" count="27" type="stmt"/>
        <line num="58" count="74" type="cond" truecount="2" falsecount="0"/>
        <line num="61" count="20" type="cond" truecount="2" falsecount="0"/>
        <line num="63" count="15" type="stmt"/>
        <line num="66" count="15" type="cond" truecount="4" falsecount="0"/>
        <line num="67" count="1" type="stmt"/>
        <line num="71" count="15" type="cond" truecount="2" falsecount="0"/>
        <line num="72" count="3" type="stmt"/>
        <line num="74" count="15" type="stmt"/>
        <line num="75" count="15" type="stmt"/>
        <line num="76" count="15" type="stmt"/>
        <line num="79" count="15" type="stmt"/>
        <line num="92" count="9" type="stmt"/>
      </file>
      <file name="json-storage.js" path="D:\Workspace\Repos\jamaynor\mcps\dj-config-mcp\lib\storage\json-storage.js">
        <metrics statements="71" coveredstatements="71" conditionals="48" coveredconditionals="44" methods="14" coveredmethods="14"/>
        <line num="6" count="9" type="stmt"/>
        <line num="7" count="9" type="stmt"/>
        <line num="8" count="9" type="stmt"/>
        <line num="9" count="9" type="stmt"/>
        <line num="13" count="57" type="stmt"/>
        <line num="21" count="7" type="stmt"/>
        <line num="30" count="84" type="cond" truecount="2" falsecount="0"/>
        <line num="32" count="84" type="cond" truecount="2" falsecount="0"/>
        <line num="34" count="6" type="stmt"/>
        <line num="35" count="6" type="stmt"/>
        <line num="38" count="78" type="stmt"/>
        <line num="48" count="61" type="stmt"/>
        <line num="49" count="61" type="stmt"/>
        <line num="50" count="29" type="stmt"/>
        <line num="52" count="33" type="cond" truecount="2" falsecount="0"/>
        <line num="53" count="31" type="stmt"/>
        <line num="55" count="2" type="cond" truecount="2" falsecount="0"/>
        <line num="56" count="1" type="stmt"/>
        <line num="63" count="1" type="stmt"/>
        <line num="79" count="18" type="stmt"/>
        <line num="81" count="18" type="stmt"/>
        <line num="83" count="18" type="stmt"/>
        <line num="86" count="18" type="stmt"/>
        <line num="88" count="1" type="stmt"/>
        <line num="105" count="10" type="stmt"/>
        <line num="106" count="10" type="cond" truecount="2" falsecount="0"/>
        <line num="109" count="10" type="stmt"/>
        <line num="111" count="10" type="stmt"/>
        <line num="121" count="19" type="stmt"/>
        <line num="122" count="19" type="cond" truecount="2" falsecount="0"/>
        <line num="124" count="19" type="stmt"/>
        <line num="134" count="6" type="stmt"/>
        <line num="135" count="6" type="stmt"/>
        <line num="137" count="6" type="cond" truecount="2" falsecount="0"/>
        <line num="139" count="5" type="stmt"/>
        <line num="141" count="5" type="stmt"/>
        <line num="150" count="4" type="stmt"/>
        <line num="151" count="4" type="cond" truecount="2" falsecount="0"/>
        <line num="153" count="4" type="stmt"/>
        <line num="162" count="18" type="stmt"/>
        <line num="163" count="18" type="cond" truecount="2" falsecount="0"/>
        <line num="173" count="12" type="stmt"/>
        <line num="174" count="12" type="stmt"/>
        <line num="176" count="12" type="stmt"/>
        <line num="177" count="14" type="cond" truecount="4" falsecount="0"/>
        <line num="178" count="13" type="stmt"/>
        <line num="180" count="14" type="stmt"/>
        <line num="183" count="12" type="stmt"/>
        <line num="193" count="23" type="stmt"/>
        <line num="194" count="23" type="stmt"/>
        <line num="196" count="23" type="stmt"/>
        <line num="197" count="41" type="cond" truecount="5" falsecount="0"/>
        <line num="198" count="32" type="stmt"/>
        <line num="200" count="9" type="stmt"/>
        <line num="204" count="14" type="stmt"/>
        <line num="213" count="7" type="stmt"/>
        <line num="214" count="7" type="stmt"/>
        <line num="216" count="7" type="stmt"/>
        <line num="217" count="6" type="cond" truecount="4" falsecount="0"/>
        <line num="218" count="1" type="stmt"/>
        <line num="220" count="5" type="stmt"/>
        <line num="223" count="6" type="stmt"/>
        <line num="233" count="11" type="stmt"/>
        <line num="235" count="11" type="stmt"/>
        <line num="236" count="16" type="cond" truecount="1" falsecount="1"/>
        <line num="237" count="16" type="cond" truecount="2" falsecount="0"/>
        <line num="239" count="16" type="cond" truecount="5" falsecount="0"/>
        <line num="240" count="6" type="stmt"/>
        <line num="242" count="10" type="stmt"/>
        <line num="247" count="11" type="stmt"/>
        <line num="251" count="9" type="stmt"/>
      </file>
      <file name="storage-manager.js" path="D:\Workspace\Repos\jamaynor\mcps\dj-config-mcp\lib\storage\storage-manager.js">
        <metrics statements="10" coveredstatements="10" conditionals="3" coveredconditionals="3" methods="1" coveredmethods="1"/>
        <line num="6" count="8" type="stmt"/>
        <line num="7" count="8" type="stmt"/>
        <line num="8" count="8" type="stmt"/>
        <line num="9" count="8" type="stmt"/>
        <line num="13" count="22" type="cond" truecount="2" falsecount="0"/>
        <line num="16" count="22" type="stmt"/>
        <line num="18" count="22" type="stmt"/>
        <line num="19" count="22" type="stmt"/>
        <line num="20" count="22" type="stmt"/>
        <line num="24" count="8" type="stmt"/>
      </file>
    </package>
    <package name="dj-config-mcp.lib.utils">
      <metrics statements="53" coveredstatements="51" conditionals="46" coveredconditionals="41" methods="9" coveredmethods="9"/>
      <file name="path-utils.js" path="D:\Workspace\Repos\jamaynor\mcps\dj-config-mcp\lib\utils\path-utils.js">
        <metrics statements="53" coveredstatements="51" conditionals="46" coveredconditionals="41" methods="9" coveredmethods="9"/>
        <line num="16" count="11" type="stmt"/>
        <line num="17" count="11" type="stmt"/>
        <line num="18" count="11" type="stmt"/>
        <line num="41" count="392" type="cond" truecount="2" falsecount="0"/>
        <line num="44" count="390" type="stmt"/>
        <line num="47" count="390" type="cond" truecount="1" falsecount="1"/>
        <line num="49" count="390" type="stmt"/>
        <line num="52" count="390" type="stmt"/>
        <line num="67" count="526" type="cond" truecount="2" falsecount="0"/>
        <line num="68" count="160" type="cond" truecount="2" falsecount="0"/>
        <line num="71" count="158" type="stmt"/>
        <line num="72" count="158" type="stmt"/>
        <line num="87" count="135" type="cond" truecount="2" falsecount="0"/>
        <line num="89" count="133" type="stmt"/>
        <line num="91" count="134" type="cond" truecount="2" falsecount="0"/>
        <line num="92" count="1" type="stmt"/>
        <line num="96" count="133" type="stmt"/>
        <line num="97" count="133" type="cond" truecount="2" falsecount="0"/>
        <line num="98" count="131" type="stmt"/>
        <line num="102" count="2" type="cond" truecount="4" falsecount="0"/>
        <line num="104" count="1" type="stmt"/>
        <line num="105" count="1" type="cond" truecount="1" falsecount="1"/>
        <line num="109" count="1" type="stmt"/>
        <line num="127" count="33" type="cond" truecount="3" falsecount="0"/>
        <line num="129" count="29" type="stmt"/>
        <line num="130" count="29" type="cond" truecount="2" falsecount="0"/>
        <line num="131" count="1" type="stmt"/>
        <line num="136" count="28" type="stmt"/>
        <line num="140" count="1" type="cond" truecount="1" falsecount="1"/>
        <line num="141" count="1" type="cond" truecount="1" falsecount="1"/>
        <line num="142" count="0" type="stmt"/>
        <line num="147" count="1" type="stmt"/>
        <line num="152" count="3" type="cond" truecount="2" falsecount="0"/>
        <line num="153" count="3" type="cond" truecount="1" falsecount="1"/>
        <line num="154" count="0" type="stmt"/>
        <line num="160" count="3" type="stmt"/>
        <line num="161" count="3" type="cond" truecount="2" falsecount="0"/>
        <line num="162" count="1" type="stmt"/>
        <line num="164" count="2" type="stmt"/>
        <line num="181" count="21" type="cond" truecount="2" falsecount="0"/>
        <line num="183" count="20" type="cond" truecount="2" falsecount="0"/>
        <line num="184" count="1" type="stmt"/>
        <line num="187" count="19" type="stmt"/>
        <line num="201" count="68" type="cond" truecount="3" falsecount="0"/>
        <line num="202" count="68" type="cond" truecount="2" falsecount="0"/>
        <line num="203" count="1" type="stmt"/>
        <line num="208" count="67" type="stmt"/>
        <line num="226" count="7" type="stmt"/>
        <line num="227" count="7" type="stmt"/>
        <line num="230" count="7" type="stmt"/>
        <line num="231" count="7" type="stmt"/>
        <line num="234" count="7" type="stmt"/>
        <line num="238" count="11" type="stmt"/>
      </file>
    </package>
  </project>
</coverage>
