{"D:\\Workspace\\Repos\\jamaynor\\mcps\\dj-config-mcp\\index.js": {"path":"D:\\Workspace\\Repos\\jamaynor\\mcps\\dj-config-mcp\\index.js","statementMap":{"0":{"start":{"line":6,"column":29},"end":{"line":6,"column":60}},"1":{"start":{"line":7,"column":15},"end":{"line":7,"column":32}},"2":{"start":{"line":10,"column":22},"end":{"line":10,"column":48}},"3":{"start":{"line":14,"column":2},"end":{"line":18,"column":3}},"4":{"start":{"line":15,"column":4},"end":{"line":15,"column":42}},"5":{"start":{"line":22,"column":0},"end":{"line":22,"column":13}},"6":{"start":{"line":24,"column":0},"end":{"line":79,"column":2}},"7":{"start":{"line":32,"column":26},"end":{"line":32,"column":58}},"8":{"start":{"line":33,"column":4},"end":{"line":33,"column":55}},"9":{"start":{"line":45,"column":29},"end":{"line":45,"column":65}},"10":{"start":{"line":46,"column":4},"end":{"line":46,"column":70}},"11":{"start":{"line":55,"column":29},"end":{"line":55,"column":65}},"12":{"start":{"line":56,"column":4},"end":{"line":56,"column":54}},"13":{"start":{"line":67,"column":32},"end":{"line":67,"column":71}},"14":{"start":{"line":68,"column":4},"end":{"line":68,"column":66}},"15":{"start":{"line":76,"column":33},"end":{"line":76,"column":74}},"16":{"start":{"line":77,"column":4},"end":{"line":77,"column":53}}},"fnMap":{"0":{"name":"initialize","decl":{"start":{"line":13,"column":15},"end":{"line":13,"column":25}},"loc":{"start":{"line":13,"column":28},"end":{"line":19,"column":1}},"line":13},"1":{"name":"(anonymous_1)","decl":{"start":{"line":31,"column":10},"end":{"line":31,"column":11}},"loc":{"start":{"line":31,"column":34},"end":{"line":34,"column":3}},"line":31},"2":{"name":"(anonymous_2)","decl":{"start":{"line":44,"column":13},"end":{"line":44,"column":14}},"loc":{"start":{"line":44,"column":49},"end":{"line":47,"column":3}},"line":44},"3":{"name":"(anonymous_3)","decl":{"start":{"line":54,"column":13},"end":{"line":54,"column":14}},"loc":{"start":{"line":54,"column":28},"end":{"line":57,"column":3}},"line":54},"4":{"name":"(anonymous_4)","decl":{"start":{"line":66,"column":16},"end":{"line":66,"column":17}},"loc":{"start":{"line":66,"column":45},"end":{"line":69,"column":3}},"line":66},"5":{"name":"(anonymous_5)","decl":{"start":{"line":75,"column":11},"end":{"line":75,"column":12}},"loc":{"start":{"line":75,"column":23},"end":{"line":78,"column":3}},"line":75}},"branchMap":{"0":{"loc":{"start":{"line":31,"column":17},"end":{"line":31,"column":29}},"type":"default-arg","locations":[{"start":{"line":31,"column":27},"end":{"line":31,"column":29}}],"line":31},"1":{"loc":{"start":{"line":44,"column":32},"end":{"line":44,"column":44}},"type":"default-arg","locations":[{"start":{"line":44,"column":42},"end":{"line":44,"column":44}}],"line":44},"2":{"loc":{"start":{"line":66,"column":28},"end":{"line":66,"column":40}},"type":"default-arg","locations":[{"start":{"line":66,"column":38},"end":{"line":66,"column":40}}],"line":66}},"s":{"0":1,"1":1,"2":1,"3":1,"4":1,"5":1,"6":1,"7":0,"8":0,"9":13,"10":13,"11":5,"12":5,"13":1,"14":1,"15":1,"16":1},"f":{"0":1,"1":0,"2":13,"3":5,"4":1,"5":1},"b":{"0":[0],"1":[12],"2":[1]},"_coverageSchema":"1a1c01bbd47fc00a2c39e90264f33305004495a9","hash":"21e6bcab438a878510c4b87874129ab417b0bc4f"}
,"D:\\Workspace\\Repos\\jamaynor\\mcps\\dj-config-mcp\\lib\\commands\\config-delete.js": {"path":"D:\\Workspace\\Repos\\jamaynor\\mcps\\dj-config-mcp\\lib\\commands\\config-delete.js","statementMap":{"0":{"start":{"line":14,"column":2},"end":{"line":16,"column":3}},"1":{"start":{"line":15,"column":4},"end":{"line":15,"column":53}},"2":{"start":{"line":19,"column":19},"end":{"line":19,"column":53}},"3":{"start":{"line":21,"column":2},"end":{"line":24,"column":3}},"4":{"start":{"line":22,"column":4},"end":{"line":22,"column":55}},"5":{"start":{"line":23,"column":4},"end":{"line":23,"column":11}},"6":{"start":{"line":27,"column":2},"end":{"line":27,"column":49}},"7":{"start":{"line":29,"column":2},"end":{"line":29,"column":47}},"8":{"start":{"line":30,"column":2},"end":{"line":30,"column":51}},"9":{"start":{"line":33,"column":0},"end":{"line":33,"column":37}}},"fnMap":{"0":{"name":"configDeleteCommand","decl":{"start":{"line":13,"column":15},"end":{"line":13,"column":34}},"loc":{"start":{"line":13,"column":69},"end":{"line":31,"column":1}},"line":13}},"branchMap":{"0":{"loc":{"start":{"line":13,"column":55},"end":{"line":13,"column":67}},"type":"default-arg","locations":[{"start":{"line":13,"column":65},"end":{"line":13,"column":67}}],"line":13},"1":{"loc":{"start":{"line":14,"column":2},"end":{"line":16,"column":3}},"type":"if","locations":[{"start":{"line":14,"column":2},"end":{"line":16,"column":3}},{"start":{},"end":{}}],"line":14},"2":{"loc":{"start":{"line":21,"column":2},"end":{"line":24,"column":3}},"type":"if","locations":[{"start":{"line":21,"column":2},"end":{"line":24,"column":3}},{"start":{},"end":{}}],"line":21}},"s":{"0":1,"1":0,"2":1,"3":1,"4":0,"5":0,"6":1,"7":1,"8":1,"9":1},"f":{"0":1},"b":{"0":[0],"1":[0,1],"2":[0,1]},"_coverageSchema":"1a1c01bbd47fc00a2c39e90264f33305004495a9","hash":"b1b5023ee95c02eb127856b12990a0886ec070b6"}
,"D:\\Workspace\\Repos\\jamaynor\\mcps\\dj-config-mcp\\lib\\commands\\config-get.js": {"path":"D:\\Workspace\\Repos\\jamaynor\\mcps\\dj-config-mcp\\lib\\commands\\config-get.js","statementMap":{"0":{"start":{"line":13,"column":2},"end":{"line":64,"column":3}},"1":{"start":{"line":15,"column":19},"end":{"line":15,"column":53}},"2":{"start":{"line":17,"column":4},"end":{"line":20,"column":5}},"3":{"start":{"line":18,"column":6},"end":{"line":18,"column":57}},"4":{"start":{"line":19,"column":6},"end":{"line":19,"column":18}},"5":{"start":{"line":23,"column":4},"end":{"line":23,"column":38}},"6":{"start":{"line":24,"column":4},"end":{"line":24,"column":42}},"7":{"start":{"line":25,"column":4},"end":{"line":25,"column":44}},"8":{"start":{"line":26,"column":4},"end":{"line":26,"column":40}},"9":{"start":{"line":28,"column":4},"end":{"line":28,"column":18}},"10":{"start":{"line":31,"column":20},"end":{"line":31,"column":54}},"11":{"start":{"line":33,"column":4},"end":{"line":36,"column":5}},"12":{"start":{"line":34,"column":6},"end":{"line":34,"column":45}},"13":{"start":{"line":35,"column":6},"end":{"line":35,"column":16}},"14":{"start":{"line":38,"column":4},"end":{"line":38,"column":39}},"15":{"start":{"line":39,"column":4},"end":{"line":39,"column":38}},"16":{"start":{"line":42,"column":20},"end":{"line":48,"column":10}},"17":{"start":{"line":43,"column":6},"end":{"line":45,"column":7}},"18":{"start":{"line":44,"column":8},"end":{"line":44,"column":30}},"19":{"start":{"line":46,"column":6},"end":{"line":46,"column":34}},"20":{"start":{"line":47,"column":6},"end":{"line":47,"column":17}},"21":{"start":{"line":51,"column":4},"end":{"line":61,"column":5}},"22":{"start":{"line":52,"column":6},"end":{"line":52,"column":34}},"23":{"start":{"line":53,"column":6},"end":{"line":60,"column":7}},"24":{"start":{"line":54,"column":29},"end":{"line":58,"column":39}},"25":{"start":{"line":59,"column":8},"end":{"line":59,"column":55}},"26":{"start":{"line":63,"column":4},"end":{"line":63,"column":19}},"27":{"start":{"line":67,"column":0},"end":{"line":67,"column":34}}},"fnMap":{"0":{"name":"configGetCommand","decl":{"start":{"line":12,"column":15},"end":{"line":12,"column":31}},"loc":{"start":{"line":12,"column":52},"end":{"line":65,"column":1}},"line":12},"1":{"name":"(anonymous_1)","decl":{"start":{"line":42,"column":35},"end":{"line":42,"column":36}},"loc":{"start":{"line":42,"column":50},"end":{"line":48,"column":5}},"line":42}},"branchMap":{"0":{"loc":{"start":{"line":13,"column":2},"end":{"line":64,"column":3}},"type":"if","locations":[{"start":{"line":13,"column":2},"end":{"line":64,"column":3}},{"start":{"line":29,"column":9},"end":{"line":64,"column":3}}],"line":13},"1":{"loc":{"start":{"line":17,"column":4},"end":{"line":20,"column":5}},"type":"if","locations":[{"start":{"line":17,"column":4},"end":{"line":20,"column":5}},{"start":{},"end":{}}],"line":17},"2":{"loc":{"start":{"line":33,"column":4},"end":{"line":36,"column":5}},"type":"if","locations":[{"start":{"line":33,"column":4},"end":{"line":36,"column":5}},{"start":{},"end":{}}],"line":33},"3":{"loc":{"start":{"line":43,"column":6},"end":{"line":45,"column":7}},"type":"if","locations":[{"start":{"line":43,"column":6},"end":{"line":45,"column":7}},{"start":{},"end":{}}],"line":43},"4":{"loc":{"start":{"line":54,"column":29},"end":{"line":58,"column":39}},"type":"cond-expr","locations":[{"start":{"line":57,"column":29},"end":{"line":57,"column":35}},{"start":{"line":58,"column":29},"end":{"line":58,"column":39}}],"line":54},"5":{"loc":{"start":{"line":54,"column":29},"end":{"line":56,"column":65}},"type":"binary-expr","locations":[{"start":{"line":54,"column":29},"end":{"line":54,"column":72}},{"start":{"line":55,"column":27},"end":{"line":55,"column":68}},{"start":{"line":56,"column":27},"end":{"line":56,"column":65}}],"line":54}},"s":{"0":5,"1":4,"2":4,"3":2,"4":2,"5":2,"6":2,"7":2,"8":2,"9":2,"10":1,"11":1,"12":0,"13":0,"14":1,"15":1,"16":1,"17":2,"18":1,"19":2,"20":2,"21":1,"22":1,"23":1,"24":2,"25":2,"26":1,"27":1},"f":{"0":5,"1":2},"b":{"0":[4,1],"1":[2,2],"2":[0,1],"3":[1,1],"4":[2,0],"5":[2,2,2]},"_coverageSchema":"1a1c01bbd47fc00a2c39e90264f33305004495a9","hash":"64b3a294d9c9c0e177713848ca63d3aac6839a1c"}
,"D:\\Workspace\\Repos\\jamaynor\\mcps\\dj-config-mcp\\lib\\commands\\config-load-env.js": {"path":"D:\\Workspace\\Repos\\jamaynor\\mcps\\dj-config-mcp\\lib\\commands\\config-load-env.js","statementMap":{"0":{"start":{"line":12,"column":2},"end":{"line":12,"column":66}},"1":{"start":{"line":14,"column":2},"end":{"line":41,"column":3}},"2":{"start":{"line":15,"column":4},"end":{"line":15,"column":42}},"3":{"start":{"line":18,"column":20},"end":{"line":18,"column":41}},"4":{"start":{"line":19,"column":21},"end":{"line":19,"column":52}},"5":{"start":{"line":20,"column":22},"end":{"line":20,"column":52}},"6":{"start":{"line":22,"column":23},"end":{"line":22,"column":51}},"7":{"start":{"line":23,"column":24},"end":{"line":23,"column":53}},"8":{"start":{"line":25,"column":4},"end":{"line":27,"column":5}},"9":{"start":{"line":26,"column":6},"end":{"line":26,"column":68}},"10":{"start":{"line":29,"column":4},"end":{"line":31,"column":5}},"11":{"start":{"line":30,"column":6},"end":{"line":30,"column":70}},"12":{"start":{"line":33,"column":4},"end":{"line":37,"column":5}},"13":{"start":{"line":34,"column":6},"end":{"line":34,"column":66}},"14":{"start":{"line":36,"column":6},"end":{"line":36,"column":63}},"15":{"start":{"line":39,"column":4},"end":{"line":39,"column":74}},"16":{"start":{"line":40,"column":4},"end":{"line":40,"column":16}},"17":{"start":{"line":44,"column":0},"end":{"line":44,"column":38}}},"fnMap":{"0":{"name":"configLoadEnvCommand","decl":{"start":{"line":11,"column":15},"end":{"line":11,"column":35}},"loc":{"start":{"line":11,"column":51},"end":{"line":42,"column":1}},"line":11}},"branchMap":{"0":{"loc":{"start":{"line":25,"column":4},"end":{"line":27,"column":5}},"type":"if","locations":[{"start":{"line":25,"column":4},"end":{"line":27,"column":5}},{"start":{},"end":{}}],"line":25},"1":{"loc":{"start":{"line":29,"column":4},"end":{"line":31,"column":5}},"type":"if","locations":[{"start":{"line":29,"column":4},"end":{"line":31,"column":5}},{"start":{},"end":{}}],"line":29},"2":{"loc":{"start":{"line":33,"column":4},"end":{"line":37,"column":5}},"type":"if","locations":[{"start":{"line":33,"column":4},"end":{"line":37,"column":5}},{"start":{"line":35,"column":11},"end":{"line":37,"column":5}}],"line":33},"3":{"loc":{"start":{"line":33,"column":8},"end":{"line":33,"column":45}},"type":"binary-expr","locations":[{"start":{"line":33,"column":8},"end":{"line":33,"column":24}},{"start":{"line":33,"column":28},"end":{"line":33,"column":45}}],"line":33}},"s":{"0":1,"1":1,"2":1,"3":1,"4":1,"5":1,"6":1,"7":1,"8":1,"9":1,"10":1,"11":0,"12":1,"13":0,"14":1,"15":0,"16":0,"17":1},"f":{"0":1},"b":{"0":[1,0],"1":[0,1],"2":[0,1],"3":[1,0]},"_coverageSchema":"1a1c01bbd47fc00a2c39e90264f33305004495a9","hash":"ebc74ae457518be1e42c3ff5f5b62c201285f3cd"}
,"D:\\Workspace\\Repos\\jamaynor\\mcps\\dj-config-mcp\\lib\\commands\\config-set.js": {"path":"D:\\Workspace\\Repos\\jamaynor\\mcps\\dj-config-mcp\\lib\\commands\\config-set.js","statementMap":{"0":{"start":{"line":15,"column":2},"end":{"line":17,"column":3}},"1":{"start":{"line":16,"column":4},"end":{"line":16,"column":53}},"2":{"start":{"line":19,"column":2},"end":{"line":21,"column":3}},"3":{"start":{"line":20,"column":4},"end":{"line":20,"column":55}},"4":{"start":{"line":24,"column":2},"end":{"line":24,"column":53}},"5":{"start":{"line":26,"column":2},"end":{"line":26,"column":145}},"6":{"start":{"line":28,"column":2},"end":{"line":32,"column":3}},"7":{"start":{"line":29,"column":4},"end":{"line":29,"column":52}},"8":{"start":{"line":31,"column":4},"end":{"line":31,"column":51}},"9":{"start":{"line":35,"column":0},"end":{"line":35,"column":34}}},"fnMap":{"0":{"name":"configSetCommand","decl":{"start":{"line":14,"column":15},"end":{"line":14,"column":31}},"loc":{"start":{"line":14,"column":73},"end":{"line":33,"column":1}},"line":14}},"branchMap":{"0":{"loc":{"start":{"line":14,"column":59},"end":{"line":14,"column":71}},"type":"default-arg","locations":[{"start":{"line":14,"column":69},"end":{"line":14,"column":71}}],"line":14},"1":{"loc":{"start":{"line":15,"column":2},"end":{"line":17,"column":3}},"type":"if","locations":[{"start":{"line":15,"column":2},"end":{"line":17,"column":3}},{"start":{},"end":{}}],"line":15},"2":{"loc":{"start":{"line":19,"column":2},"end":{"line":21,"column":3}},"type":"if","locations":[{"start":{"line":19,"column":2},"end":{"line":21,"column":3}},{"start":{},"end":{}}],"line":19},"3":{"loc":{"start":{"line":19,"column":6},"end":{"line":19,"column":43}},"type":"binary-expr","locations":[{"start":{"line":19,"column":6},"end":{"line":19,"column":25}},{"start":{"line":19,"column":29},"end":{"line":19,"column":43}}],"line":19},"4":{"loc":{"start":{"line":26,"column":45},"end":{"line":26,"column":141}},"type":"cond-expr","locations":[{"start":{"line":26,"column":127},"end":{"line":26,"column":133}},{"start":{"line":26,"column":136},"end":{"line":26,"column":141}}],"line":26},"5":{"loc":{"start":{"line":26,"column":45},"end":{"line":26,"column":124}},"type":"binary-expr","locations":[{"start":{"line":26,"column":45},"end":{"line":26,"column":82}},{"start":{"line":26,"column":86},"end":{"line":26,"column":124}}],"line":26},"6":{"loc":{"start":{"line":28,"column":2},"end":{"line":32,"column":3}},"type":"if","locations":[{"start":{"line":28,"column":2},"end":{"line":32,"column":3}},{"start":{"line":30,"column":9},"end":{"line":32,"column":3}}],"line":28}},"s":{"0":13,"1":0,"2":13,"3":0,"4":13,"5":13,"6":13,"7":1,"8":12,"9":1},"f":{"0":13},"b":{"0":[0],"1":[0,13],"2":[0,13],"3":[13,13],"4":[1,12],"5":[13,13],"6":[1,12]},"_coverageSchema":"1a1c01bbd47fc00a2c39e90264f33305004495a9","hash":"f77e9598ba8feec1df2930f57c32d95a9ea99c60"}
,"D:\\Workspace\\Repos\\jamaynor\\mcps\\dj-config-mcp\\lib\\commands\\config.js": {"path":"D:\\Workspace\\Repos\\jamaynor\\mcps\\dj-config-mcp\\lib\\commands\\config.js","statementMap":{"0":{"start":{"line":6,"column":17},"end":{"line":6,"column":36}},"1":{"start":{"line":15,"column":2},"end":{"line":15,"column":52}},"2":{"start":{"line":16,"column":2},"end":{"line":16,"column":52}},"3":{"start":{"line":17,"column":2},"end":{"line":17,"column":18}},"4":{"start":{"line":19,"column":13},"end":{"line":22,"column":4}},"5":{"start":{"line":24,"column":17},"end":{"line":26,"column":4}},"6":{"start":{"line":24,"column":31},"end":{"line":26,"column":4}},"7":{"start":{"line":25,"column":4},"end":{"line":25,"column":35}},"8":{"start":{"line":28,"column":2},"end":{"line":157,"column":3}},"9":{"start":{"line":30,"column":20},"end":{"line":67,"column":5}},"10":{"start":{"line":70,"column":4},"end":{"line":108,"column":5}},"11":{"start":{"line":72,"column":22},"end":{"line":72,"column":63}},"12":{"start":{"line":73,"column":27},"end":{"line":73,"column":47}},"13":{"start":{"line":76,"column":22},"end":{"line":76,"column":40}},"14":{"start":{"line":77,"column":6},"end":{"line":83,"column":7}},"15":{"start":{"line":78,"column":8},"end":{"line":78,"column":42}},"16":{"start":{"line":79,"column":13},"end":{"line":83,"column":7}},"17":{"start":{"line":80,"column":8},"end":{"line":80,"column":31}},"18":{"start":{"line":81,"column":13},"end":{"line":83,"column":7}},"19":{"start":{"line":82,"column":8},"end":{"line":82,"column":44}},"20":{"start":{"line":84,"column":6},"end":{"line":84,"column":24}},"21":{"start":{"line":87,"column":20},"end":{"line":87,"column":43}},"22":{"start":{"line":90,"column":18},"end":{"line":90,"column":30}},"23":{"start":{"line":91,"column":6},"end":{"line":96,"column":7}},"24":{"start":{"line":93,"column":8},"end":{"line":93,"column":17}},"25":{"start":{"line":94,"column":13},"end":{"line":96,"column":7}},"26":{"start":{"line":95,"column":8},"end":{"line":95,"column":31}},"27":{"start":{"line":98,"column":6},"end":{"line":107,"column":7}},"28":{"start":{"line":100,"column":8},"end":{"line":103,"column":9}},"29":{"start":{"line":101,"column":10},"end":{"line":101,"column":50}},"30":{"start":{"line":102,"column":10},"end":{"line":102,"column":19}},"31":{"start":{"line":106,"column":8},"end":{"line":106,"column":66}},"32":{"start":{"line":111,"column":4},"end":{"line":111,"column":72}},"33":{"start":{"line":112,"column":22},"end":{"line":112,"column":64}},"34":{"start":{"line":114,"column":4},"end":{"line":124,"column":5}},"35":{"start":{"line":115,"column":6},"end":{"line":123,"column":7}},"36":{"start":{"line":116,"column":20},"end":{"line":116,"column":82}},"37":{"start":{"line":117,"column":8},"end":{"line":117,"column":31}},"38":{"start":{"line":117,"column":25},"end":{"line":117,"column":31}},"39":{"start":{"line":119,"column":22},"end":{"line":119,"column":45}},"40":{"start":{"line":120,"column":8},"end":{"line":122,"column":9}},"41":{"start":{"line":121,"column":10},"end":{"line":121,"column":75}},"42":{"start":{"line":127,"column":4},"end":{"line":151,"column":5}},"43":{"start":{"line":128,"column":6},"end":{"line":128,"column":52}},"44":{"start":{"line":129,"column":22},"end":{"line":129,"column":63}},"45":{"start":{"line":131,"column":6},"end":{"line":133,"column":7}},"46":{"start":{"line":131,"column":19},"end":{"line":131,"column":20}},"47":{"start":{"line":132,"column":8},"end":{"line":132,"column":117}},"48":{"start":{"line":135,"column":30},"end":{"line":135,"column":109}},"49":{"start":{"line":137,"column":28},"end":{"line":137,"column":30}},"50":{"start":{"line":138,"column":6},"end":{"line":145,"column":7}},"51":{"start":{"line":139,"column":8},"end":{"line":139,"column":49}},"52":{"start":{"line":139,"column":43},"end":{"line":139,"column":47}},"53":{"start":{"line":141,"column":24},"end":{"line":141,"column":83}},"54":{"start":{"line":141,"column":60},"end":{"line":141,"column":82}},"55":{"start":{"line":142,"column":8},"end":{"line":144,"column":35}},"56":{"start":{"line":143,"column":23},"end":{"line":143,"column":51}},"57":{"start":{"line":144,"column":20},"end":{"line":144,"column":33}},"58":{"start":{"line":147,"column":6},"end":{"line":150,"column":7}},"59":{"start":{"line":148,"column":8},"end":{"line":148,"column":75}},"60":{"start":{"line":149,"column":8},"end":{"line":149,"column":65}},"61":{"start":{"line":153,"column":4},"end":{"line":153,"column":45}},"62":{"start":{"line":156,"column":4},"end":{"line":156,"column":15}},"63":{"start":{"line":160,"column":0},"end":{"line":160,"column":31}}},"fnMap":{"0":{"name":"configCommand","decl":{"start":{"line":14,"column":15},"end":{"line":14,"column":28}},"loc":{"start":{"line":14,"column":58},"end":{"line":158,"column":1}},"line":14},"1":{"name":"(anonymous_1)","decl":{"start":{"line":24,"column":17},"end":{"line":24,"column":18}},"loc":{"start":{"line":24,"column":31},"end":{"line":26,"column":4}},"line":24},"2":{"name":"(anonymous_2)","decl":{"start":{"line":24,"column":43},"end":{"line":24,"column":44}},"loc":{"start":{"line":24,"column":56},"end":{"line":26,"column":3}},"line":24},"3":{"name":"(anonymous_3)","decl":{"start":{"line":139,"column":38},"end":{"line":139,"column":39}},"loc":{"start":{"line":139,"column":43},"end":{"line":139,"column":47}},"line":139},"4":{"name":"(anonymous_4)","decl":{"start":{"line":141,"column":55},"end":{"line":141,"column":56}},"loc":{"start":{"line":141,"column":60},"end":{"line":141,"column":82}},"line":141},"5":{"name":"(anonymous_5)","decl":{"start":{"line":143,"column":18},"end":{"line":143,"column":19}},"loc":{"start":{"line":143,"column":23},"end":{"line":143,"column":51}},"line":143},"6":{"name":"(anonymous_6)","decl":{"start":{"line":144,"column":15},"end":{"line":144,"column":16}},"loc":{"start":{"line":144,"column":20},"end":{"line":144,"column":33}},"line":144}},"branchMap":{"0":{"loc":{"start":{"line":14,"column":44},"end":{"line":14,"column":56}},"type":"default-arg","locations":[{"start":{"line":14,"column":54},"end":{"line":14,"column":56}}],"line":14},"1":{"loc":{"start":{"line":73,"column":27},"end":{"line":73,"column":47}},"type":"binary-expr","locations":[{"start":{"line":73,"column":27},"end":{"line":73,"column":41}},{"start":{"line":73,"column":45},"end":{"line":73,"column":47}}],"line":73},"2":{"loc":{"start":{"line":77,"column":6},"end":{"line":83,"column":7}},"type":"if","locations":[{"start":{"line":77,"column":6},"end":{"line":83,"column":7}},{"start":{"line":79,"column":13},"end":{"line":83,"column":7}}],"line":77},"3":{"loc":{"start":{"line":77,"column":10},"end":{"line":77,"column":52}},"type":"binary-expr","locations":[{"start":{"line":77,"column":10},"end":{"line":77,"column":22}},{"start":{"line":77,"column":26},"end":{"line":77,"column":52}}],"line":77},"4":{"loc":{"start":{"line":79,"column":13},"end":{"line":83,"column":7}},"type":"if","locations":[{"start":{"line":79,"column":13},"end":{"line":83,"column":7}},{"start":{"line":81,"column":13},"end":{"line":83,"column":7}}],"line":79},"5":{"loc":{"start":{"line":79,"column":17},"end":{"line":79,"column":59}},"type":"binary-expr","locations":[{"start":{"line":79,"column":17},"end":{"line":79,"column":29}},{"start":{"line":79,"column":33},"end":{"line":79,"column":59}}],"line":79},"6":{"loc":{"start":{"line":81,"column":13},"end":{"line":83,"column":7}},"type":"if","locations":[{"start":{"line":81,"column":13},"end":{"line":83,"column":7}},{"start":{},"end":{}}],"line":81},"7":{"loc":{"start":{"line":91,"column":6},"end":{"line":96,"column":7}},"type":"if","locations":[{"start":{"line":91,"column":6},"end":{"line":96,"column":7}},{"start":{"line":94,"column":13},"end":{"line":96,"column":7}}],"line":91},"8":{"loc":{"start":{"line":91,"column":10},"end":{"line":91,"column":32}},"type":"binary-expr","locations":[{"start":{"line":91,"column":10},"end":{"line":91,"column":16}},{"start":{"line":91,"column":20},"end":{"line":91,"column":32}}],"line":91},"9":{"loc":{"start":{"line":94,"column":13},"end":{"line":96,"column":7}},"type":"if","locations":[{"start":{"line":94,"column":13},"end":{"line":96,"column":7}},{"start":{},"end":{}}],"line":94},"10":{"loc":{"start":{"line":94,"column":17},"end":{"line":94,"column":41}},"type":"binary-expr","locations":[{"start":{"line":94,"column":17},"end":{"line":94,"column":23}},{"start":{"line":94,"column":27},"end":{"line":94,"column":41}}],"line":94},"11":{"loc":{"start":{"line":98,"column":6},"end":{"line":107,"column":7}},"type":"if","locations":[{"start":{"line":98,"column":6},"end":{"line":107,"column":7}},{"start":{},"end":{}}],"line":98},"12":{"loc":{"start":{"line":100,"column":8},"end":{"line":103,"column":9}},"type":"if","locations":[{"start":{"line":100,"column":8},"end":{"line":103,"column":9}},{"start":{},"end":{}}],"line":100},"13":{"loc":{"start":{"line":100,"column":12},"end":{"line":100,"column":52}},"type":"binary-expr","locations":[{"start":{"line":100,"column":12},"end":{"line":100,"column":36}},{"start":{"line":100,"column":40},"end":{"line":100,"column":52}}],"line":100},"14":{"loc":{"start":{"line":114,"column":4},"end":{"line":124,"column":5}},"type":"if","locations":[{"start":{"line":114,"column":4},"end":{"line":124,"column":5}},{"start":{},"end":{}}],"line":114},"15":{"loc":{"start":{"line":117,"column":8},"end":{"line":117,"column":31}},"type":"if","locations":[{"start":{"line":117,"column":8},"end":{"line":117,"column":31}},{"start":{},"end":{}}],"line":117},"16":{"loc":{"start":{"line":120,"column":8},"end":{"line":122,"column":9}},"type":"if","locations":[{"start":{"line":120,"column":8},"end":{"line":122,"column":9}},{"start":{},"end":{}}],"line":120},"17":{"loc":{"start":{"line":127,"column":4},"end":{"line":151,"column":5}},"type":"if","locations":[{"start":{"line":127,"column":4},"end":{"line":151,"column":5}},{"start":{},"end":{}}],"line":127},"18":{"loc":{"start":{"line":132,"column":51},"end":{"line":132,"column":113}},"type":"cond-expr","locations":[{"start":{"line":132,"column":76},"end":{"line":132,"column":78}},{"start":{"line":132,"column":81},"end":{"line":132,"column":113}}],"line":132},"19":{"loc":{"start":{"line":138,"column":6},"end":{"line":145,"column":7}},"type":"if","locations":[{"start":{"line":138,"column":6},"end":{"line":145,"column":7}},{"start":{"line":140,"column":13},"end":{"line":145,"column":7}}],"line":138},"20":{"loc":{"start":{"line":143,"column":23},"end":{"line":143,"column":51}},"type":"binary-expr","locations":[{"start":{"line":143,"column":23},"end":{"line":143,"column":29}},{"start":{"line":143,"column":33},"end":{"line":143,"column":51}}],"line":143},"21":{"loc":{"start":{"line":147,"column":6},"end":{"line":150,"column":7}},"type":"if","locations":[{"start":{"line":147,"column":6},"end":{"line":150,"column":7}},{"start":{},"end":{}}],"line":147}},"s":{"0":0,"1":0,"2":0,"3":0,"4":0,"5":0,"6":0,"7":0,"8":0,"9":0,"10":0,"11":0,"12":0,"13":0,"14":0,"15":0,"16":0,"17":0,"18":0,"19":0,"20":0,"21":0,"22":0,"23":0,"24":0,"25":0,"26":0,"27":0,"28":0,"29":0,"30":0,"31":0,"32":0,"33":0,"34":0,"35":0,"36":0,"37":0,"38":0,"39":0,"40":0,"41":0,"42":0,"43":0,"44":0,"45":0,"46":0,"47":0,"48":0,"49":0,"50":0,"51":0,"52":0,"53":0,"54":0,"55":0,"56":0,"57":0,"58":0,"59":0,"60":0,"61":0,"62":0,"63":0},"f":{"0":0,"1":0,"2":0,"3":0,"4":0,"5":0,"6":0},"b":{"0":[0],"1":[0,0],"2":[0,0],"3":[0,0],"4":[0,0],"5":[0,0],"6":[0,0],"7":[0,0],"8":[0,0],"9":[0,0],"10":[0,0],"11":[0,0],"12":[0,0],"13":[0,0],"14":[0,0],"15":[0,0],"16":[0,0],"17":[0,0],"18":[0,0],"19":[0,0],"20":[0,0],"21":[0,0]}}
,"D:\\Workspace\\Repos\\jamaynor\\mcps\\dj-config-mcp\\lib\\config\\manager.js": {"path":"D:\\Workspace\\Repos\\jamaynor\\mcps\\dj-config-mcp\\lib\\config\\manager.js","statementMap":{"0":{"start":{"line":6,"column":23},"end":{"line":6,"column":60}},"1":{"start":{"line":7,"column":25},"end":{"line":7,"column":56}},"2":{"start":{"line":8,"column":20},"end":{"line":8,"column":58}},"3":{"start":{"line":9,"column":23},"end":{"line":9,"column":44}},"4":{"start":{"line":13,"column":4},"end":{"line":13,"column":40}},"5":{"start":{"line":14,"column":4},"end":{"line":14,"column":43}},"6":{"start":{"line":15,"column":4},"end":{"line":15,"column":41}},"7":{"start":{"line":16,"column":4},"end":{"line":16,"column":53}},"8":{"start":{"line":28,"column":24},"end":{"line":28,"column":60}},"9":{"start":{"line":31,"column":4},"end":{"line":39,"column":5}},"10":{"start":{"line":32,"column":6},"end":{"line":32,"column":61}},"11":{"start":{"line":33,"column":6},"end":{"line":33,"column":58}},"12":{"start":{"line":36,"column":6},"end":{"line":36,"column":100}},"13":{"start":{"line":38,"column":6},"end":{"line":38,"column":62}},"14":{"start":{"line":42,"column":4},"end":{"line":44,"column":5}},"15":{"start":{"line":43,"column":6},"end":{"line":43,"column":42}},"16":{"start":{"line":53,"column":4},"end":{"line":53,"column":44}},"17":{"start":{"line":61,"column":4},"end":{"line":61,"column":44}},"18":{"start":{"line":72,"column":21},"end":{"line":72,"column":68}},"19":{"start":{"line":73,"column":22},"end":{"line":73,"column":70}},"20":{"start":{"line":75,"column":4},"end":{"line":77,"column":5}},"21":{"start":{"line":76,"column":6},"end":{"line":76,"column":57}},"22":{"start":{"line":79,"column":4},"end":{"line":81,"column":5}},"23":{"start":{"line":80,"column":6},"end":{"line":80,"column":58}},"24":{"start":{"line":83,"column":4},"end":{"line":85,"column":5}},"25":{"start":{"line":84,"column":6},"end":{"line":84,"column":42}},"26":{"start":{"line":93,"column":4},"end":{"line":93,"column":34}},"27":{"start":{"line":101,"column":4},"end":{"line":101,"column":56}},"28":{"start":{"line":110,"column":4},"end":{"line":110,"column":58}},"29":{"start":{"line":114,"column":0},"end":{"line":114,"column":38}}},"fnMap":{"0":{"name":"(anonymous_0)","decl":{"start":{"line":12,"column":2},"end":{"line":12,"column":3}},"loc":{"start":{"line":12,"column":28},"end":{"line":17,"column":3}},"line":12},"1":{"name":"(anonymous_1)","decl":{"start":{"line":26,"column":2},"end":{"line":26,"column":3}},"loc":{"start":{"line":26,"column":44},"end":{"line":45,"column":3}},"line":26},"2":{"name":"(anonymous_2)","decl":{"start":{"line":52,"column":2},"end":{"line":52,"column":3}},"loc":{"start":{"line":52,"column":23},"end":{"line":54,"column":3}},"line":52},"3":{"name":"(anonymous_3)","decl":{"start":{"line":60,"column":2},"end":{"line":60,"column":3}},"loc":{"start":{"line":60,"column":23},"end":{"line":62,"column":3}},"line":60},"4":{"name":"(anonymous_4)","decl":{"start":{"line":70,"column":2},"end":{"line":70,"column":3}},"loc":{"start":{"line":70,"column":40},"end":{"line":86,"column":3}},"line":70},"5":{"name":"(anonymous_5)","decl":{"start":{"line":92,"column":2},"end":{"line":92,"column":3}},"loc":{"start":{"line":92,"column":26},"end":{"line":94,"column":3}},"line":92},"6":{"name":"(anonymous_6)","decl":{"start":{"line":100,"column":2},"end":{"line":100,"column":3}},"loc":{"start":{"line":100,"column":30},"end":{"line":102,"column":3}},"line":100},"7":{"name":"(anonymous_7)","decl":{"start":{"line":109,"column":2},"end":{"line":109,"column":3}},"loc":{"start":{"line":109,"column":39},"end":{"line":111,"column":3}},"line":109}},"branchMap":{"0":{"loc":{"start":{"line":12,"column":14},"end":{"line":12,"column":26}},"type":"default-arg","locations":[{"start":{"line":12,"column":24},"end":{"line":12,"column":26}}],"line":12},"1":{"loc":{"start":{"line":26,"column":30},"end":{"line":26,"column":42}},"type":"default-arg","locations":[{"start":{"line":26,"column":40},"end":{"line":26,"column":42}}],"line":26},"2":{"loc":{"start":{"line":31,"column":4},"end":{"line":39,"column":5}},"type":"if","locations":[{"start":{"line":31,"column":4},"end":{"line":39,"column":5}},{"start":{"line":37,"column":11},"end":{"line":39,"column":5}}],"line":31},"3":{"loc":{"start":{"line":42,"column":4},"end":{"line":44,"column":5}},"type":"if","locations":[{"start":{"line":42,"column":4},"end":{"line":44,"column":5}},{"start":{},"end":{}}],"line":42},"4":{"loc":{"start":{"line":70,"column":26},"end":{"line":70,"column":38}},"type":"default-arg","locations":[{"start":{"line":70,"column":36},"end":{"line":70,"column":38}}],"line":70},"5":{"loc":{"start":{"line":75,"column":4},"end":{"line":77,"column":5}},"type":"if","locations":[{"start":{"line":75,"column":4},"end":{"line":77,"column":5}},{"start":{},"end":{}}],"line":75},"6":{"loc":{"start":{"line":79,"column":4},"end":{"line":81,"column":5}},"type":"if","locations":[{"start":{"line":79,"column":4},"end":{"line":81,"column":5}},{"start":{},"end":{}}],"line":79},"7":{"loc":{"start":{"line":83,"column":4},"end":{"line":85,"column":5}},"type":"if","locations":[{"start":{"line":83,"column":4},"end":{"line":85,"column":5}},{"start":{},"end":{}}],"line":83}},"s":{"0":1,"1":1,"2":1,"3":1,"4":1,"5":1,"6":1,"7":1,"8":13,"9":13,"10":9,"11":9,"12":9,"13":4,"14":13,"15":12,"16":5,"17":1,"18":1,"19":1,"20":1,"21":0,"22":1,"23":1,"24":1,"25":1,"26":2,"27":0,"28":0,"29":1},"f":{"0":1,"1":13,"2":5,"3":1,"4":1,"5":2,"6":0,"7":0},"b":{"0":[1],"1":[0],"2":[9,4],"3":[12,1],"4":[0],"5":[0,1],"6":[1,0],"7":[1,0]},"_coverageSchema":"1a1c01bbd47fc00a2c39e90264f33305004495a9","hash":"3bba8d12450befe4bc3f35d183b90803330a4585"}
,"D:\\Workspace\\Repos\\jamaynor\\mcps\\dj-config-mcp\\lib\\config\\resolver.js": {"path":"D:\\Workspace\\Repos\\jamaynor\\mcps\\dj-config-mcp\\lib\\config\\resolver.js","statementMap":{"0":{"start":{"line":8,"column":4},"end":{"line":8,"column":34}},"1":{"start":{"line":19,"column":21},"end":{"line":19,"column":59}},"2":{"start":{"line":20,"column":4},"end":{"line":27,"column":5}},"3":{"start":{"line":21,"column":6},"end":{"line":26,"column":8}},"4":{"start":{"line":30,"column":23},"end":{"line":30,"column":62}},"5":{"start":{"line":31,"column":4},"end":{"line":38,"column":5}},"6":{"start":{"line":32,"column":6},"end":{"line":37,"column":8}},"7":{"start":{"line":41,"column":27},"end":{"line":41,"column":64}},"8":{"start":{"line":42,"column":4},"end":{"line":52,"column":5}},"9":{"start":{"line":43,"column":22},"end":{"line":45,"column":26}},"10":{"start":{"line":46,"column":6},"end":{"line":51,"column":8}},"11":{"start":{"line":55,"column":24},"end":{"line":55,"column":62}},"12":{"start":{"line":56,"column":4},"end":{"line":66,"column":5}},"13":{"start":{"line":57,"column":22},"end":{"line":59,"column":26}},"14":{"start":{"line":60,"column":6},"end":{"line":65,"column":8}},"15":{"start":{"line":69,"column":4},"end":{"line":69,"column":16}},"16":{"start":{"line":77,"column":20},"end":{"line":77,"column":22}},"17":{"start":{"line":78,"column":26},"end":{"line":78,"column":35}},"18":{"start":{"line":81,"column":25},"end":{"line":81,"column":65}},"19":{"start":{"line":82,"column":26},"end":{"line":82,"column":67}},"20":{"start":{"line":83,"column":26},"end":{"line":83,"column":65}},"21":{"start":{"line":84,"column":27},"end":{"line":84,"column":67}},"22":{"start":{"line":87,"column":20},"end":{"line":92,"column":6}},"23":{"start":{"line":95,"column":4},"end":{"line":103,"column":5}},"24":{"start":{"line":96,"column":6},"end":{"line":102,"column":7}},"25":{"start":{"line":97,"column":23},"end":{"line":97,"column":46}},"26":{"start":{"line":98,"column":8},"end":{"line":101,"column":9}},"27":{"start":{"line":99,"column":10},"end":{"line":99,"column":31}},"28":{"start":{"line":100,"column":10},"end":{"line":100,"column":33}},"29":{"start":{"line":105,"column":4},"end":{"line":105,"column":19}},"30":{"start":{"line":109,"column":0},"end":{"line":109,"column":32}}},"fnMap":{"0":{"name":"(anonymous_0)","decl":{"start":{"line":7,"column":2},"end":{"line":7,"column":3}},"loc":{"start":{"line":7,"column":30},"end":{"line":9,"column":3}},"line":7},"1":{"name":"(anonymous_1)","decl":{"start":{"line":17,"column":2},"end":{"line":17,"column":3}},"loc":{"start":{"line":17,"column":21},"end":{"line":70,"column":3}},"line":17},"2":{"name":"(anonymous_2)","decl":{"start":{"line":76,"column":2},"end":{"line":76,"column":3}},"loc":{"start":{"line":76,"column":21},"end":{"line":106,"column":3}},"line":76}},"branchMap":{"0":{"loc":{"start":{"line":20,"column":4},"end":{"line":27,"column":5}},"type":"if","locations":[{"start":{"line":20,"column":4},"end":{"line":27,"column":5}},{"start":{},"end":{}}],"line":20},"1":{"loc":{"start":{"line":31,"column":4},"end":{"line":38,"column":5}},"type":"if","locations":[{"start":{"line":31,"column":4},"end":{"line":38,"column":5}},{"start":{},"end":{}}],"line":31},"2":{"loc":{"start":{"line":42,"column":4},"end":{"line":52,"column":5}},"type":"if","locations":[{"start":{"line":42,"column":4},"end":{"line":52,"column":5}},{"start":{},"end":{}}],"line":42},"3":{"loc":{"start":{"line":43,"column":22},"end":{"line":45,"column":26}},"type":"cond-expr","locations":[{"start":{"line":44,"column":10},"end":{"line":44,"column":33}},{"start":{"line":45,"column":10},"end":{"line":45,"column":26}}],"line":43},"4":{"loc":{"start":{"line":56,"column":4},"end":{"line":66,"column":5}},"type":"if","locations":[{"start":{"line":56,"column":4},"end":{"line":66,"column":5}},{"start":{},"end":{}}],"line":56},"5":{"loc":{"start":{"line":57,"column":22},"end":{"line":59,"column":26}},"type":"cond-expr","locations":[{"start":{"line":58,"column":10},"end":{"line":58,"column":33}},{"start":{"line":59,"column":10},"end":{"line":59,"column":26}}],"line":57},"6":{"loc":{"start":{"line":96,"column":6},"end":{"line":102,"column":7}},"type":"if","locations":[{"start":{"line":96,"column":6},"end":{"line":102,"column":7}},{"start":{},"end":{}}],"line":96},"7":{"loc":{"start":{"line":98,"column":8},"end":{"line":101,"column":9}},"type":"if","locations":[{"start":{"line":98,"column":8},"end":{"line":101,"column":9}},{"start":{},"end":{}}],"line":98}},"s":{"0":1,"1":7,"2":7,"3":2,"4":5,"5":5,"6":3,"7":2,"8":2,"9":0,"10":0,"11":2,"12":2,"13":0,"14":0,"15":2,"16":1,"17":1,"18":1,"19":1,"20":1,"21":1,"22":1,"23":1,"24":2,"25":2,"26":2,"27":2,"28":2,"29":1,"30":1},"f":{"0":1,"1":7,"2":1},"b":{"0":[2,5],"1":[3,2],"2":[0,2],"3":[0,0],"4":[0,2],"5":[0,0],"6":[2,0],"7":[2,0]},"_coverageSchema":"1a1c01bbd47fc00a2c39e90264f33305004495a9","hash":"580d0efa686ed7bed5c3d997a45c21cbaad59a1b"}
,"D:\\Workspace\\Repos\\jamaynor\\mcps\\dj-config-mcp\\lib\\distribution\\client-registry.js": {"path":"D:\\Workspace\\Repos\\jamaynor\\mcps\\dj-config-mcp\\lib\\distribution\\client-registry.js","statementMap":{"0":{"start":{"line":6,"column":11},"end":{"line":6,"column":33}},"1":{"start":{"line":7,"column":13},"end":{"line":7,"column":28}},"2":{"start":{"line":12,"column":4},"end":{"line":12,"column":64}},"3":{"start":{"line":13,"column":4},"end":{"line":13,"column":59}},"4":{"start":{"line":14,"column":4},"end":{"line":14,"column":25}},"5":{"start":{"line":18,"column":20},"end":{"line":20,"column":24}},"6":{"start":{"line":21,"column":4},"end":{"line":21,"column":68}},"7":{"start":{"line":29,"column":4},"end":{"line":45,"column":5}},"8":{"start":{"line":31,"column":6},"end":{"line":44,"column":7}},"9":{"start":{"line":32,"column":24},"end":{"line":32,"column":73}},"10":{"start":{"line":33,"column":8},"end":{"line":33,"column":44}},"11":{"start":{"line":35,"column":8},"end":{"line":43,"column":9}},"12":{"start":{"line":36,"column":26},"end":{"line":36,"column":76}},"13":{"start":{"line":37,"column":10},"end":{"line":37,"column":46}},"14":{"start":{"line":40,"column":10},"end":{"line":40,"column":52}},"15":{"start":{"line":42,"column":10},"end":{"line":42,"column":41}},"16":{"start":{"line":46,"column":4},"end":{"line":46,"column":25}},"17":{"start":{"line":54,"column":4},"end":{"line":106,"column":6}},"18":{"start":{"line":115,"column":21},"end":{"line":115,"column":46}},"19":{"start":{"line":116,"column":19},"end":{"line":116,"column":45}},"20":{"start":{"line":118,"column":4},"end":{"line":120,"column":5}},"21":{"start":{"line":119,"column":6},"end":{"line":119,"column":53}},"22":{"start":{"line":122,"column":21},"end":{"line":122,"column":37}},"23":{"start":{"line":123,"column":25},"end":{"line":123,"column":47}},"24":{"start":{"line":125,"column":4},"end":{"line":127,"column":5}},"25":{"start":{"line":126,"column":6},"end":{"line":126,"column":72}},"26":{"start":{"line":130,"column":4},"end":{"line":130,"column":42}},"27":{"start":{"line":139,"column":21},"end":{"line":139,"column":46}},"28":{"start":{"line":140,"column":4},"end":{"line":140,"column":38}},"29":{"start":{"line":149,"column":4},"end":{"line":151,"column":7}},"30":{"start":{"line":150,"column":6},"end":{"line":150,"column":42}},"31":{"start":{"line":159,"column":21},"end":{"line":159,"column":46}},"32":{"start":{"line":160,"column":4},"end":{"line":164,"column":8}},"33":{"start":{"line":160,"column":67},"end":{"line":164,"column":5}},"34":{"start":{"line":175,"column":21},"end":{"line":175,"column":46}},"35":{"start":{"line":176,"column":4},"end":{"line":176,"column":46}},"36":{"start":{"line":177,"column":4},"end":{"line":177,"column":38}},"37":{"start":{"line":186,"column":23},"end":{"line":186,"column":82}},"38":{"start":{"line":187,"column":16},"end":{"line":187,"column":40}},"39":{"start":{"line":190,"column":4},"end":{"line":190,"column":45}},"40":{"start":{"line":192,"column":4},"end":{"line":192,"column":75}},"41":{"start":{"line":193,"column":4},"end":{"line":193,"column":25}},"42":{"start":{"line":197,"column":0},"end":{"line":197,"column":32}}},"fnMap":{"0":{"name":"(anonymous_0)","decl":{"start":{"line":10,"column":2},"end":{"line":10,"column":3}},"loc":{"start":{"line":10,"column":16},"end":{"line":15,"column":3}},"line":10},"1":{"name":"(anonymous_1)","decl":{"start":{"line":17,"column":2},"end":{"line":17,"column":3}},"loc":{"start":{"line":17,"column":26},"end":{"line":22,"column":3}},"line":17},"2":{"name":"(anonymous_2)","decl":{"start":{"line":28,"column":2},"end":{"line":28,"column":3}},"loc":{"start":{"line":28,"column":23},"end":{"line":47,"column":3}},"line":28},"3":{"name":"(anonymous_3)","decl":{"start":{"line":53,"column":2},"end":{"line":53,"column":3}},"loc":{"start":{"line":53,"column":23},"end":{"line":107,"column":3}},"line":53},"4":{"name":"(anonymous_4)","decl":{"start":{"line":114,"column":2},"end":{"line":114,"column":3}},"loc":{"start":{"line":114,"column":32},"end":{"line":131,"column":3}},"line":114},"5":{"name":"(anonymous_5)","decl":{"start":{"line":138,"column":2},"end":{"line":138,"column":3}},"loc":{"start":{"line":138,"column":34},"end":{"line":141,"column":3}},"line":138},"6":{"name":"(anonymous_6)","decl":{"start":{"line":148,"column":2},"end":{"line":148,"column":3}},"loc":{"start":{"line":148,"column":28},"end":{"line":152,"column":3}},"line":148},"7":{"name":"(anonymous_7)","decl":{"start":{"line":149,"column":46},"end":{"line":149,"column":47}},"loc":{"start":{"line":149,"column":65},"end":{"line":151,"column":5}},"line":149},"8":{"name":"(anonymous_8)","decl":{"start":{"line":158,"column":2},"end":{"line":158,"column":3}},"loc":{"start":{"line":158,"column":30},"end":{"line":165,"column":3}},"line":158},"9":{"name":"(anonymous_9)","decl":{"start":{"line":160,"column":48},"end":{"line":160,"column":49}},"loc":{"start":{"line":160,"column":67},"end":{"line":164,"column":5}},"line":160},"10":{"name":"(anonymous_10)","decl":{"start":{"line":174,"column":2},"end":{"line":174,"column":3}},"loc":{"start":{"line":174,"column":60},"end":{"line":178,"column":3}},"line":174},"11":{"name":"(anonymous_11)","decl":{"start":{"line":185,"column":2},"end":{"line":185,"column":3}},"loc":{"start":{"line":185,"column":39},"end":{"line":194,"column":3}},"line":185}},"branchMap":{"0":{"loc":{"start":{"line":18,"column":20},"end":{"line":20,"column":24}},"type":"cond-expr","locations":[{"start":{"line":19,"column":8},"end":{"line":19,"column":31}},{"start":{"line":20,"column":8},"end":{"line":20,"column":24}}],"line":18},"1":{"loc":{"start":{"line":29,"column":4},"end":{"line":45,"column":5}},"type":"if","locations":[{"start":{"line":29,"column":4},"end":{"line":45,"column":5}},{"start":{},"end":{}}],"line":29},"2":{"loc":{"start":{"line":118,"column":4},"end":{"line":120,"column":5}},"type":"if","locations":[{"start":{"line":118,"column":4},"end":{"line":120,"column":5}},{"start":{},"end":{}}],"line":118},"3":{"loc":{"start":{"line":125,"column":4},"end":{"line":127,"column":5}},"type":"if","locations":[{"start":{"line":125,"column":4},"end":{"line":127,"column":5}},{"start":{},"end":{}}],"line":125},"4":{"loc":{"start":{"line":150,"column":13},"end":{"line":150,"column":41}},"type":"binary-expr","locations":[{"start":{"line":150,"column":13},"end":{"line":150,"column":32}},{"start":{"line":150,"column":36},"end":{"line":150,"column":41}}],"line":150},"5":{"loc":{"start":{"line":174,"column":42},"end":{"line":174,"column":58}},"type":"default-arg","locations":[{"start":{"line":174,"column":53},"end":{"line":174,"column":58}}],"line":174},"6":{"loc":{"start":{"line":185,"column":21},"end":{"line":185,"column":37}},"type":"default-arg","locations":[{"start":{"line":185,"column":32},"end":{"line":185,"column":37}}],"line":185},"7":{"loc":{"start":{"line":186,"column":23},"end":{"line":186,"column":82}},"type":"cond-expr","locations":[{"start":{"line":186,"column":34},"end":{"line":186,"column":57}},{"start":{"line":186,"column":60},"end":{"line":186,"column":82}}],"line":186}},"s":{"0":1,"1":1,"2":2,"3":2,"4":2,"5":2,"6":2,"7":96,"8":2,"9":2,"10":1,"11":1,"12":1,"13":0,"14":1,"15":1,"16":96,"17":1,"18":91,"19":91,"20":91,"21":0,"22":91,"23":91,"24":91,"25":0,"26":91,"27":4,"28":4,"29":91,"30":91,"31":0,"32":0,"33":0,"34":0,"35":0,"36":0,"37":1,"38":1,"39":1,"40":1,"41":1,"42":1},"f":{"0":2,"1":2,"2":96,"3":1,"4":91,"5":4,"6":91,"7":91,"8":0,"9":0,"10":0,"11":1},"b":{"0":[2,0],"1":[2,94],"2":[0,91],"3":[0,91],"4":[91,0],"5":[0],"6":[0],"7":[0,1]},"_coverageSchema":"1a1c01bbd47fc00a2c39e90264f33305004495a9","hash":"11e0fe916bfcc840159689ca5b9f6a15040f4b51"}
,"D:\\Workspace\\Repos\\jamaynor\\mcps\\dj-config-mcp\\lib\\distribution\\distributor.js": {"path":"D:\\Workspace\\Repos\\jamaynor\\mcps\\dj-config-mcp\\lib\\distribution\\distributor.js","statementMap":{"0":{"start":{"line":6,"column":11},"end":{"line":6,"column":33}},"1":{"start":{"line":7,"column":13},"end":{"line":7,"column":28}},"2":{"start":{"line":8,"column":23},"end":{"line":8,"column":51}},"3":{"start":{"line":9,"column":21},"end":{"line":9,"column":48}},"4":{"start":{"line":10,"column":25},"end":{"line":10,"column":57}},"5":{"start":{"line":11,"column":28},"end":{"line":11,"column":63}},"6":{"start":{"line":12,"column":21},"end":{"line":12,"column":48}},"7":{"start":{"line":16,"column":4},"end":{"line":16,"column":41}},"8":{"start":{"line":17,"column":4},"end":{"line":22,"column":6}},"9":{"start":{"line":30,"column":19},"end":{"line":30,"column":51}},"10":{"start":{"line":32,"column":4},"end":{"line":41,"column":5}},"11":{"start":{"line":33,"column":6},"end":{"line":40,"column":7}},"12":{"start":{"line":34,"column":8},"end":{"line":37,"column":9}},"13":{"start":{"line":35,"column":10},"end":{"line":35,"column":44}},"14":{"start":{"line":36,"column":10},"end":{"line":36,"column":66}},"15":{"start":{"line":39,"column":8},"end":{"line":39,"column":73}},"16":{"start":{"line":50,"column":19},"end":{"line":50,"column":51}},"17":{"start":{"line":52,"column":4},"end":{"line":65,"column":5}},"18":{"start":{"line":53,"column":21},"end":{"line":53,"column":43}},"19":{"start":{"line":54,"column":6},"end":{"line":57,"column":7}},"20":{"start":{"line":55,"column":8},"end":{"line":55,"column":53}},"21":{"start":{"line":56,"column":8},"end":{"line":56,"column":17}},"22":{"start":{"line":59,"column":6},"end":{"line":64,"column":7}},"23":{"start":{"line":60,"column":8},"end":{"line":60,"column":42}},"24":{"start":{"line":61,"column":8},"end":{"line":61,"column":64}},"25":{"start":{"line":63,"column":8},"end":{"line":63,"column":73}},"26":{"start":{"line":73,"column":27},"end":{"line":73,"column":64}},"27":{"start":{"line":74,"column":20},"end":{"line":74,"column":40}},"28":{"start":{"line":77,"column":21},"end":{"line":77,"column":33}},"29":{"start":{"line":78,"column":4},"end":{"line":85,"column":5}},"30":{"start":{"line":79,"column":30},"end":{"line":79,"column":60}},"31":{"start":{"line":80,"column":29},"end":{"line":80,"column":71}},"32":{"start":{"line":81,"column":26},"end":{"line":81,"column":52}},"33":{"start":{"line":82,"column":6},"end":{"line":82,"column":52}},"34":{"start":{"line":88,"column":23},"end":{"line":88,"column":55}},"35":{"start":{"line":89,"column":22},"end":{"line":89,"column":53}},"36":{"start":{"line":91,"column":4},"end":{"line":95,"column":6}},"37":{"start":{"line":103,"column":4},"end":{"line":103,"column":53}},"38":{"start":{"line":107,"column":0},"end":{"line":107,"column":29}}},"fnMap":{"0":{"name":"(anonymous_0)","decl":{"start":{"line":15,"column":2},"end":{"line":15,"column":3}},"loc":{"start":{"line":15,"column":16},"end":{"line":23,"column":3}},"line":15},"1":{"name":"(anonymous_1)","decl":{"start":{"line":29,"column":2},"end":{"line":29,"column":3}},"loc":{"start":{"line":29,"column":21},"end":{"line":42,"column":3}},"line":29},"2":{"name":"(anonymous_2)","decl":{"start":{"line":49,"column":2},"end":{"line":49,"column":3}},"loc":{"start":{"line":49,"column":39},"end":{"line":66,"column":3}},"line":49},"3":{"name":"(anonymous_3)","decl":{"start":{"line":72,"column":2},"end":{"line":72,"column":3}},"loc":{"start":{"line":72,"column":30},"end":{"line":96,"column":3}},"line":72},"4":{"name":"(anonymous_4)","decl":{"start":{"line":102,"column":2},"end":{"line":102,"column":3}},"loc":{"start":{"line":102,"column":30},"end":{"line":104,"column":3}},"line":102}},"branchMap":{"0":{"loc":{"start":{"line":34,"column":8},"end":{"line":37,"column":9}},"type":"if","locations":[{"start":{"line":34,"column":8},"end":{"line":37,"column":9}},{"start":{},"end":{}}],"line":34},"1":{"loc":{"start":{"line":54,"column":6},"end":{"line":57,"column":7}},"type":"if","locations":[{"start":{"line":54,"column":6},"end":{"line":57,"column":7}},{"start":{},"end":{}}],"line":54},"2":{"loc":{"start":{"line":82,"column":19},"end":{"line":82,"column":51}},"type":"binary-expr","locations":[{"start":{"line":82,"column":19},"end":{"line":82,"column":35}},{"start":{"line":82,"column":39},"end":{"line":82,"column":51}}],"line":82}},"s":{"0":1,"1":1,"2":1,"3":1,"4":1,"5":1,"6":1,"7":1,"8":1,"9":13,"10":13,"11":52,"12":52,"13":39,"14":39,"15":0,"16":0,"17":0,"18":0,"19":0,"20":0,"21":0,"22":0,"23":0,"24":0,"25":0,"26":13,"27":13,"28":13,"29":13,"30":13,"31":13,"32":0,"33":0,"34":13,"35":13,"36":13,"37":0,"38":1},"f":{"0":1,"1":13,"2":0,"3":13,"4":0},"b":{"0":[39,13],"1":[0,0],"2":[0,0]},"_coverageSchema":"1a1c01bbd47fc00a2c39e90264f33305004495a9","hash":"706ac14929db7822951fee3d4ce24c6fb08acb97"}
,"D:\\Workspace\\Repos\\jamaynor\\mcps\\dj-config-mcp\\lib\\distribution\\clients\\base-client.js": {"path":"D:\\Workspace\\Repos\\jamaynor\\mcps\\dj-config-mcp\\lib\\distribution\\clients\\base-client.js","statementMap":{"0":{"start":{"line":6,"column":11},"end":{"line":6,"column":33}},"1":{"start":{"line":7,"column":13},"end":{"line":7,"column":28}},"2":{"start":{"line":11,"column":4},"end":{"line":11,"column":29}},"3":{"start":{"line":12,"column":4},"end":{"line":12,"column":29}},"4":{"start":{"line":13,"column":4},"end":{"line":13,"column":29}},"5":{"start":{"line":21,"column":4},"end":{"line":21,"column":52}},"6":{"start":{"line":29,"column":4},"end":{"line":31,"column":5}},"7":{"start":{"line":30,"column":6},"end":{"line":30,"column":77}},"8":{"start":{"line":39,"column":4},"end":{"line":46,"column":5}},"9":{"start":{"line":40,"column":6},"end":{"line":40,"column":24}},"10":{"start":{"line":41,"column":25},"end":{"line":41,"column":73}},"11":{"start":{"line":42,"column":6},"end":{"line":42,"column":48}},"12":{"start":{"line":43,"column":6},"end":{"line":43,"column":18}},"13":{"start":{"line":45,"column":6},"end":{"line":45,"column":19}},"14":{"start":{"line":55,"column":4},"end":{"line":55,"column":22}},"15":{"start":{"line":56,"column":23},"end":{"line":56,"column":71}},"16":{"start":{"line":57,"column":23},"end":{"line":57,"column":74}},"17":{"start":{"line":60,"column":4},"end":{"line":60,"column":52}},"18":{"start":{"line":63,"column":25},"end":{"line":63,"column":27}},"19":{"start":{"line":64,"column":4},"end":{"line":69,"column":5}},"20":{"start":{"line":65,"column":22},"end":{"line":65,"column":59}},"21":{"start":{"line":66,"column":6},"end":{"line":66,"column":43}},"22":{"start":{"line":72,"column":4},"end":{"line":74,"column":5}},"23":{"start":{"line":73,"column":6},"end":{"line":73,"column":41}},"24":{"start":{"line":77,"column":28},"end":{"line":77,"column":53}},"25":{"start":{"line":78,"column":4},"end":{"line":78,"column":71}},"26":{"start":{"line":81,"column":4},"end":{"line":81,"column":76}},"27":{"start":{"line":91,"column":22},"end":{"line":93,"column":5}},"28":{"start":{"line":96,"column":4},"end":{"line":102,"column":5}},"29":{"start":{"line":97,"column":6},"end":{"line":97,"column":25}},"30":{"start":{"line":98,"column":6},"end":{"line":101,"column":7}},"31":{"start":{"line":100,"column":8},"end":{"line":100,"column":86}},"32":{"start":{"line":104,"column":4},"end":{"line":104,"column":21}},"33":{"start":{"line":108,"column":0},"end":{"line":108,"column":28}}},"fnMap":{"0":{"name":"(anonymous_0)","decl":{"start":{"line":10,"column":2},"end":{"line":10,"column":3}},"loc":{"start":{"line":10,"column":34},"end":{"line":14,"column":3}},"line":10},"1":{"name":"(anonymous_1)","decl":{"start":{"line":20,"column":2},"end":{"line":20,"column":3}},"loc":{"start":{"line":20,"column":13},"end":{"line":22,"column":3}},"line":20},"2":{"name":"(anonymous_2)","decl":{"start":{"line":28,"column":2},"end":{"line":28,"column":3}},"loc":{"start":{"line":28,"column":15},"end":{"line":32,"column":3}},"line":28},"3":{"name":"(anonymous_3)","decl":{"start":{"line":38,"column":2},"end":{"line":38,"column":3}},"loc":{"start":{"line":38,"column":22},"end":{"line":47,"column":3}},"line":38},"4":{"name":"(anonymous_4)","decl":{"start":{"line":54,"column":2},"end":{"line":54,"column":3}},"loc":{"start":{"line":54,"column":29},"end":{"line":82,"column":3}},"line":54},"5":{"name":"(anonymous_5)","decl":{"start":{"line":89,"column":2},"end":{"line":89,"column":3}},"loc":{"start":{"line":89,"column":23},"end":{"line":105,"column":3}},"line":89}},"branchMap":{"0":{"loc":{"start":{"line":21,"column":11},"end":{"line":21,"column":51}},"type":"binary-expr","locations":[{"start":{"line":21,"column":11},"end":{"line":21,"column":34}},{"start":{"line":21,"column":38},"end":{"line":21,"column":51}}],"line":21},"1":{"loc":{"start":{"line":29,"column":4},"end":{"line":31,"column":5}},"type":"if","locations":[{"start":{"line":29,"column":4},"end":{"line":31,"column":5}},{"start":{},"end":{}}],"line":29},"2":{"loc":{"start":{"line":72,"column":4},"end":{"line":74,"column":5}},"type":"if","locations":[{"start":{"line":72,"column":4},"end":{"line":74,"column":5}},{"start":{},"end":{}}],"line":72},"3":{"loc":{"start":{"line":92,"column":14},"end":{"line":92,"column":35}},"type":"binary-expr","locations":[{"start":{"line":92,"column":14},"end":{"line":92,"column":29}},{"start":{"line":92,"column":33},"end":{"line":92,"column":35}}],"line":92},"4":{"loc":{"start":{"line":96,"column":4},"end":{"line":102,"column":5}},"type":"if","locations":[{"start":{"line":96,"column":4},"end":{"line":102,"column":5}},{"start":{},"end":{}}],"line":96},"5":{"loc":{"start":{"line":96,"column":8},"end":{"line":96,"column":72}},"type":"binary-expr","locations":[{"start":{"line":96,"column":8},"end":{"line":96,"column":26}},{"start":{"line":96,"column":30},"end":{"line":96,"column":72}}],"line":96},"6":{"loc":{"start":{"line":100,"column":29},"end":{"line":100,"column":85}},"type":"cond-expr","locations":[{"start":{"line":100,"column":61},"end":{"line":100,"column":66}},{"start":{"line":100,"column":69},"end":{"line":100,"column":85}}],"line":100}},"s":{"0":1,"1":1,"2":4,"3":4,"4":4,"5":39,"6":91,"7":4,"8":52,"9":52,"10":52,"11":52,"12":39,"13":13,"14":39,"15":39,"16":39,"17":39,"18":39,"19":39,"20":39,"21":39,"22":39,"23":0,"24":39,"25":39,"26":39,"27":39,"28":39,"29":27,"30":27,"31":30,"32":39,"33":1},"f":{"0":4,"1":39,"2":91,"3":52,"4":39,"5":39},"b":{"0":[39,0],"1":[4,87],"2":[0,39],"3":[39,0],"4":[27,12],"5":[39,39],"6":[20,10]},"_coverageSchema":"1a1c01bbd47fc00a2c39e90264f33305004495a9","hash":"aa011f97678c2a5044cdb59738f8da7c26c491fb"}
,"D:\\Workspace\\Repos\\jamaynor\\mcps\\dj-config-mcp\\lib\\distribution\\clients\\claude-code.js": {"path":"D:\\Workspace\\Repos\\jamaynor\\mcps\\dj-config-mcp\\lib\\distribution\\clients\\claude-code.js","statementMap":{"0":{"start":{"line":6,"column":19},"end":{"line":6,"column":43}},"1":{"start":{"line":10,"column":4},"end":{"line":10,"column":35}},"2":{"start":{"line":19,"column":22},"end":{"line":19,"column":48}},"3":{"start":{"line":23,"column":4},"end":{"line":27,"column":5}},"4":{"start":{"line":24,"column":6},"end":{"line":26,"column":7}},"5":{"start":{"line":25,"column":8},"end":{"line":25,"column":46}},"6":{"start":{"line":29,"column":4},"end":{"line":29,"column":21}},"7":{"start":{"line":33,"column":0},"end":{"line":33,"column":34}}},"fnMap":{"0":{"name":"(anonymous_0)","decl":{"start":{"line":9,"column":2},"end":{"line":9,"column":3}},"loc":{"start":{"line":9,"column":24},"end":{"line":11,"column":3}},"line":9},"1":{"name":"(anonymous_1)","decl":{"start":{"line":18,"column":2},"end":{"line":18,"column":3}},"loc":{"start":{"line":18,"column":23},"end":{"line":30,"column":3}},"line":18}},"branchMap":{"0":{"loc":{"start":{"line":23,"column":4},"end":{"line":27,"column":5}},"type":"if","locations":[{"start":{"line":23,"column":4},"end":{"line":27,"column":5}},{"start":{},"end":{}}],"line":23}},"s":{"0":1,"1":1,"2":0,"3":0,"4":0,"5":0,"6":0,"7":1},"f":{"0":1,"1":0},"b":{"0":[0,0]},"_coverageSchema":"1a1c01bbd47fc00a2c39e90264f33305004495a9","hash":"8230cac7c1109dc914633b9faa88721db1725434"}
,"D:\\Workspace\\Repos\\jamaynor\\mcps\\dj-config-mcp\\lib\\distribution\\clients\\claude-desktop.js": {"path":"D:\\Workspace\\Repos\\jamaynor\\mcps\\dj-config-mcp\\lib\\distribution\\clients\\claude-desktop.js","statementMap":{"0":{"start":{"line":6,"column":19},"end":{"line":6,"column":43}},"1":{"start":{"line":10,"column":4},"end":{"line":10,"column":38}},"2":{"start":{"line":19,"column":22},"end":{"line":19,"column":48}},"3":{"start":{"line":23,"column":4},"end":{"line":27,"column":5}},"4":{"start":{"line":24,"column":6},"end":{"line":26,"column":7}},"5":{"start":{"line":25,"column":8},"end":{"line":25,"column":46}},"6":{"start":{"line":29,"column":4},"end":{"line":29,"column":21}},"7":{"start":{"line":33,"column":0},"end":{"line":33,"column":37}}},"fnMap":{"0":{"name":"(anonymous_0)","decl":{"start":{"line":9,"column":2},"end":{"line":9,"column":3}},"loc":{"start":{"line":9,"column":24},"end":{"line":11,"column":3}},"line":9},"1":{"name":"(anonymous_1)","decl":{"start":{"line":18,"column":2},"end":{"line":18,"column":3}},"loc":{"start":{"line":18,"column":23},"end":{"line":30,"column":3}},"line":18}},"branchMap":{"0":{"loc":{"start":{"line":23,"column":4},"end":{"line":27,"column":5}},"type":"if","locations":[{"start":{"line":23,"column":4},"end":{"line":27,"column":5}},{"start":{},"end":{}}],"line":23}},"s":{"0":1,"1":1,"2":13,"3":13,"4":9,"5":10,"6":13,"7":1},"f":{"0":1,"1":13},"b":{"0":[9,4]},"_coverageSchema":"1a1c01bbd47fc00a2c39e90264f33305004495a9","hash":"d9b11ce6990e191b121b273220765a46ae393565"}
,"D:\\Workspace\\Repos\\jamaynor\\mcps\\dj-config-mcp\\lib\\distribution\\clients\\cursor.js": {"path":"D:\\Workspace\\Repos\\jamaynor\\mcps\\dj-config-mcp\\lib\\distribution\\clients\\cursor.js","statementMap":{"0":{"start":{"line":6,"column":19},"end":{"line":6,"column":43}},"1":{"start":{"line":10,"column":4},"end":{"line":10,"column":30}},"2":{"start":{"line":19,"column":22},"end":{"line":19,"column":48}},"3":{"start":{"line":23,"column":4},"end":{"line":26,"column":5}},"4":{"start":{"line":24,"column":6},"end":{"line":24,"column":50}},"5":{"start":{"line":25,"column":6},"end":{"line":25,"column":38}},"6":{"start":{"line":28,"column":4},"end":{"line":31,"column":5}},"7":{"start":{"line":29,"column":6},"end":{"line":29,"column":44}},"8":{"start":{"line":30,"column":6},"end":{"line":30,"column":35}},"9":{"start":{"line":33,"column":4},"end":{"line":33,"column":21}},"10":{"start":{"line":37,"column":0},"end":{"line":37,"column":30}}},"fnMap":{"0":{"name":"(anonymous_0)","decl":{"start":{"line":9,"column":2},"end":{"line":9,"column":3}},"loc":{"start":{"line":9,"column":24},"end":{"line":11,"column":3}},"line":9},"1":{"name":"(anonymous_1)","decl":{"start":{"line":18,"column":2},"end":{"line":18,"column":3}},"loc":{"start":{"line":18,"column":23},"end":{"line":34,"column":3}},"line":18}},"branchMap":{"0":{"loc":{"start":{"line":23,"column":4},"end":{"line":26,"column":5}},"type":"if","locations":[{"start":{"line":23,"column":4},"end":{"line":26,"column":5}},{"start":{},"end":{}}],"line":23},"1":{"loc":{"start":{"line":28,"column":4},"end":{"line":31,"column":5}},"type":"if","locations":[{"start":{"line":28,"column":4},"end":{"line":31,"column":5}},{"start":{},"end":{}}],"line":28}},"s":{"0":1,"1":1,"2":13,"3":13,"4":0,"5":0,"6":13,"7":0,"8":0,"9":13,"10":1},"f":{"0":1,"1":13},"b":{"0":[0,13],"1":[0,13]},"_coverageSchema":"1a1c01bbd47fc00a2c39e90264f33305004495a9","hash":"65e4a3ff99e402d4ab71e38526ef05630278a5f2"}
,"D:\\Workspace\\Repos\\jamaynor\\mcps\\dj-config-mcp\\lib\\distribution\\clients\\vscode.js": {"path":"D:\\Workspace\\Repos\\jamaynor\\mcps\\dj-config-mcp\\lib\\distribution\\clients\\vscode.js","statementMap":{"0":{"start":{"line":6,"column":19},"end":{"line":6,"column":43}},"1":{"start":{"line":10,"column":4},"end":{"line":10,"column":30}},"2":{"start":{"line":19,"column":22},"end":{"line":19,"column":48}},"3":{"start":{"line":23,"column":4},"end":{"line":26,"column":5}},"4":{"start":{"line":24,"column":6},"end":{"line":24,"column":50}},"5":{"start":{"line":25,"column":6},"end":{"line":25,"column":38}},"6":{"start":{"line":28,"column":4},"end":{"line":31,"column":5}},"7":{"start":{"line":29,"column":6},"end":{"line":29,"column":44}},"8":{"start":{"line":30,"column":6},"end":{"line":30,"column":35}},"9":{"start":{"line":33,"column":4},"end":{"line":33,"column":21}},"10":{"start":{"line":37,"column":0},"end":{"line":37,"column":30}}},"fnMap":{"0":{"name":"(anonymous_0)","decl":{"start":{"line":9,"column":2},"end":{"line":9,"column":3}},"loc":{"start":{"line":9,"column":24},"end":{"line":11,"column":3}},"line":9},"1":{"name":"(anonymous_1)","decl":{"start":{"line":18,"column":2},"end":{"line":18,"column":3}},"loc":{"start":{"line":18,"column":23},"end":{"line":34,"column":3}},"line":18}},"branchMap":{"0":{"loc":{"start":{"line":23,"column":4},"end":{"line":26,"column":5}},"type":"if","locations":[{"start":{"line":23,"column":4},"end":{"line":26,"column":5}},{"start":{},"end":{}}],"line":23},"1":{"loc":{"start":{"line":28,"column":4},"end":{"line":31,"column":5}},"type":"if","locations":[{"start":{"line":28,"column":4},"end":{"line":31,"column":5}},{"start":{},"end":{}}],"line":28}},"s":{"0":1,"1":1,"2":13,"3":13,"4":0,"5":0,"6":13,"7":0,"8":0,"9":13,"10":1},"f":{"0":1,"1":13},"b":{"0":[0,13],"1":[0,13]},"_coverageSchema":"1a1c01bbd47fc00a2c39e90264f33305004495a9","hash":"a74280f3c2101a2f58d9f1636c2140df91f5a2dd"}
,"D:\\Workspace\\Repos\\jamaynor\\mcps\\dj-config-mcp\\lib\\security\\detector.js": {"path":"D:\\Workspace\\Repos\\jamaynor\\mcps\\dj-config-mcp\\lib\\security\\detector.js","statementMap":{"0":{"start":{"line":6,"column":23},"end":{"line":6,"column":65}},"1":{"start":{"line":10,"column":4},"end":{"line":10,"column":47}},"2":{"start":{"line":11,"column":4},"end":{"line":11,"column":25}},"3":{"start":{"line":19,"column":4},"end":{"line":27,"column":5}},"4":{"start":{"line":20,"column":6},"end":{"line":26,"column":7}},"5":{"start":{"line":21,"column":25},"end":{"line":21,"column":65}},"6":{"start":{"line":22,"column":8},"end":{"line":22,"column":80}},"7":{"start":{"line":25,"column":8},"end":{"line":25,"column":50}},"8":{"start":{"line":28,"column":4},"end":{"line":28,"column":25}},"9":{"start":{"line":36,"column":4},"end":{"line":44,"column":6}},"10":{"start":{"line":53,"column":21},"end":{"line":53,"column":46}},"11":{"start":{"line":54,"column":21},"end":{"line":54,"column":38}},"12":{"start":{"line":55,"column":4},"end":{"line":55,"column":78}},"13":{"start":{"line":55,"column":36},"end":{"line":55,"column":76}},"14":{"start":{"line":59,"column":0},"end":{"line":59,"column":34}}},"fnMap":{"0":{"name":"(anonymous_0)","decl":{"start":{"line":9,"column":2},"end":{"line":9,"column":3}},"loc":{"start":{"line":9,"column":16},"end":{"line":12,"column":3}},"line":9},"1":{"name":"(anonymous_1)","decl":{"start":{"line":18,"column":2},"end":{"line":18,"column":3}},"loc":{"start":{"line":18,"column":23},"end":{"line":29,"column":3}},"line":18},"2":{"name":"(anonymous_2)","decl":{"start":{"line":35,"column":2},"end":{"line":35,"column":3}},"loc":{"start":{"line":35,"column":23},"end":{"line":45,"column":3}},"line":35},"3":{"name":"(anonymous_3)","decl":{"start":{"line":52,"column":2},"end":{"line":52,"column":3}},"loc":{"start":{"line":52,"column":25},"end":{"line":56,"column":3}},"line":52},"4":{"name":"(anonymous_4)","decl":{"start":{"line":55,"column":25},"end":{"line":55,"column":26}},"loc":{"start":{"line":55,"column":36},"end":{"line":55,"column":76}},"line":55}},"branchMap":{"0":{"loc":{"start":{"line":19,"column":4},"end":{"line":27,"column":5}},"type":"if","locations":[{"start":{"line":19,"column":4},"end":{"line":27,"column":5}},{"start":{},"end":{}}],"line":19},"1":{"loc":{"start":{"line":22,"column":24},"end":{"line":22,"column":79}},"type":"binary-expr","locations":[{"start":{"line":22,"column":24},"end":{"line":22,"column":50}},{"start":{"line":22,"column":54},"end":{"line":22,"column":79}}],"line":22}},"s":{"0":1,"1":1,"2":1,"3":13,"4":1,"5":1,"6":1,"7":1,"8":13,"9":1,"10":13,"11":13,"12":13,"13":53,"14":1},"f":{"0":1,"1":13,"2":1,"3":13,"4":53},"b":{"0":[1,12],"1":[1,0]},"_coverageSchema":"1a1c01bbd47fc00a2c39e90264f33305004495a9","hash":"d8c4582c04ac48d9101d0c453f2a159153154cbb"}
,"D:\\Workspace\\Repos\\jamaynor\\mcps\\dj-config-mcp\\lib\\storage\\env-storage.js": {"path":"D:\\Workspace\\Repos\\jamaynor\\mcps\\dj-config-mcp\\lib\\storage\\env-storage.js","statementMap":{"0":{"start":{"line":6,"column":11},"end":{"line":6,"column":33}},"1":{"start":{"line":7,"column":13},"end":{"line":7,"column":28}},"2":{"start":{"line":8,"column":15},"end":{"line":8,"column":32}},"3":{"start":{"line":12,"column":4},"end":{"line":12,"column":42}},"4":{"start":{"line":13,"column":4},"end":{"line":13,"column":43}},"5":{"start":{"line":17,"column":20},"end":{"line":19,"column":24}},"6":{"start":{"line":20,"column":4},"end":{"line":20,"column":54}},"7":{"start":{"line":29,"column":4},"end":{"line":36,"column":5}},"8":{"start":{"line":30,"column":6},"end":{"line":30,"column":48}},"9":{"start":{"line":32,"column":6},"end":{"line":34,"column":7}},"10":{"start":{"line":33,"column":8},"end":{"line":33,"column":18}},"11":{"start":{"line":35,"column":6},"end":{"line":35,"column":18}},"12":{"start":{"line":46,"column":16},"end":{"line":46,"column":37}},"13":{"start":{"line":49,"column":4},"end":{"line":49,"column":45}},"14":{"start":{"line":52,"column":4},"end":{"line":52,"column":41}},"15":{"start":{"line":55,"column":4},"end":{"line":57,"column":5}},"16":{"start":{"line":56,"column":6},"end":{"line":56,"column":37}},"17":{"start":{"line":66,"column":4},"end":{"line":66,"column":33}},"18":{"start":{"line":75,"column":18},"end":{"line":79,"column":5}},"19":{"start":{"line":81,"column":4},"end":{"line":85,"column":5}},"20":{"start":{"line":83,"column":27},"end":{"line":83,"column":50}},"21":{"start":{"line":84,"column":6},"end":{"line":84,"column":43}},"22":{"start":{"line":87,"column":4},"end":{"line":87,"column":35}},"23":{"start":{"line":96,"column":4},"end":{"line":98,"column":5}},"24":{"start":{"line":97,"column":6},"end":{"line":97,"column":28}},"25":{"start":{"line":101,"column":4},"end":{"line":104,"column":5}},"26":{"start":{"line":103,"column":6},"end":{"line":103,"column":47}},"27":{"start":{"line":106,"column":4},"end":{"line":106,"column":17}},"28":{"start":{"line":116,"column":4},"end":{"line":116,"column":49}},"29":{"start":{"line":126,"column":4},"end":{"line":126,"column":51}},"30":{"start":{"line":137,"column":20},"end":{"line":137,"column":63}},"31":{"start":{"line":140,"column":19},"end":{"line":140,"column":37}},"32":{"start":{"line":143,"column":23},"end":{"line":143,"column":47}},"33":{"start":{"line":144,"column":20},"end":{"line":144,"column":42}},"34":{"start":{"line":147,"column":4},"end":{"line":147,"column":28}},"35":{"start":{"line":150,"column":23},"end":{"line":150,"column":46}},"36":{"start":{"line":151,"column":4},"end":{"line":151,"column":42}},"37":{"start":{"line":161,"column":20},"end":{"line":161,"column":63}},"38":{"start":{"line":162,"column":19},"end":{"line":162,"column":37}},"39":{"start":{"line":165,"column":4},"end":{"line":167,"column":5}},"40":{"start":{"line":166,"column":6},"end":{"line":166,"column":33}},"41":{"start":{"line":170,"column":23},"end":{"line":170,"column":47}},"42":{"start":{"line":171,"column":20},"end":{"line":171,"column":42}},"43":{"start":{"line":173,"column":4},"end":{"line":173,"column":27}},"44":{"start":{"line":183,"column":20},"end":{"line":183,"column":63}},"45":{"start":{"line":184,"column":19},"end":{"line":184,"column":37}},"46":{"start":{"line":187,"column":23},"end":{"line":187,"column":47}},"47":{"start":{"line":188,"column":20},"end":{"line":188,"column":42}},"48":{"start":{"line":191,"column":4},"end":{"line":191,"column":27}},"49":{"start":{"line":194,"column":23},"end":{"line":194,"column":46}},"50":{"start":{"line":195,"column":4},"end":{"line":195,"column":42}},"51":{"start":{"line":204,"column":20},"end":{"line":204,"column":63}},"52":{"start":{"line":205,"column":23},"end":{"line":205,"column":47}},"53":{"start":{"line":206,"column":20},"end":{"line":206,"column":42}},"54":{"start":{"line":209,"column":4},"end":{"line":209,"column":71}},"55":{"start":{"line":209,"column":46},"end":{"line":209,"column":69}},"56":{"start":{"line":218,"column":20},"end":{"line":218,"column":63}},"57":{"start":{"line":219,"column":23},"end":{"line":219,"column":47}},"58":{"start":{"line":220,"column":4},"end":{"line":220,"column":34}},"59":{"start":{"line":229,"column":22},"end":{"line":229,"column":54}},"60":{"start":{"line":230,"column":21},"end":{"line":230,"column":52}},"61":{"start":{"line":232,"column":4},"end":{"line":235,"column":5}},"62":{"start":{"line":233,"column":19},"end":{"line":233,"column":40}},"63":{"start":{"line":234,"column":6},"end":{"line":234,"column":39}},"64":{"start":{"line":237,"column":4},"end":{"line":240,"column":5}},"65":{"start":{"line":238,"column":19},"end":{"line":238,"column":39}},"66":{"start":{"line":239,"column":6},"end":{"line":239,"column":39}},"67":{"start":{"line":244,"column":0},"end":{"line":244,"column":28}}},"fnMap":{"0":{"name":"(anonymous_0)","decl":{"start":{"line":11,"column":2},"end":{"line":11,"column":3}},"loc":{"start":{"line":11,"column":16},"end":{"line":14,"column":3}},"line":11},"1":{"name":"(anonymous_1)","decl":{"start":{"line":16,"column":2},"end":{"line":16,"column":3}},"loc":{"start":{"line":16,"column":18},"end":{"line":21,"column":3}},"line":16},"2":{"name":"(anonymous_2)","decl":{"start":{"line":28,"column":2},"end":{"line":28,"column":3}},"loc":{"start":{"line":28,"column":22},"end":{"line":37,"column":3}},"line":28},"3":{"name":"(anonymous_3)","decl":{"start":{"line":45,"column":2},"end":{"line":45,"column":3}},"loc":{"start":{"line":45,"column":32},"end":{"line":58,"column":3}},"line":45},"4":{"name":"(anonymous_4)","decl":{"start":{"line":65,"column":2},"end":{"line":65,"column":3}},"loc":{"start":{"line":65,"column":17},"end":{"line":67,"column":3}},"line":65},"5":{"name":"(anonymous_5)","decl":{"start":{"line":74,"column":2},"end":{"line":74,"column":3}},"loc":{"start":{"line":74,"column":21},"end":{"line":88,"column":3}},"line":74},"6":{"name":"(anonymous_6)","decl":{"start":{"line":95,"column":2},"end":{"line":95,"column":3}},"loc":{"start":{"line":95,"column":21},"end":{"line":107,"column":3}},"line":95},"7":{"name":"(anonymous_7)","decl":{"start":{"line":114,"column":2},"end":{"line":114,"column":3}},"loc":{"start":{"line":114,"column":16},"end":{"line":117,"column":3}},"line":114},"8":{"name":"(anonymous_8)","decl":{"start":{"line":124,"column":2},"end":{"line":124,"column":3}},"loc":{"start":{"line":124,"column":21},"end":{"line":127,"column":3}},"line":124},"9":{"name":"(anonymous_9)","decl":{"start":{"line":136,"column":2},"end":{"line":136,"column":3}},"loc":{"start":{"line":136,"column":42},"end":{"line":152,"column":3}},"line":136},"10":{"name":"(anonymous_10)","decl":{"start":{"line":160,"column":2},"end":{"line":160,"column":3}},"loc":{"start":{"line":160,"column":35},"end":{"line":174,"column":3}},"line":160},"11":{"name":"(anonymous_11)","decl":{"start":{"line":182,"column":2},"end":{"line":182,"column":3}},"loc":{"start":{"line":182,"column":38},"end":{"line":196,"column":3}},"line":182},"12":{"name":"(anonymous_12)","decl":{"start":{"line":203,"column":2},"end":{"line":203,"column":3}},"loc":{"start":{"line":203,"column":37},"end":{"line":210,"column":3}},"line":203},"13":{"name":"(anonymous_13)","decl":{"start":{"line":209,"column":36},"end":{"line":209,"column":37}},"loc":{"start":{"line":209,"column":46},"end":{"line":209,"column":69}},"line":209},"14":{"name":"(anonymous_14)","decl":{"start":{"line":217,"column":2},"end":{"line":217,"column":3}},"loc":{"start":{"line":217,"column":33},"end":{"line":221,"column":3}},"line":217},"15":{"name":"(anonymous_15)","decl":{"start":{"line":227,"column":2},"end":{"line":227,"column":3}},"loc":{"start":{"line":227,"column":15},"end":{"line":241,"column":3}},"line":227}},"branchMap":{"0":{"loc":{"start":{"line":17,"column":20},"end":{"line":19,"column":24}},"type":"cond-expr","locations":[{"start":{"line":18,"column":8},"end":{"line":18,"column":31}},{"start":{"line":19,"column":8},"end":{"line":19,"column":24}}],"line":17},"1":{"loc":{"start":{"line":32,"column":6},"end":{"line":34,"column":7}},"type":"if","locations":[{"start":{"line":32,"column":6},"end":{"line":34,"column":7}},{"start":{},"end":{}}],"line":32},"2":{"loc":{"start":{"line":55,"column":4},"end":{"line":57,"column":5}},"type":"if","locations":[{"start":{"line":55,"column":4},"end":{"line":57,"column":5}},{"start":{},"end":{}}],"line":55},"3":{"loc":{"start":{"line":96,"column":4},"end":{"line":98,"column":5}},"type":"if","locations":[{"start":{"line":96,"column":4},"end":{"line":98,"column":5}},{"start":{},"end":{}}],"line":96},"4":{"loc":{"start":{"line":101,"column":4},"end":{"line":104,"column":5}},"type":"if","locations":[{"start":{"line":101,"column":4},"end":{"line":104,"column":5}},{"start":{},"end":{}}],"line":101},"5":{"loc":{"start":{"line":101,"column":8},"end":{"line":101,"column":96}},"type":"binary-expr","locations":[{"start":{"line":101,"column":8},"end":{"line":101,"column":27}},{"start":{"line":101,"column":31},"end":{"line":101,"column":50}},{"start":{"line":101,"column":54},"end":{"line":101,"column":73}},{"start":{"line":101,"column":77},"end":{"line":101,"column":96}}],"line":101},"6":{"loc":{"start":{"line":136,"column":24},"end":{"line":136,"column":40}},"type":"default-arg","locations":[{"start":{"line":136,"column":35},"end":{"line":136,"column":40}}],"line":136},"7":{"loc":{"start":{"line":137,"column":20},"end":{"line":137,"column":63}},"type":"cond-expr","locations":[{"start":{"line":137,"column":31},"end":{"line":137,"column":46}},{"start":{"line":137,"column":49},"end":{"line":137,"column":63}}],"line":137},"8":{"loc":{"start":{"line":160,"column":17},"end":{"line":160,"column":33}},"type":"default-arg","locations":[{"start":{"line":160,"column":28},"end":{"line":160,"column":33}}],"line":160},"9":{"loc":{"start":{"line":161,"column":20},"end":{"line":161,"column":63}},"type":"cond-expr","locations":[{"start":{"line":161,"column":31},"end":{"line":161,"column":46}},{"start":{"line":161,"column":49},"end":{"line":161,"column":63}}],"line":161},"10":{"loc":{"start":{"line":165,"column":4},"end":{"line":167,"column":5}},"type":"if","locations":[{"start":{"line":165,"column":4},"end":{"line":167,"column":5}},{"start":{},"end":{}}],"line":165},"11":{"loc":{"start":{"line":182,"column":20},"end":{"line":182,"column":36}},"type":"default-arg","locations":[{"start":{"line":182,"column":31},"end":{"line":182,"column":36}}],"line":182},"12":{"loc":{"start":{"line":183,"column":20},"end":{"line":183,"column":63}},"type":"cond-expr","locations":[{"start":{"line":183,"column":31},"end":{"line":183,"column":46}},{"start":{"line":183,"column":49},"end":{"line":183,"column":63}}],"line":183},"13":{"loc":{"start":{"line":203,"column":19},"end":{"line":203,"column":35}},"type":"default-arg","locations":[{"start":{"line":203,"column":30},"end":{"line":203,"column":35}}],"line":203},"14":{"loc":{"start":{"line":204,"column":20},"end":{"line":204,"column":63}},"type":"cond-expr","locations":[{"start":{"line":204,"column":31},"end":{"line":204,"column":46}},{"start":{"line":204,"column":49},"end":{"line":204,"column":63}}],"line":204},"15":{"loc":{"start":{"line":217,"column":15},"end":{"line":217,"column":31}},"type":"default-arg","locations":[{"start":{"line":217,"column":26},"end":{"line":217,"column":31}}],"line":217},"16":{"loc":{"start":{"line":218,"column":20},"end":{"line":218,"column":63}},"type":"cond-expr","locations":[{"start":{"line":218,"column":31},"end":{"line":218,"column":46}},{"start":{"line":218,"column":49},"end":{"line":218,"column":63}}],"line":218},"17":{"loc":{"start":{"line":232,"column":4},"end":{"line":235,"column":5}},"type":"if","locations":[{"start":{"line":232,"column":4},"end":{"line":235,"column":5}},{"start":{},"end":{}}],"line":232},"18":{"loc":{"start":{"line":237,"column":4},"end":{"line":240,"column":5}},"type":"if","locations":[{"start":{"line":237,"column":4},"end":{"line":240,"column":5}},{"start":{},"end":{}}],"line":237}},"s":{"0":1,"1":1,"2":1,"3":14,"4":14,"5":14,"6":14,"7":40,"8":40,"9":25,"10":25,"11":0,"12":9,"13":9,"14":9,"15":9,"16":0,"17":37,"18":9,"19":9,"20":10,"21":10,"22":9,"23":10,"24":0,"25":10,"26":0,"27":10,"28":19,"29":2,"30":9,"31":9,"32":9,"33":9,"34":9,"35":9,"36":9,"37":10,"38":10,"39":10,"40":0,"41":10,"42":10,"43":10,"44":0,"45":0,"46":0,"47":0,"48":0,"49":0,"50":0,"51":2,"52":2,"53":2,"54":2,"55":2,"56":15,"57":15,"58":15,"59":2,"60":2,"61":2,"62":0,"63":0,"64":2,"65":1,"66":1,"67":1},"f":{"0":14,"1":14,"2":40,"3":9,"4":37,"5":9,"6":10,"7":19,"8":2,"9":9,"10":10,"11":0,"12":2,"13":2,"14":15,"15":2},"b":{"0":[14,0],"1":[25,0],"2":[0,9],"3":[0,10],"4":[0,10],"5":[10,10,10,10],"6":[9],"7":[0,9],"8":[1],"9":[2,8],"10":[0,10],"11":[0],"12":[0,0],"13":[0],"14":[1,1],"15":[0],"16":[1,14],"17":[0,2],"18":[1,1]},"_coverageSchema":"1a1c01bbd47fc00a2c39e90264f33305004495a9","hash":"a4e89b7e58002ae2286a9d569a72918c36764d09"}
,"D:\\Workspace\\Repos\\jamaynor\\mcps\\dj-config-mcp\\lib\\storage\\gitignore.js": {"path":"D:\\Workspace\\Repos\\jamaynor\\mcps\\dj-config-mcp\\lib\\storage\\gitignore.js","statementMap":{"0":{"start":{"line":6,"column":11},"end":{"line":6,"column":33}},"1":{"start":{"line":7,"column":13},"end":{"line":7,"column":28}},"2":{"start":{"line":11,"column":4},"end":{"line":11,"column":41}},"3":{"start":{"line":12,"column":4},"end":{"line":12,"column":43}},"4":{"start":{"line":22,"column":4},"end":{"line":22,"column":25}},"5":{"start":{"line":22,"column":18},"end":{"line":22,"column":25}},"6":{"start":{"line":24,"column":4},"end":{"line":76,"column":5}},"7":{"start":{"line":26,"column":20},"end":{"line":26,"column":22}},"8":{"start":{"line":27,"column":6},"end":{"line":34,"column":7}},"9":{"start":{"line":28,"column":8},"end":{"line":28,"column":65}},"10":{"start":{"line":30,"column":8},"end":{"line":32,"column":9}},"11":{"start":{"line":31,"column":10},"end":{"line":31,"column":22}},"12":{"start":{"line":37,"column":20},"end":{"line":37,"column":39}},"13":{"start":{"line":38,"column":26},"end":{"line":43,"column":7}},"14":{"start":{"line":46,"column":28},"end":{"line":49,"column":8}},"15":{"start":{"line":47,"column":24},"end":{"line":47,"column":35}},"16":{"start":{"line":48,"column":8},"end":{"line":48,"column":93}},"17":{"start":{"line":48,"column":43},"end":{"line":48,"column":91}},"18":{"start":{"line":51,"column":6},"end":{"line":72,"column":7}},"19":{"start":{"line":53,"column":25},"end":{"line":53,"column":35}},"20":{"start":{"line":56,"column":8},"end":{"line":58,"column":9}},"21":{"start":{"line":57,"column":10},"end":{"line":57,"column":28}},"22":{"start":{"line":61,"column":8},"end":{"line":63,"column":9}},"23":{"start":{"line":62,"column":10},"end":{"line":62,"column":28}},"24":{"start":{"line":64,"column":8},"end":{"line":64,"column":65}},"25":{"start":{"line":65,"column":8},"end":{"line":65,"column":41}},"26":{"start":{"line":66,"column":8},"end":{"line":66,"column":26}},"27":{"start":{"line":69,"column":8},"end":{"line":69,"column":69}},"28":{"start":{"line":71,"column":8},"end":{"line":71,"column":74}},"29":{"start":{"line":74,"column":6},"end":{"line":74,"column":76}},"30":{"start":{"line":80,"column":0},"end":{"line":80,"column":34}}},"fnMap":{"0":{"name":"(anonymous_0)","decl":{"start":{"line":10,"column":2},"end":{"line":10,"column":3}},"loc":{"start":{"line":10,"column":16},"end":{"line":13,"column":3}},"line":10},"1":{"name":"(anonymous_1)","decl":{"start":{"line":20,"column":2},"end":{"line":20,"column":3}},"loc":{"start":{"line":20,"column":33},"end":{"line":77,"column":3}},"line":20},"2":{"name":"(anonymous_2)","decl":{"start":{"line":46,"column":39},"end":{"line":46,"column":40}},"loc":{"start":{"line":46,"column":47},"end":{"line":49,"column":7}},"line":46},"3":{"name":"(anonymous_3)","decl":{"start":{"line":48,"column":32},"end":{"line":48,"column":33}},"loc":{"start":{"line":48,"column":43},"end":{"line":48,"column":91}},"line":48}},"branchMap":{"0":{"loc":{"start":{"line":20,"column":15},"end":{"line":20,"column":31}},"type":"default-arg","locations":[{"start":{"line":20,"column":26},"end":{"line":20,"column":31}}],"line":20},"1":{"loc":{"start":{"line":22,"column":4},"end":{"line":22,"column":25}},"type":"if","locations":[{"start":{"line":22,"column":4},"end":{"line":22,"column":25}},{"start":{},"end":{}}],"line":22},"2":{"loc":{"start":{"line":30,"column":8},"end":{"line":32,"column":9}},"type":"if","locations":[{"start":{"line":30,"column":8},"end":{"line":32,"column":9}},{"start":{},"end":{}}],"line":30},"3":{"loc":{"start":{"line":48,"column":43},"end":{"line":48,"column":91}},"type":"binary-expr","locations":[{"start":{"line":48,"column":43},"end":{"line":48,"column":62}},{"start":{"line":48,"column":66},"end":{"line":48,"column":91}}],"line":48},"4":{"loc":{"start":{"line":51,"column":6},"end":{"line":72,"column":7}},"type":"if","locations":[{"start":{"line":51,"column":6},"end":{"line":72,"column":7}},{"start":{},"end":{}}],"line":51},"5":{"loc":{"start":{"line":56,"column":8},"end":{"line":58,"column":9}},"type":"if","locations":[{"start":{"line":56,"column":8},"end":{"line":58,"column":9}},{"start":{},"end":{}}],"line":56},"6":{"loc":{"start":{"line":56,"column":12},"end":{"line":56,"column":57}},"type":"binary-expr","locations":[{"start":{"line":56,"column":12},"end":{"line":56,"column":30}},{"start":{"line":56,"column":34},"end":{"line":56,"column":57}}],"line":56},"7":{"loc":{"start":{"line":61,"column":8},"end":{"line":63,"column":9}},"type":"if","locations":[{"start":{"line":61,"column":8},"end":{"line":63,"column":9}},{"start":{},"end":{}}],"line":61}},"s":{"0":1,"1":1,"2":14,"3":14,"4":9,"5":0,"6":9,"7":9,"8":9,"9":9,"10":8,"11":0,"12":9,"13":9,"14":9,"15":11,"16":11,"17":41,"18":9,"19":8,"20":8,"21":0,"22":8,"23":0,"24":8,"25":8,"26":8,"27":8,"28":8,"29":0,"30":1},"f":{"0":14,"1":9,"2":11,"3":41},"b":{"0":[9],"1":[0,9],"2":[0,8],"3":[41,40],"4":[8,1],"5":[0,8],"6":[8,0],"7":[0,8]},"_coverageSchema":"1a1c01bbd47fc00a2c39e90264f33305004495a9","hash":"bac6c5226837124ff3c03b5a960e9116ceb87c5b"}
,"D:\\Workspace\\Repos\\jamaynor\\mcps\\dj-config-mcp\\lib\\storage\\json-storage.js": {"path":"D:\\Workspace\\Repos\\jamaynor\\mcps\\dj-config-mcp\\lib\\storage\\json-storage.js","statementMap":{"0":{"start":{"line":6,"column":11},"end":{"line":6,"column":33}},"1":{"start":{"line":7,"column":13},"end":{"line":7,"column":28}},"2":{"start":{"line":11,"column":4},"end":{"line":11,"column":50}},"3":{"start":{"line":12,"column":4},"end":{"line":12,"column":43}},"4":{"start":{"line":16,"column":20},"end":{"line":18,"column":24}},"5":{"start":{"line":19,"column":4},"end":{"line":19,"column":61}},"6":{"start":{"line":28,"column":4},"end":{"line":36,"column":5}},"7":{"start":{"line":29,"column":22},"end":{"line":29,"column":59}},"8":{"start":{"line":30,"column":6},"end":{"line":30,"column":33}},"9":{"start":{"line":32,"column":6},"end":{"line":34,"column":7}},"10":{"start":{"line":33,"column":8},"end":{"line":33,"column":20}},"11":{"start":{"line":35,"column":6},"end":{"line":35,"column":18}},"12":{"start":{"line":46,"column":16},"end":{"line":46,"column":40}},"13":{"start":{"line":49,"column":4},"end":{"line":49,"column":45}},"14":{"start":{"line":52,"column":4},"end":{"line":52,"column":68}},"15":{"start":{"line":63,"column":23},"end":{"line":63,"column":66}},"16":{"start":{"line":64,"column":19},"end":{"line":64,"column":52}},"17":{"start":{"line":67,"column":4},"end":{"line":67,"column":44}},"18":{"start":{"line":69,"column":4},"end":{"line":69,"column":41}},"19":{"start":{"line":79,"column":23},"end":{"line":79,"column":66}},"20":{"start":{"line":80,"column":19},"end":{"line":80,"column":52}},"21":{"start":{"line":82,"column":4},"end":{"line":82,"column":44}},"22":{"start":{"line":92,"column":23},"end":{"line":92,"column":66}},"23":{"start":{"line":93,"column":19},"end":{"line":93,"column":46}},"24":{"start":{"line":95,"column":4},"end":{"line":95,"column":24}},"25":{"start":{"line":95,"column":17},"end":{"line":95,"column":24}},"26":{"start":{"line":97,"column":4},"end":{"line":97,"column":40}},"27":{"start":{"line":99,"column":4},"end":{"line":99,"column":41}},"28":{"start":{"line":108,"column":23},"end":{"line":108,"column":66}},"29":{"start":{"line":109,"column":19},"end":{"line":109,"column":52}},"30":{"start":{"line":111,"column":4},"end":{"line":111,"column":36}},"31":{"start":{"line":120,"column":23},"end":{"line":120,"column":66}},"32":{"start":{"line":121,"column":4},"end":{"line":121,"column":45}},"33":{"start":{"line":131,"column":17},"end":{"line":131,"column":32}},"34":{"start":{"line":132,"column":18},"end":{"line":132,"column":21}},"35":{"start":{"line":134,"column":4},"end":{"line":139,"column":5}},"36":{"start":{"line":134,"column":17},"end":{"line":134,"column":18}},"37":{"start":{"line":135,"column":6},"end":{"line":137,"column":7}},"38":{"start":{"line":136,"column":8},"end":{"line":136,"column":30}},"39":{"start":{"line":138,"column":6},"end":{"line":138,"column":33}},"40":{"start":{"line":141,"column":4},"end":{"line":141,"column":43}},"41":{"start":{"line":151,"column":17},"end":{"line":151,"column":32}},"42":{"start":{"line":152,"column":18},"end":{"line":152,"column":21}},"43":{"start":{"line":154,"column":4},"end":{"line":160,"column":5}},"44":{"start":{"line":155,"column":6},"end":{"line":159,"column":7}},"45":{"start":{"line":156,"column":8},"end":{"line":156,"column":31}},"46":{"start":{"line":158,"column":8},"end":{"line":158,"column":25}},"47":{"start":{"line":162,"column":4},"end":{"line":162,"column":19}},"48":{"start":{"line":171,"column":17},"end":{"line":171,"column":32}},"49":{"start":{"line":172,"column":18},"end":{"line":172,"column":21}},"50":{"start":{"line":174,"column":4},"end":{"line":179,"column":5}},"51":{"start":{"line":174,"column":17},"end":{"line":174,"column":18}},"52":{"start":{"line":175,"column":6},"end":{"line":177,"column":7}},"53":{"start":{"line":176,"column":8},"end":{"line":176,"column":15}},"54":{"start":{"line":178,"column":6},"end":{"line":178,"column":33}},"55":{"start":{"line":181,"column":4},"end":{"line":181,"column":42}},"56":{"start":{"line":191,"column":17},"end":{"line":191,"column":19}},"57":{"start":{"line":193,"column":4},"end":{"line":203,"column":5}},"58":{"start":{"line":194,"column":6},"end":{"line":202,"column":7}},"59":{"start":{"line":195,"column":24},"end":{"line":195,"column":57}},"60":{"start":{"line":197,"column":8},"end":{"line":201,"column":9}},"61":{"start":{"line":198,"column":10},"end":{"line":198,"column":60}},"62":{"start":{"line":200,"column":10},"end":{"line":200,"column":29}},"63":{"start":{"line":205,"column":4},"end":{"line":205,"column":16}},"64":{"start":{"line":209,"column":0},"end":{"line":209,"column":29}}},"fnMap":{"0":{"name":"(anonymous_0)","decl":{"start":{"line":10,"column":2},"end":{"line":10,"column":3}},"loc":{"start":{"line":10,"column":16},"end":{"line":13,"column":3}},"line":10},"1":{"name":"(anonymous_1)","decl":{"start":{"line":15,"column":2},"end":{"line":15,"column":3}},"loc":{"start":{"line":15,"column":18},"end":{"line":20,"column":3}},"line":15},"2":{"name":"(anonymous_2)","decl":{"start":{"line":27,"column":2},"end":{"line":27,"column":3}},"loc":{"start":{"line":27,"column":25},"end":{"line":37,"column":3}},"line":27},"3":{"name":"(anonymous_3)","decl":{"start":{"line":45,"column":2},"end":{"line":45,"column":3}},"loc":{"start":{"line":45,"column":34},"end":{"line":53,"column":3}},"line":45},"4":{"name":"(anonymous_4)","decl":{"start":{"line":62,"column":2},"end":{"line":62,"column":3}},"loc":{"start":{"line":62,"column":42},"end":{"line":70,"column":3}},"line":62},"5":{"name":"(anonymous_5)","decl":{"start":{"line":78,"column":2},"end":{"line":78,"column":3}},"loc":{"start":{"line":78,"column":35},"end":{"line":83,"column":3}},"line":78},"6":{"name":"(anonymous_6)","decl":{"start":{"line":91,"column":2},"end":{"line":91,"column":3}},"loc":{"start":{"line":91,"column":38},"end":{"line":100,"column":3}},"line":91},"7":{"name":"(anonymous_7)","decl":{"start":{"line":107,"column":2},"end":{"line":107,"column":3}},"loc":{"start":{"line":107,"column":37},"end":{"line":112,"column":3}},"line":107},"8":{"name":"(anonymous_8)","decl":{"start":{"line":119,"column":2},"end":{"line":119,"column":3}},"loc":{"start":{"line":119,"column":33},"end":{"line":122,"column":3}},"line":119},"9":{"name":"(anonymous_9)","decl":{"start":{"line":130,"column":2},"end":{"line":130,"column":3}},"loc":{"start":{"line":130,"column":35},"end":{"line":142,"column":3}},"line":130},"10":{"name":"(anonymous_10)","decl":{"start":{"line":150,"column":2},"end":{"line":150,"column":3}},"loc":{"start":{"line":150,"column":28},"end":{"line":163,"column":3}},"line":150},"11":{"name":"(anonymous_11)","decl":{"start":{"line":170,"column":2},"end":{"line":170,"column":3}},"loc":{"start":{"line":170,"column":31},"end":{"line":182,"column":3}},"line":170},"12":{"name":"(anonymous_12)","decl":{"start":{"line":190,"column":2},"end":{"line":190,"column":3}},"loc":{"start":{"line":190,"column":32},"end":{"line":206,"column":3}},"line":190}},"branchMap":{"0":{"loc":{"start":{"line":16,"column":20},"end":{"line":18,"column":24}},"type":"cond-expr","locations":[{"start":{"line":17,"column":8},"end":{"line":17,"column":31}},{"start":{"line":18,"column":8},"end":{"line":18,"column":24}}],"line":16},"1":{"loc":{"start":{"line":32,"column":6},"end":{"line":34,"column":7}},"type":"if","locations":[{"start":{"line":32,"column":6},"end":{"line":34,"column":7}},{"start":{},"end":{}}],"line":32},"2":{"loc":{"start":{"line":62,"column":24},"end":{"line":62,"column":40}},"type":"default-arg","locations":[{"start":{"line":62,"column":35},"end":{"line":62,"column":40}}],"line":62},"3":{"loc":{"start":{"line":63,"column":23},"end":{"line":63,"column":66}},"type":"cond-expr","locations":[{"start":{"line":63,"column":34},"end":{"line":63,"column":49}},{"start":{"line":63,"column":52},"end":{"line":63,"column":66}}],"line":63},"4":{"loc":{"start":{"line":64,"column":19},"end":{"line":64,"column":52}},"type":"binary-expr","locations":[{"start":{"line":64,"column":19},"end":{"line":64,"column":46}},{"start":{"line":64,"column":50},"end":{"line":64,"column":52}}],"line":64},"5":{"loc":{"start":{"line":78,"column":17},"end":{"line":78,"column":33}},"type":"default-arg","locations":[{"start":{"line":78,"column":28},"end":{"line":78,"column":33}}],"line":78},"6":{"loc":{"start":{"line":79,"column":23},"end":{"line":79,"column":66}},"type":"cond-expr","locations":[{"start":{"line":79,"column":34},"end":{"line":79,"column":49}},{"start":{"line":79,"column":52},"end":{"line":79,"column":66}}],"line":79},"7":{"loc":{"start":{"line":80,"column":19},"end":{"line":80,"column":52}},"type":"binary-expr","locations":[{"start":{"line":80,"column":19},"end":{"line":80,"column":46}},{"start":{"line":80,"column":50},"end":{"line":80,"column":52}}],"line":80},"8":{"loc":{"start":{"line":91,"column":20},"end":{"line":91,"column":36}},"type":"default-arg","locations":[{"start":{"line":91,"column":31},"end":{"line":91,"column":36}}],"line":91},"9":{"loc":{"start":{"line":92,"column":23},"end":{"line":92,"column":66}},"type":"cond-expr","locations":[{"start":{"line":92,"column":34},"end":{"line":92,"column":49}},{"start":{"line":92,"column":52},"end":{"line":92,"column":66}}],"line":92},"10":{"loc":{"start":{"line":95,"column":4},"end":{"line":95,"column":24}},"type":"if","locations":[{"start":{"line":95,"column":4},"end":{"line":95,"column":24}},{"start":{},"end":{}}],"line":95},"11":{"loc":{"start":{"line":107,"column":19},"end":{"line":107,"column":35}},"type":"default-arg","locations":[{"start":{"line":107,"column":30},"end":{"line":107,"column":35}}],"line":107},"12":{"loc":{"start":{"line":108,"column":23},"end":{"line":108,"column":66}},"type":"cond-expr","locations":[{"start":{"line":108,"column":34},"end":{"line":108,"column":49}},{"start":{"line":108,"column":52},"end":{"line":108,"column":66}}],"line":108},"13":{"loc":{"start":{"line":109,"column":19},"end":{"line":109,"column":52}},"type":"binary-expr","locations":[{"start":{"line":109,"column":19},"end":{"line":109,"column":46}},{"start":{"line":109,"column":50},"end":{"line":109,"column":52}}],"line":109},"14":{"loc":{"start":{"line":119,"column":15},"end":{"line":119,"column":31}},"type":"default-arg","locations":[{"start":{"line":119,"column":26},"end":{"line":119,"column":31}}],"line":119},"15":{"loc":{"start":{"line":120,"column":23},"end":{"line":120,"column":66}},"type":"cond-expr","locations":[{"start":{"line":120,"column":34},"end":{"line":120,"column":49}},{"start":{"line":120,"column":52},"end":{"line":120,"column":66}}],"line":120},"16":{"loc":{"start":{"line":121,"column":11},"end":{"line":121,"column":44}},"type":"binary-expr","locations":[{"start":{"line":121,"column":11},"end":{"line":121,"column":38}},{"start":{"line":121,"column":42},"end":{"line":121,"column":44}}],"line":121},"17":{"loc":{"start":{"line":135,"column":6},"end":{"line":137,"column":7}},"type":"if","locations":[{"start":{"line":135,"column":6},"end":{"line":137,"column":7}},{"start":{},"end":{}}],"line":135},"18":{"loc":{"start":{"line":135,"column":10},"end":{"line":135,"column":67}},"type":"binary-expr","locations":[{"start":{"line":135,"column":10},"end":{"line":135,"column":27}},{"start":{"line":135,"column":31},"end":{"line":135,"column":67}}],"line":135},"19":{"loc":{"start":{"line":155,"column":6},"end":{"line":159,"column":7}},"type":"if","locations":[{"start":{"line":155,"column":6},"end":{"line":159,"column":7}},{"start":{"line":157,"column":13},"end":{"line":159,"column":7}}],"line":155},"20":{"loc":{"start":{"line":155,"column":10},"end":{"line":155,"column":66}},"type":"binary-expr","locations":[{"start":{"line":155,"column":10},"end":{"line":155,"column":17}},{"start":{"line":155,"column":21},"end":{"line":155,"column":48}},{"start":{"line":155,"column":52},"end":{"line":155,"column":66}}],"line":155},"21":{"loc":{"start":{"line":175,"column":6},"end":{"line":177,"column":7}},"type":"if","locations":[{"start":{"line":175,"column":6},"end":{"line":177,"column":7}},{"start":{},"end":{}}],"line":175},"22":{"loc":{"start":{"line":175,"column":10},"end":{"line":175,"column":67}},"type":"binary-expr","locations":[{"start":{"line":175,"column":10},"end":{"line":175,"column":27}},{"start":{"line":175,"column":31},"end":{"line":175,"column":67}}],"line":175},"23":{"loc":{"start":{"line":190,"column":19},"end":{"line":190,"column":30}},"type":"default-arg","locations":[{"start":{"line":190,"column":28},"end":{"line":190,"column":30}}],"line":190},"24":{"loc":{"start":{"line":194,"column":6},"end":{"line":202,"column":7}},"type":"if","locations":[{"start":{"line":194,"column":6},"end":{"line":202,"column":7}},{"start":{},"end":{}}],"line":194},"25":{"loc":{"start":{"line":195,"column":24},"end":{"line":195,"column":57}},"type":"cond-expr","locations":[{"start":{"line":195,"column":33},"end":{"line":195,"column":51}},{"start":{"line":195,"column":54},"end":{"line":195,"column":57}}],"line":195},"26":{"loc":{"start":{"line":197,"column":8},"end":{"line":201,"column":9}},"type":"if","locations":[{"start":{"line":197,"column":8},"end":{"line":201,"column":9}},{"start":{"line":199,"column":15},"end":{"line":201,"column":9}}],"line":197},"27":{"loc":{"start":{"line":197,"column":12},"end":{"line":197,"column":89}},"type":"binary-expr","locations":[{"start":{"line":197,"column":12},"end":{"line":197,"column":40}},{"start":{"line":197,"column":44},"end":{"line":197,"column":61}},{"start":{"line":197,"column":65},"end":{"line":197,"column":89}}],"line":197}},"s":{"0":1,"1":1,"2":14,"3":14,"4":14,"5":14,"6":28,"7":28,"8":10,"9":18,"10":18,"11":0,"12":5,"13":5,"14":5,"15":4,"16":4,"17":4,"18":4,"19":8,"20":8,"21":8,"22":1,"23":1,"24":1,"25":0,"26":1,"27":1,"28":2,"29":2,"30":2,"31":13,"32":13,"33":4,"34":4,"35":4,"36":4,"37":4,"38":4,"39":4,"40":4,"41":8,"42":8,"43":8,"44":13,"45":9,"46":4,"47":4,"48":1,"49":1,"50":1,"51":1,"52":1,"53":0,"54":1,"55":1,"56":2,"57":2,"58":0,"59":0,"60":0,"61":0,"62":0,"63":2,"64":1},"f":{"0":14,"1":14,"2":28,"3":5,"4":4,"5":8,"6":1,"7":2,"8":13,"9":4,"10":8,"11":1,"12":2},"b":{"0":[14,0],"1":[18,0],"2":[3],"3":[1,3],"4":[4,4],"5":[1],"6":[2,6],"7":[8,3],"8":[1],"9":[0,1],"10":[0,1],"11":[0],"12":[1,1],"13":[2,2],"14":[0],"15":[0,13],"16":[13,9],"17":[4,0],"18":[4,0],"19":[9,4],"20":[13,13,13],"21":[0,1],"22":[1,1],"23":[2],"24":[0,0],"25":[0,0],"26":[0,0],"27":[0,0,0]},"_coverageSchema":"1a1c01bbd47fc00a2c39e90264f33305004495a9","hash":"3e394446c3715d4f62e375d84ddf4149f438179e"}
,"D:\\Workspace\\Repos\\jamaynor\\mcps\\dj-config-mcp\\lib\\storage\\storage-manager.js": {"path":"D:\\Workspace\\Repos\\jamaynor\\mcps\\dj-config-mcp\\lib\\storage\\storage-manager.js","statementMap":{"0":{"start":{"line":6,"column":20},"end":{"line":6,"column":45}},"1":{"start":{"line":7,"column":19},"end":{"line":7,"column":43}},"2":{"start":{"line":8,"column":25},"end":{"line":8,"column":47}},"3":{"start":{"line":12,"column":4},"end":{"line":12,"column":34}},"4":{"start":{"line":13,"column":4},"end":{"line":13,"column":32}},"5":{"start":{"line":14,"column":4},"end":{"line":14,"column":44}},"6":{"start":{"line":18,"column":0},"end":{"line":18,"column":32}}},"fnMap":{"0":{"name":"(anonymous_0)","decl":{"start":{"line":11,"column":2},"end":{"line":11,"column":3}},"loc":{"start":{"line":11,"column":16},"end":{"line":15,"column":3}},"line":11}},"branchMap":{},"s":{"0":1,"1":1,"2":1,"3":14,"4":14,"5":14,"6":1},"f":{"0":14},"b":{},"_coverageSchema":"1a1c01bbd47fc00a2c39e90264f33305004495a9","hash":"0e91e5c908b8ca7513ceb8c5a572a898f7336111"}
}
