{"C:\\Workspace\\repos\\jamaynor\\mcp-servers\\mcp-config\\src\\client-mappings.js": {"path":"C:\\Workspace\\repos\\jamaynor\\mcp-servers\\mcp-config\\src\\client-mappings.js","statementMap":{"0":{"start":{"line":1,"column":13},"end":{"line":1,"column":28}},"1":{"start":{"line":2,"column":11},"end":{"line":2,"column":24}},"2":{"start":{"line":6,"column":19},"end":{"line":6,"column":32}},"3":{"start":{"line":7,"column":15},"end":{"line":7,"column":27}},"4":{"start":{"line":9,"column":2},"end":{"line":45,"column":3}},"5":{"start":{"line":11,"column":6},"end":{"line":17,"column":7}},"6":{"start":{"line":12,"column":8},"end":{"line":12,"column":88}},"7":{"start":{"line":13,"column":13},"end":{"line":17,"column":7}},"8":{"start":{"line":14,"column":8},"end":{"line":14,"column":100}},"9":{"start":{"line":16,"column":8},"end":{"line":16,"column":77}},"10":{"start":{"line":19,"column":6},"end":{"line":25,"column":7}},"11":{"start":{"line":20,"column":8},"end":{"line":20,"column":87}},"12":{"start":{"line":21,"column":13},"end":{"line":25,"column":7}},"13":{"start":{"line":22,"column":8},"end":{"line":22,"column":99}},"14":{"start":{"line":24,"column":8},"end":{"line":24,"column":76}},"15":{"start":{"line":27,"column":6},"end":{"line":33,"column":7}},"16":{"start":{"line":28,"column":8},"end":{"line":28,"column":82}},"17":{"start":{"line":29,"column":13},"end":{"line":33,"column":7}},"18":{"start":{"line":30,"column":8},"end":{"line":30,"column":94}},"19":{"start":{"line":32,"column":8},"end":{"line":32,"column":71}},"20":{"start":{"line":35,"column":6},"end":{"line":41,"column":7}},"21":{"start":{"line":36,"column":8},"end":{"line":36,"column":90}},"22":{"start":{"line":37,"column":13},"end":{"line":41,"column":7}},"23":{"start":{"line":38,"column":8},"end":{"line":38,"column":102}},"24":{"start":{"line":40,"column":8},"end":{"line":40,"column":79}},"25":{"start":{"line":44,"column":6},"end":{"line":44,"column":102}},"26":{"start":{"line":48,"column":23},"end":{"line":69,"column":1}},"27":{"start":{"line":50,"column":23},"end":{"line":50,"column":55}},"28":{"start":{"line":55,"column":23},"end":{"line":55,"column":59}},"29":{"start":{"line":60,"column":23},"end":{"line":60,"column":62}},"30":{"start":{"line":65,"column":23},"end":{"line":65,"column":54}},"31":{"start":{"line":71,"column":0},"end":{"line":71,"column":32}}},"fnMap":{"0":{"name":"getConfigPath","decl":{"start":{"line":5,"column":9},"end":{"line":5,"column":22}},"loc":{"start":{"line":5,"column":31},"end":{"line":46,"column":1}},"line":5},"1":{"name":"(anonymous_1)","decl":{"start":{"line":50,"column":4},"end":{"line":50,"column":5}},"loc":{"start":{"line":50,"column":21},"end":{"line":50,"column":57}},"line":50},"2":{"name":"(anonymous_2)","decl":{"start":{"line":55,"column":4},"end":{"line":55,"column":5}},"loc":{"start":{"line":55,"column":21},"end":{"line":55,"column":61}},"line":55},"3":{"name":"(anonymous_3)","decl":{"start":{"line":60,"column":4},"end":{"line":60,"column":5}},"loc":{"start":{"line":60,"column":21},"end":{"line":60,"column":64}},"line":60},"4":{"name":"(anonymous_4)","decl":{"start":{"line":65,"column":4},"end":{"line":65,"column":5}},"loc":{"start":{"line":65,"column":21},"end":{"line":65,"column":56}},"line":65}},"branchMap":{"0":{"loc":{"start":{"line":9,"column":2},"end":{"line":45,"column":3}},"type":"switch","locations":[{"start":{"line":10,"column":4},"end":{"line":17,"column":7}},{"start":{"line":18,"column":4},"end":{"line":25,"column":7}},{"start":{"line":26,"column":4},"end":{"line":33,"column":7}},{"start":{"line":34,"column":4},"end":{"line":41,"column":7}},{"start":{"line":42,"column":4},"end":{"line":44,"column":102}}],"line":9},"1":{"loc":{"start":{"line":11,"column":6},"end":{"line":17,"column":7}},"type":"if","locations":[{"start":{"line":11,"column":6},"end":{"line":17,"column":7}},{"start":{"line":13,"column":13},"end":{"line":17,"column":7}}],"line":11},"2":{"loc":{"start":{"line":13,"column":13},"end":{"line":17,"column":7}},"type":"if","locations":[{"start":{"line":13,"column":13},"end":{"line":17,"column":7}},{"start":{"line":15,"column":13},"end":{"line":17,"column":7}}],"line":13},"3":{"loc":{"start":{"line":19,"column":6},"end":{"line":25,"column":7}},"type":"if","locations":[{"start":{"line":19,"column":6},"end":{"line":25,"column":7}},{"start":{"line":21,"column":13},"end":{"line":25,"column":7}}],"line":19},"4":{"loc":{"start":{"line":21,"column":13},"end":{"line":25,"column":7}},"type":"if","locations":[{"start":{"line":21,"column":13},"end":{"line":25,"column":7}},{"start":{"line":23,"column":13},"end":{"line":25,"column":7}}],"line":21},"5":{"loc":{"start":{"line":27,"column":6},"end":{"line":33,"column":7}},"type":"if","locations":[{"start":{"line":27,"column":6},"end":{"line":33,"column":7}},{"start":{"line":29,"column":13},"end":{"line":33,"column":7}}],"line":27},"6":{"loc":{"start":{"line":29,"column":13},"end":{"line":33,"column":7}},"type":"if","locations":[{"start":{"line":29,"column":13},"end":{"line":33,"column":7}},{"start":{"line":31,"column":13},"end":{"line":33,"column":7}}],"line":29},"7":{"loc":{"start":{"line":35,"column":6},"end":{"line":41,"column":7}},"type":"if","locations":[{"start":{"line":35,"column":6},"end":{"line":41,"column":7}},{"start":{"line":37,"column":13},"end":{"line":41,"column":7}}],"line":35},"8":{"loc":{"start":{"line":37,"column":13},"end":{"line":41,"column":7}},"type":"if","locations":[{"start":{"line":37,"column":13},"end":{"line":41,"column":7}},{"start":{"line":39,"column":13},"end":{"line":41,"column":7}}],"line":37}},"s":{"0":0,"1":0,"2":0,"3":0,"4":0,"5":0,"6":0,"7":0,"8":0,"9":0,"10":0,"11":0,"12":0,"13":0,"14":0,"15":0,"16":0,"17":0,"18":0,"19":0,"20":0,"21":0,"22":0,"23":0,"24":0,"25":0,"26":0,"27":0,"28":0,"29":0,"30":0,"31":0},"f":{"0":0,"1":0,"2":0,"3":0,"4":0},"b":{"0":[0,0,0,0,0],"1":[0,0],"2":[0,0],"3":[0,0],"4":[0,0],"5":[0,0],"6":[0,0],"7":[0,0],"8":[0,0]}}
,"C:\\Workspace\\repos\\jamaynor\\mcp-servers\\mcp-config\\src\\index.js": {"path":"C:\\Workspace\\repos\\jamaynor\\mcp-servers\\mcp-config\\src\\index.js","statementMap":{"0":{"start":{"line":3,"column":20},"end":{"line":3,"column":40}},"1":{"start":{"line":4,"column":15},"end":{"line":4,"column":32}},"2":{"start":{"line":5,"column":13},"end":{"line":5,"column":28}},"3":{"start":{"line":6,"column":11},"end":{"line":6,"column":24}},"4":{"start":{"line":7,"column":23},"end":{"line":7,"column":51}},"5":{"start":{"line":10,"column":0},"end":{"line":10,"column":16}},"6":{"start":{"line":12,"column":16},"end":{"line":12,"column":29}},"7":{"start":{"line":14,"column":0},"end":{"line":17,"column":20}},"8":{"start":{"line":21,"column":25},"end":{"line":21,"column":96}},"9":{"start":{"line":22,"column":19},"end":{"line":22,"column":36}},"10":{"start":{"line":23,"column":2},"end":{"line":23,"column":62}},"11":{"start":{"line":23,"column":37},"end":{"line":23,"column":60}},"12":{"start":{"line":28,"column":18},"end":{"line":28,"column":53}},"13":{"start":{"line":29,"column":19},"end":{"line":29,"column":21}},"14":{"start":{"line":30,"column":2},"end":{"line":32,"column":3}},"15":{"start":{"line":31,"column":4},"end":{"line":31,"column":50}},"16":{"start":{"line":34,"column":17},"end":{"line":34,"column":54}},"17":{"start":{"line":35,"column":16},"end":{"line":35,"column":48}},"18":{"start":{"line":36,"column":2},"end":{"line":40,"column":3}},"19":{"start":{"line":37,"column":4},"end":{"line":37,"column":65}},"20":{"start":{"line":39,"column":4},"end":{"line":39,"column":41}},"21":{"start":{"line":41,"column":2},"end":{"line":41,"column":54}},"22":{"start":{"line":42,"column":2},"end":{"line":42,"column":51}},"23":{"start":{"line":48,"column":17},"end":{"line":48,"column":54}},"24":{"start":{"line":49,"column":2},"end":{"line":51,"column":3}},"25":{"start":{"line":50,"column":4},"end":{"line":50,"column":74}},"26":{"start":{"line":54,"column":26},"end":{"line":54,"column":76}},"27":{"start":{"line":55,"column":2},"end":{"line":65,"column":3}},"28":{"start":{"line":56,"column":4},"end":{"line":64,"column":5}},"29":{"start":{"line":57,"column":26},"end":{"line":57,"column":78}},"30":{"start":{"line":58,"column":20},"end":{"line":58,"column":52}},"31":{"start":{"line":59,"column":6},"end":{"line":61,"column":7}},"32":{"start":{"line":60,"column":8},"end":{"line":60,"column":54}},"33":{"start":{"line":63,"column":6},"end":{"line":63,"column":69}},"34":{"start":{"line":68,"column":27},"end":{"line":68,"column":94}},"35":{"start":{"line":69,"column":2},"end":{"line":79,"column":3}},"36":{"start":{"line":70,"column":4},"end":{"line":78,"column":5}},"37":{"start":{"line":71,"column":27},"end":{"line":71,"column":80}},"38":{"start":{"line":72,"column":20},"end":{"line":72,"column":53}},"39":{"start":{"line":73,"column":6},"end":{"line":75,"column":7}},"40":{"start":{"line":74,"column":8},"end":{"line":74,"column":55}},"41":{"start":{"line":77,"column":6},"end":{"line":77,"column":70}},"42":{"start":{"line":81,"column":2},"end":{"line":81,"column":51}},"43":{"start":{"line":86,"column":19},"end":{"line":86,"column":33}},"44":{"start":{"line":87,"column":14},"end":{"line":87,"column":17}},"45":{"start":{"line":88,"column":2},"end":{"line":94,"column":3}},"46":{"start":{"line":89,"column":4},"end":{"line":93,"column":5}},"47":{"start":{"line":90,"column":6},"end":{"line":90,"column":26}},"48":{"start":{"line":92,"column":6},"end":{"line":92,"column":23}},"49":{"start":{"line":95,"column":2},"end":{"line":95,"column":15}},"50":{"start":{"line":100,"column":28},"end":{"line":104,"column":3}},"51":{"start":{"line":106,"column":2},"end":{"line":106,"column":73}},"52":{"start":{"line":106,"column":46},"end":{"line":106,"column":71}},"53":{"start":{"line":113,"column":2},"end":{"line":123,"column":3}},"54":{"start":{"line":115,"column":20},"end":{"line":115,"column":43}},"55":{"start":{"line":116,"column":4},"end":{"line":116,"column":53}},"56":{"start":{"line":117,"column":4},"end":{"line":117,"column":56}},"57":{"start":{"line":118,"column":4},"end":{"line":118,"column":66}},"58":{"start":{"line":121,"column":4},"end":{"line":121,"column":54}},"59":{"start":{"line":122,"column":4},"end":{"line":122,"column":57}},"60":{"start":{"line":125,"column":2},"end":{"line":127,"column":3}},"61":{"start":{"line":126,"column":4},"end":{"line":126,"column":49}},"62":{"start":{"line":129,"column":19},"end":{"line":129,"column":21}},"63":{"start":{"line":130,"column":2},"end":{"line":137,"column":3}},"64":{"start":{"line":131,"column":4},"end":{"line":136,"column":5}},"65":{"start":{"line":132,"column":6},"end":{"line":132,"column":67}},"66":{"start":{"line":134,"column":6},"end":{"line":134,"column":75}},"67":{"start":{"line":135,"column":6},"end":{"line":135,"column":22}},"68":{"start":{"line":140,"column":20},"end":{"line":149,"column":3}},"69":{"start":{"line":141,"column":18},"end":{"line":141,"column":21}},"70":{"start":{"line":142,"column":4},"end":{"line":147,"column":5}},"71":{"start":{"line":142,"column":17},"end":{"line":142,"column":18}},"72":{"start":{"line":143,"column":6},"end":{"line":145,"column":7}},"73":{"start":{"line":144,"column":8},"end":{"line":144,"column":33}},"74":{"start":{"line":146,"column":6},"end":{"line":146,"column":36}},"75":{"start":{"line":148,"column":4},"end":{"line":148,"column":47}},"76":{"start":{"line":151,"column":19},"end":{"line":151,"column":33}},"77":{"start":{"line":152,"column":2},"end":{"line":152,"column":41}},"78":{"start":{"line":154,"column":2},"end":{"line":154,"column":68}},"79":{"start":{"line":155,"column":2},"end":{"line":155,"column":85}},"80":{"start":{"line":158,"column":2},"end":{"line":163,"column":3}},"81":{"start":{"line":159,"column":27},"end":{"line":159,"column":73}},"82":{"start":{"line":160,"column":4},"end":{"line":162,"column":5}},"83":{"start":{"line":161,"column":6},"end":{"line":161,"column":48}},"84":{"start":{"line":168,"column":21},"end":{"line":168,"column":71}},"85":{"start":{"line":169,"column":2},"end":{"line":171,"column":3}},"86":{"start":{"line":170,"column":4},"end":{"line":170,"column":14}},"87":{"start":{"line":173,"column":2},"end":{"line":193,"column":3}},"88":{"start":{"line":174,"column":23},"end":{"line":174,"column":70}},"89":{"start":{"line":175,"column":17},"end":{"line":175,"column":19}},"90":{"start":{"line":177,"column":24},"end":{"line":186,"column":5}},"91":{"start":{"line":178,"column":6},"end":{"line":185,"column":7}},"92":{"start":{"line":179,"column":24},"end":{"line":179,"column":57}},"93":{"start":{"line":180,"column":8},"end":{"line":184,"column":9}},"94":{"start":{"line":181,"column":10},"end":{"line":181,"column":41}},"95":{"start":{"line":183,"column":10},"end":{"line":183,"column":29}},"96":{"start":{"line":188,"column":4},"end":{"line":188,"column":28}},"97":{"start":{"line":189,"column":4},"end":{"line":189,"column":16}},"98":{"start":{"line":191,"column":4},"end":{"line":191,"column":61}},"99":{"start":{"line":192,"column":4},"end":{"line":192,"column":14}},"100":{"start":{"line":198,"column":2},"end":{"line":201,"column":3}},"101":{"start":{"line":199,"column":4},"end":{"line":199,"column":66}},"102":{"start":{"line":200,"column":4},"end":{"line":200,"column":11}},"103":{"start":{"line":203,"column":2},"end":{"line":203,"column":68}},"104":{"start":{"line":206,"column":21},"end":{"line":206,"column":71}},"105":{"start":{"line":207,"column":18},"end":{"line":207,"column":20}},"106":{"start":{"line":208,"column":2},"end":{"line":215,"column":3}},"107":{"start":{"line":209,"column":4},"end":{"line":214,"column":5}},"108":{"start":{"line":210,"column":6},"end":{"line":210,"column":66}},"109":{"start":{"line":212,"column":6},"end":{"line":212,"column":58}},"110":{"start":{"line":213,"column":6},"end":{"line":213,"column":13}},"111":{"start":{"line":217,"column":2},"end":{"line":237,"column":5}},"112":{"start":{"line":218,"column":23},"end":{"line":218,"column":49}},"113":{"start":{"line":219,"column":4},"end":{"line":236,"column":5}},"114":{"start":{"line":220,"column":31},"end":{"line":220,"column":52}},"115":{"start":{"line":221,"column":30},"end":{"line":221,"column":60}},"116":{"start":{"line":223,"column":6},"end":{"line":233,"column":7}},"117":{"start":{"line":224,"column":8},"end":{"line":227,"column":9}},"118":{"start":{"line":225,"column":10},"end":{"line":225,"column":61}},"119":{"start":{"line":226,"column":10},"end":{"line":226,"column":81}},"120":{"start":{"line":229,"column":8},"end":{"line":229,"column":79}},"121":{"start":{"line":230,"column":8},"end":{"line":230,"column":97}},"122":{"start":{"line":232,"column":8},"end":{"line":232,"column":85}},"123":{"start":{"line":235,"column":6},"end":{"line":235,"column":86}},"124":{"start":{"line":241,"column":0},"end":{"line":317,"column":5}},"125":{"start":{"line":246,"column":4},"end":{"line":246,"column":48}},"126":{"start":{"line":247,"column":4},"end":{"line":247,"column":69}},"127":{"start":{"line":249,"column":21},"end":{"line":252,"column":6}},"128":{"start":{"line":254,"column":24},"end":{"line":256,"column":6}},"129":{"start":{"line":254,"column":36},"end":{"line":256,"column":6}},"130":{"start":{"line":255,"column":6},"end":{"line":255,"column":41}},"131":{"start":{"line":259,"column":23},"end":{"line":268,"column":5}},"132":{"start":{"line":270,"column":4},"end":{"line":282,"column":5}},"133":{"start":{"line":271,"column":22},"end":{"line":271,"column":41}},"134":{"start":{"line":272,"column":27},"end":{"line":272,"column":82}},"135":{"start":{"line":273,"column":21},"end":{"line":273,"column":68}},"136":{"start":{"line":275,"column":6},"end":{"line":281,"column":7}},"137":{"start":{"line":276,"column":8},"end":{"line":280,"column":9}},"138":{"start":{"line":277,"column":10},"end":{"line":277,"column":46}},"139":{"start":{"line":279,"column":10},"end":{"line":279,"column":77}},"140":{"start":{"line":285,"column":18},"end":{"line":285,"column":22}},"141":{"start":{"line":286,"column":4},"end":{"line":301,"column":5}},"142":{"start":{"line":287,"column":21},"end":{"line":287,"column":95}},"143":{"start":{"line":288,"column":6},"end":{"line":291,"column":7}},"144":{"start":{"line":289,"column":8},"end":{"line":289,"column":24}},"145":{"start":{"line":290,"column":8},"end":{"line":290,"column":14}},"146":{"start":{"line":293,"column":23},"end":{"line":293,"column":65}},"147":{"start":{"line":294,"column":6},"end":{"line":300,"column":7}},"148":{"start":{"line":295,"column":8},"end":{"line":299,"column":9}},"149":{"start":{"line":296,"column":10},"end":{"line":296,"column":51}},"150":{"start":{"line":298,"column":10},"end":{"line":298,"column":82}},"151":{"start":{"line":304,"column":29},"end":{"line":304,"column":56}},"152":{"start":{"line":305,"column":27},"end":{"line":305,"column":73}},"153":{"start":{"line":306,"column":25},"end":{"line":306,"column":142}},"154":{"start":{"line":308,"column":25},"end":{"line":308,"column":56}},"155":{"start":{"line":309,"column":4},"end":{"line":313,"column":5}},"156":{"start":{"line":310,"column":30},"end":{"line":310,"column":114}},"157":{"start":{"line":310,"column":63},"end":{"line":310,"column":71}},"158":{"start":{"line":310,"column":85},"end":{"line":310,"column":113}},"159":{"start":{"line":311,"column":6},"end":{"line":311,"column":90}},"160":{"start":{"line":315,"column":4},"end":{"line":315,"column":21}},"161":{"start":{"line":316,"column":4},"end":{"line":316,"column":45}},"162":{"start":{"line":320,"column":0},"end":{"line":352,"column":5}},"163":{"start":{"line":324,"column":4},"end":{"line":351,"column":5}},"164":{"start":{"line":325,"column":32},"end":{"line":325,"column":51}},"165":{"start":{"line":326,"column":6},"end":{"line":330,"column":7}},"166":{"start":{"line":327,"column":8},"end":{"line":327,"column":60}},"167":{"start":{"line":329,"column":8},"end":{"line":329,"column":61}},"168":{"start":{"line":332,"column":6},"end":{"line":332,"column":41}},"169":{"start":{"line":333,"column":19},"end":{"line":333,"column":37}},"170":{"start":{"line":336,"column":6},"end":{"line":343,"column":9}},"171":{"start":{"line":337,"column":8},"end":{"line":342,"column":9}},"172":{"start":{"line":338,"column":28},"end":{"line":338,"column":67}},"173":{"start":{"line":339,"column":10},"end":{"line":341,"column":11}},"174":{"start":{"line":340,"column":12},"end":{"line":340,"column":33}},"175":{"start":{"line":345,"column":6},"end":{"line":350,"column":9}},"176":{"start":{"line":346,"column":34},"end":{"line":346,"column":53}},"177":{"start":{"line":347,"column":8},"end":{"line":349,"column":9}},"178":{"start":{"line":348,"column":10},"end":{"line":348,"column":64}},"179":{"start":{"line":355,"column":0},"end":{"line":387,"column":5}},"180":{"start":{"line":360,"column":4},"end":{"line":375,"column":5}},"181":{"start":{"line":361,"column":23},"end":{"line":364,"column":8}},"182":{"start":{"line":366,"column":22},"end":{"line":366,"column":41}},"183":{"start":{"line":367,"column":21},"end":{"line":367,"column":79}},"184":{"start":{"line":369,"column":6},"end":{"line":374,"column":9}},"185":{"start":{"line":370,"column":8},"end":{"line":373,"column":11}},"186":{"start":{"line":371,"column":10},"end":{"line":371,"column":27}},"187":{"start":{"line":372,"column":10},"end":{"line":372,"column":26}},"188":{"start":{"line":377,"column":4},"end":{"line":386,"column":5}},"189":{"start":{"line":378,"column":6},"end":{"line":382,"column":7}},"190":{"start":{"line":379,"column":8},"end":{"line":379,"column":43}},"191":{"start":{"line":381,"column":8},"end":{"line":381,"column":74}},"192":{"start":{"line":383,"column":6},"end":{"line":383,"column":51}},"193":{"start":{"line":385,"column":6},"end":{"line":385,"column":67}},"194":{"start":{"line":390,"column":0},"end":{"line":447,"column":5}},"195":{"start":{"line":395,"column":4},"end":{"line":446,"column":5}},"196":{"start":{"line":397,"column":22},"end":{"line":397,"column":57}},"197":{"start":{"line":398,"column":6},"end":{"line":405,"column":7}},"198":{"start":{"line":399,"column":25},"end":{"line":399,"column":57}},"199":{"start":{"line":400,"column":23},"end":{"line":400,"column":60}},"200":{"start":{"line":401,"column":22},"end":{"line":401,"column":58}},"201":{"start":{"line":402,"column":8},"end":{"line":402,"column":51}},"202":{"start":{"line":403,"column":8},"end":{"line":403,"column":60}},"203":{"start":{"line":404,"column":8},"end":{"line":404,"column":54}},"204":{"start":{"line":409,"column":6},"end":{"line":414,"column":7}},"205":{"start":{"line":410,"column":24},"end":{"line":410,"column":47}},"206":{"start":{"line":411,"column":8},"end":{"line":411,"column":73}},"207":{"start":{"line":413,"column":8},"end":{"line":413,"column":72}},"208":{"start":{"line":415,"column":6},"end":{"line":445,"column":7}},"209":{"start":{"line":416,"column":8},"end":{"line":444,"column":9}},"210":{"start":{"line":417,"column":27},"end":{"line":417,"column":74}},"211":{"start":{"line":420,"column":27},"end":{"line":420,"column":41}},"212":{"start":{"line":421,"column":24},"end":{"line":421,"column":34}},"213":{"start":{"line":422,"column":10},"end":{"line":429,"column":11}},"214":{"start":{"line":422,"column":23},"end":{"line":422,"column":24}},"215":{"start":{"line":423,"column":12},"end":{"line":428,"column":13}},"216":{"start":{"line":424,"column":14},"end":{"line":424,"column":45}},"217":{"start":{"line":426,"column":14},"end":{"line":426,"column":67}},"218":{"start":{"line":427,"column":14},"end":{"line":427,"column":21}},"219":{"start":{"line":431,"column":10},"end":{"line":431,"column":56}},"220":{"start":{"line":432,"column":10},"end":{"line":432,"column":76}},"221":{"start":{"line":433,"column":10},"end":{"line":433,"column":97}},"222":{"start":{"line":436,"column":10},"end":{"line":441,"column":11}},"223":{"start":{"line":437,"column":35},"end":{"line":437,"column":81}},"224":{"start":{"line":438,"column":12},"end":{"line":440,"column":13}},"225":{"start":{"line":439,"column":14},"end":{"line":439,"column":56}},"226":{"start":{"line":443,"column":10},"end":{"line":443,"column":68}},"227":{"start":{"line":449,"column":0},"end":{"line":449,"column":28}}},"fnMap":{"0":{"name":"isSensitiveKey","decl":{"start":{"line":20,"column":9},"end":{"line":20,"column":23}},"loc":{"start":{"line":20,"column":29},"end":{"line":24,"column":1}},"line":20},"1":{"name":"(anonymous_1)","decl":{"start":{"line":23,"column":29},"end":{"line":23,"column":30}},"loc":{"start":{"line":23,"column":37},"end":{"line":23,"column":60}},"line":23},"2":{"name":"saveSecretToEnv","decl":{"start":{"line":27,"column":9},"end":{"line":27,"column":24}},"loc":{"start":{"line":27,"column":37},"end":{"line":43,"column":1}},"line":27},"3":{"name":"getConfigValue","decl":{"start":{"line":46,"column":9},"end":{"line":46,"column":23}},"loc":{"start":{"line":46,"column":29},"end":{"line":82,"column":1}},"line":46},"4":{"name":"getNestedValue","decl":{"start":{"line":85,"column":9},"end":{"line":85,"column":23}},"loc":{"start":{"line":85,"column":34},"end":{"line":96,"column":1}},"line":85},"5":{"name":"hasGlobalConfig","decl":{"start":{"line":99,"column":9},"end":{"line":99,"column":24}},"loc":{"start":{"line":99,"column":27},"end":{"line":107,"column":1}},"line":99},"6":{"name":"(anonymous_6)","decl":{"start":{"line":106,"column":32},"end":{"line":106,"column":33}},"loc":{"start":{"line":106,"column":46},"end":{"line":106,"column":71}},"line":106},"7":{"name":"saveNonSecretToConfig","decl":{"start":{"line":110,"column":9},"end":{"line":110,"column":30}},"loc":{"start":{"line":110,"column":61},"end":{"line":164,"column":1}},"line":110},"8":{"name":"(anonymous_8)","decl":{"start":{"line":140,"column":20},"end":{"line":140,"column":21}},"loc":{"start":{"line":140,"column":43},"end":{"line":149,"column":3}},"line":140},"9":{"name":"getAllConfigKeys","decl":{"start":{"line":167,"column":9},"end":{"line":167,"column":25}},"loc":{"start":{"line":167,"column":28},"end":{"line":194,"column":1}},"line":167},"10":{"name":"(anonymous_10)","decl":{"start":{"line":177,"column":24},"end":{"line":177,"column":25}},"loc":{"start":{"line":177,"column":46},"end":{"line":186,"column":5}},"line":177},"11":{"name":"distributeConfigToClients","decl":{"start":{"line":197,"column":9},"end":{"line":197,"column":34}},"loc":{"start":{"line":197,"column":52},"end":{"line":238,"column":1}},"line":197},"12":{"name":"(anonymous_12)","decl":{"start":{"line":217,"column":26},"end":{"line":217,"column":27}},"loc":{"start":{"line":217,"column":40},"end":{"line":237,"column":3}},"line":217},"13":{"name":"(anonymous_13)","decl":{"start":{"line":245,"column":10},"end":{"line":245,"column":11}},"loc":{"start":{"line":245,"column":29},"end":{"line":317,"column":3}},"line":245},"14":{"name":"(anonymous_14)","decl":{"start":{"line":254,"column":24},"end":{"line":254,"column":25}},"loc":{"start":{"line":254,"column":36},"end":{"line":256,"column":6}},"line":254},"15":{"name":"(anonymous_15)","decl":{"start":{"line":254,"column":48},"end":{"line":254,"column":49}},"loc":{"start":{"line":254,"column":59},"end":{"line":256,"column":5}},"line":254},"16":{"name":"(anonymous_16)","decl":{"start":{"line":310,"column":58},"end":{"line":310,"column":59}},"loc":{"start":{"line":310,"column":63},"end":{"line":310,"column":71}},"line":310},"17":{"name":"(anonymous_17)","decl":{"start":{"line":310,"column":80},"end":{"line":310,"column":81}},"loc":{"start":{"line":310,"column":85},"end":{"line":310,"column":113}},"line":310},"18":{"name":"(anonymous_18)","decl":{"start":{"line":323,"column":10},"end":{"line":323,"column":11}},"loc":{"start":{"line":323,"column":19},"end":{"line":352,"column":3}},"line":323},"19":{"name":"(anonymous_19)","decl":{"start":{"line":336,"column":39},"end":{"line":336,"column":40}},"loc":{"start":{"line":336,"column":49},"end":{"line":343,"column":7}},"line":336},"20":{"name":"(anonymous_20)","decl":{"start":{"line":345,"column":19},"end":{"line":345,"column":20}},"loc":{"start":{"line":345,"column":26},"end":{"line":350,"column":7}},"line":345},"21":{"name":"(anonymous_21)","decl":{"start":{"line":359,"column":10},"end":{"line":359,"column":11}},"loc":{"start":{"line":359,"column":41},"end":{"line":387,"column":3}},"line":359},"22":{"name":"(anonymous_22)","decl":{"start":{"line":369,"column":32},"end":{"line":369,"column":33}},"loc":{"start":{"line":369,"column":43},"end":{"line":374,"column":7}},"line":369},"23":{"name":"(anonymous_23)","decl":{"start":{"line":370,"column":34},"end":{"line":370,"column":35}},"loc":{"start":{"line":370,"column":44},"end":{"line":373,"column":9}},"line":370},"24":{"name":"(anonymous_24)","decl":{"start":{"line":394,"column":10},"end":{"line":394,"column":11}},"loc":{"start":{"line":394,"column":28},"end":{"line":447,"column":3}},"line":394}},"branchMap":{"0":{"loc":{"start":{"line":30,"column":2},"end":{"line":32,"column":3}},"type":"if","locations":[{"start":{"line":30,"column":2},"end":{"line":32,"column":3}},{"start":{},"end":{}}],"line":30},"1":{"loc":{"start":{"line":36,"column":2},"end":{"line":40,"column":3}},"type":"if","locations":[{"start":{"line":36,"column":2},"end":{"line":40,"column":3}},{"start":{"line":38,"column":9},"end":{"line":40,"column":3}}],"line":36},"2":{"loc":{"start":{"line":49,"column":2},"end":{"line":51,"column":3}},"type":"if","locations":[{"start":{"line":49,"column":2},"end":{"line":51,"column":3}},{"start":{},"end":{}}],"line":49},"3":{"loc":{"start":{"line":55,"column":2},"end":{"line":65,"column":3}},"type":"if","locations":[{"start":{"line":55,"column":2},"end":{"line":65,"column":3}},{"start":{},"end":{}}],"line":55},"4":{"loc":{"start":{"line":59,"column":6},"end":{"line":61,"column":7}},"type":"if","locations":[{"start":{"line":59,"column":6},"end":{"line":61,"column":7}},{"start":{},"end":{}}],"line":59},"5":{"loc":{"start":{"line":69,"column":2},"end":{"line":79,"column":3}},"type":"if","locations":[{"start":{"line":69,"column":2},"end":{"line":79,"column":3}},{"start":{},"end":{}}],"line":69},"6":{"loc":{"start":{"line":73,"column":6},"end":{"line":75,"column":7}},"type":"if","locations":[{"start":{"line":73,"column":6},"end":{"line":75,"column":7}},{"start":{},"end":{}}],"line":73},"7":{"loc":{"start":{"line":89,"column":4},"end":{"line":93,"column":5}},"type":"if","locations":[{"start":{"line":89,"column":4},"end":{"line":93,"column":5}},{"start":{"line":91,"column":11},"end":{"line":93,"column":5}}],"line":89},"8":{"loc":{"start":{"line":89,"column":8},"end":{"line":89,"column":59}},"type":"binary-expr","locations":[{"start":{"line":89,"column":8},"end":{"line":89,"column":13}},{"start":{"line":89,"column":17},"end":{"line":89,"column":42}},{"start":{"line":89,"column":46},"end":{"line":89,"column":59}}],"line":89},"9":{"loc":{"start":{"line":110,"column":43},"end":{"line":110,"column":59}},"type":"default-arg","locations":[{"start":{"line":110,"column":54},"end":{"line":110,"column":59}}],"line":110},"10":{"loc":{"start":{"line":113,"column":2},"end":{"line":123,"column":3}},"type":"if","locations":[{"start":{"line":113,"column":2},"end":{"line":123,"column":3}},{"start":{"line":119,"column":9},"end":{"line":123,"column":3}}],"line":113},"11":{"loc":{"start":{"line":125,"column":2},"end":{"line":127,"column":3}},"type":"if","locations":[{"start":{"line":125,"column":2},"end":{"line":127,"column":3}},{"start":{},"end":{}}],"line":125},"12":{"loc":{"start":{"line":130,"column":2},"end":{"line":137,"column":3}},"type":"if","locations":[{"start":{"line":130,"column":2},"end":{"line":137,"column":3}},{"start":{},"end":{}}],"line":130},"13":{"loc":{"start":{"line":143,"column":6},"end":{"line":145,"column":7}},"type":"if","locations":[{"start":{"line":143,"column":6},"end":{"line":145,"column":7}},{"start":{},"end":{}}],"line":143},"14":{"loc":{"start":{"line":155,"column":44},"end":{"line":155,"column":73}},"type":"cond-expr","locations":[{"start":{"line":155,"column":55},"end":{"line":155,"column":63}},{"start":{"line":155,"column":66},"end":{"line":155,"column":73}}],"line":155},"15":{"loc":{"start":{"line":158,"column":2},"end":{"line":163,"column":3}},"type":"if","locations":[{"start":{"line":158,"column":2},"end":{"line":163,"column":3}},{"start":{},"end":{}}],"line":158},"16":{"loc":{"start":{"line":159,"column":27},"end":{"line":159,"column":73}},"type":"binary-expr","locations":[{"start":{"line":159,"column":27},"end":{"line":159,"column":67}},{"start":{"line":159,"column":71},"end":{"line":159,"column":73}}],"line":159},"17":{"loc":{"start":{"line":160,"column":4},"end":{"line":162,"column":5}},"type":"if","locations":[{"start":{"line":160,"column":4},"end":{"line":162,"column":5}},{"start":{},"end":{}}],"line":160},"18":{"loc":{"start":{"line":169,"column":2},"end":{"line":171,"column":3}},"type":"if","locations":[{"start":{"line":169,"column":2},"end":{"line":171,"column":3}},{"start":{},"end":{}}],"line":169},"19":{"loc":{"start":{"line":177,"column":30},"end":{"line":177,"column":41}},"type":"default-arg","locations":[{"start":{"line":177,"column":39},"end":{"line":177,"column":41}}],"line":177},"20":{"loc":{"start":{"line":179,"column":24},"end":{"line":179,"column":57}},"type":"cond-expr","locations":[{"start":{"line":179,"column":33},"end":{"line":179,"column":51}},{"start":{"line":179,"column":54},"end":{"line":179,"column":57}}],"line":179},"21":{"loc":{"start":{"line":180,"column":8},"end":{"line":184,"column":9}},"type":"if","locations":[{"start":{"line":180,"column":8},"end":{"line":184,"column":9}},{"start":{"line":182,"column":15},"end":{"line":184,"column":9}}],"line":180},"22":{"loc":{"start":{"line":180,"column":12},"end":{"line":180,"column":89}},"type":"binary-expr","locations":[{"start":{"line":180,"column":12},"end":{"line":180,"column":40}},{"start":{"line":180,"column":44},"end":{"line":180,"column":61}},{"start":{"line":180,"column":65},"end":{"line":180,"column":89}}],"line":180},"23":{"loc":{"start":{"line":198,"column":2},"end":{"line":201,"column":3}},"type":"if","locations":[{"start":{"line":198,"column":2},"end":{"line":201,"column":3}},{"start":{},"end":{}}],"line":198},"24":{"loc":{"start":{"line":198,"column":6},"end":{"line":198,"column":54}},"type":"binary-expr","locations":[{"start":{"line":198,"column":6},"end":{"line":198,"column":22}},{"start":{"line":198,"column":26},"end":{"line":198,"column":54}}],"line":198},"25":{"loc":{"start":{"line":208,"column":2},"end":{"line":215,"column":3}},"type":"if","locations":[{"start":{"line":208,"column":2},"end":{"line":215,"column":3}},{"start":{},"end":{}}],"line":208},"26":{"loc":{"start":{"line":219,"column":4},"end":{"line":236,"column":5}},"type":"if","locations":[{"start":{"line":219,"column":4},"end":{"line":236,"column":5}},{"start":{"line":234,"column":11},"end":{"line":236,"column":5}}],"line":219},"27":{"loc":{"start":{"line":224,"column":8},"end":{"line":227,"column":9}},"type":"if","locations":[{"start":{"line":224,"column":8},"end":{"line":227,"column":9}},{"start":{},"end":{}}],"line":224},"28":{"loc":{"start":{"line":272,"column":27},"end":{"line":272,"column":82}},"type":"cond-expr","locations":[{"start":{"line":272,"column":57},"end":{"line":272,"column":70}},{"start":{"line":272,"column":73},"end":{"line":272,"column":82}}],"line":272},"29":{"loc":{"start":{"line":275,"column":6},"end":{"line":281,"column":7}},"type":"if","locations":[{"start":{"line":275,"column":6},"end":{"line":281,"column":7}},{"start":{},"end":{}}],"line":275},"30":{"loc":{"start":{"line":276,"column":8},"end":{"line":280,"column":9}},"type":"if","locations":[{"start":{"line":276,"column":8},"end":{"line":280,"column":9}},{"start":{"line":278,"column":15},"end":{"line":280,"column":9}}],"line":276},"31":{"loc":{"start":{"line":279,"column":52},"end":{"line":279,"column":75}},"type":"binary-expr","locations":[{"start":{"line":279,"column":52},"end":{"line":279,"column":66}},{"start":{"line":279,"column":70},"end":{"line":279,"column":75}}],"line":279},"32":{"loc":{"start":{"line":288,"column":6},"end":{"line":291,"column":7}},"type":"if","locations":[{"start":{"line":288,"column":6},"end":{"line":291,"column":7}},{"start":{},"end":{}}],"line":288},"33":{"loc":{"start":{"line":294,"column":6},"end":{"line":300,"column":7}},"type":"if","locations":[{"start":{"line":294,"column":6},"end":{"line":300,"column":7}},{"start":{},"end":{}}],"line":294},"34":{"loc":{"start":{"line":295,"column":8},"end":{"line":299,"column":9}},"type":"if","locations":[{"start":{"line":295,"column":8},"end":{"line":299,"column":9}},{"start":{"line":297,"column":15},"end":{"line":299,"column":9}}],"line":295},"35":{"loc":{"start":{"line":298,"column":57},"end":{"line":298,"column":80}},"type":"binary-expr","locations":[{"start":{"line":298,"column":57},"end":{"line":298,"column":71}},{"start":{"line":298,"column":75},"end":{"line":298,"column":80}}],"line":298},"36":{"loc":{"start":{"line":305,"column":27},"end":{"line":305,"column":73}},"type":"binary-expr","locations":[{"start":{"line":305,"column":27},"end":{"line":305,"column":67}},{"start":{"line":305,"column":71},"end":{"line":305,"column":73}}],"line":305},"37":{"loc":{"start":{"line":309,"column":4},"end":{"line":313,"column":5}},"type":"if","locations":[{"start":{"line":309,"column":4},"end":{"line":313,"column":5}},{"start":{},"end":{}}],"line":309},"38":{"loc":{"start":{"line":311,"column":65},"end":{"line":311,"column":88}},"type":"binary-expr","locations":[{"start":{"line":311,"column":65},"end":{"line":311,"column":79}},{"start":{"line":311,"column":83},"end":{"line":311,"column":88}}],"line":311},"39":{"loc":{"start":{"line":324,"column":4},"end":{"line":351,"column":5}},"type":"if","locations":[{"start":{"line":324,"column":4},"end":{"line":351,"column":5}},{"start":{"line":331,"column":11},"end":{"line":351,"column":5}}],"line":324},"40":{"loc":{"start":{"line":326,"column":6},"end":{"line":330,"column":7}},"type":"if","locations":[{"start":{"line":326,"column":6},"end":{"line":330,"column":7}},{"start":{"line":328,"column":13},"end":{"line":330,"column":7}}],"line":326},"41":{"loc":{"start":{"line":337,"column":8},"end":{"line":342,"column":9}},"type":"if","locations":[{"start":{"line":337,"column":8},"end":{"line":342,"column":9}},{"start":{},"end":{}}],"line":337},"42":{"loc":{"start":{"line":339,"column":10},"end":{"line":341,"column":11}},"type":"if","locations":[{"start":{"line":339,"column":10},"end":{"line":341,"column":11}},{"start":{},"end":{}}],"line":339},"43":{"loc":{"start":{"line":347,"column":8},"end":{"line":349,"column":9}},"type":"if","locations":[{"start":{"line":347,"column":8},"end":{"line":349,"column":9}},{"start":{},"end":{}}],"line":347},"44":{"loc":{"start":{"line":360,"column":4},"end":{"line":375,"column":5}},"type":"if","locations":[{"start":{"line":360,"column":4},"end":{"line":375,"column":5}},{"start":{},"end":{}}],"line":360},"45":{"loc":{"start":{"line":367,"column":48},"end":{"line":367,"column":74}},"type":"binary-expr","locations":[{"start":{"line":367,"column":48},"end":{"line":367,"column":61}},{"start":{"line":367,"column":65},"end":{"line":367,"column":74}}],"line":367},"46":{"loc":{"start":{"line":377,"column":4},"end":{"line":386,"column":5}},"type":"if","locations":[{"start":{"line":377,"column":4},"end":{"line":386,"column":5}},{"start":{"line":384,"column":11},"end":{"line":386,"column":5}}],"line":377},"47":{"loc":{"start":{"line":377,"column":8},"end":{"line":377,"column":29}},"type":"binary-expr","locations":[{"start":{"line":377,"column":8},"end":{"line":377,"column":13}},{"start":{"line":377,"column":17},"end":{"line":377,"column":29}}],"line":377},"48":{"loc":{"start":{"line":378,"column":6},"end":{"line":382,"column":7}},"type":"if","locations":[{"start":{"line":378,"column":6},"end":{"line":382,"column":7}},{"start":{"line":380,"column":13},"end":{"line":382,"column":7}}],"line":378},"49":{"loc":{"start":{"line":381,"column":49},"end":{"line":381,"column":72}},"type":"binary-expr","locations":[{"start":{"line":381,"column":49},"end":{"line":381,"column":63}},{"start":{"line":381,"column":67},"end":{"line":381,"column":72}}],"line":381},"50":{"loc":{"start":{"line":395,"column":4},"end":{"line":446,"column":5}},"type":"if","locations":[{"start":{"line":395,"column":4},"end":{"line":446,"column":5}},{"start":{"line":406,"column":11},"end":{"line":446,"column":5}}],"line":395},"51":{"loc":{"start":{"line":398,"column":6},"end":{"line":405,"column":7}},"type":"if","locations":[{"start":{"line":398,"column":6},"end":{"line":405,"column":7}},{"start":{},"end":{}}],"line":398},"52":{"loc":{"start":{"line":409,"column":6},"end":{"line":414,"column":7}},"type":"if","locations":[{"start":{"line":409,"column":6},"end":{"line":414,"column":7}},{"start":{"line":412,"column":13},"end":{"line":414,"column":7}}],"line":409},"53":{"loc":{"start":{"line":415,"column":6},"end":{"line":445,"column":7}},"type":"if","locations":[{"start":{"line":415,"column":6},"end":{"line":445,"column":7}},{"start":{},"end":{}}],"line":415},"54":{"loc":{"start":{"line":423,"column":12},"end":{"line":428,"column":13}},"type":"if","locations":[{"start":{"line":423,"column":12},"end":{"line":428,"column":13}},{"start":{"line":425,"column":19},"end":{"line":428,"column":13}}],"line":423},"55":{"loc":{"start":{"line":433,"column":45},"end":{"line":433,"column":80}},"type":"cond-expr","locations":[{"start":{"line":433,"column":62},"end":{"line":433,"column":70}},{"start":{"line":433,"column":73},"end":{"line":433,"column":80}}],"line":433},"56":{"loc":{"start":{"line":436,"column":10},"end":{"line":441,"column":11}},"type":"if","locations":[{"start":{"line":436,"column":10},"end":{"line":441,"column":11}},{"start":{},"end":{}}],"line":436},"57":{"loc":{"start":{"line":437,"column":35},"end":{"line":437,"column":81}},"type":"binary-expr","locations":[{"start":{"line":437,"column":35},"end":{"line":437,"column":75}},{"start":{"line":437,"column":79},"end":{"line":437,"column":81}}],"line":437},"58":{"loc":{"start":{"line":438,"column":12},"end":{"line":440,"column":13}},"type":"if","locations":[{"start":{"line":438,"column":12},"end":{"line":440,"column":13}},{"start":{},"end":{}}],"line":438}},"s":{"0":0,"1":0,"2":0,"3":0,"4":0,"5":0,"6":0,"7":0,"8":0,"9":0,"10":0,"11":0,"12":0,"13":0,"14":0,"15":0,"16":0,"17":0,"18":0,"19":0,"20":0,"21":0,"22":0,"23":0,"24":0,"25":0,"26":0,"27":0,"28":0,"29":0,"30":0,"31":0,"32":0,"33":0,"34":0,"35":0,"36":0,"37":0,"38":0,"39":0,"40":0,"41":0,"42":0,"43":0,"44":0,"45":0,"46":0,"47":0,"48":0,"49":0,"50":0,"51":0,"52":0,"53":0,"54":0,"55":0,"56":0,"57":0,"58":0,"59":0,"60":0,"61":0,"62":0,"63":0,"64":0,"65":0,"66":0,"67":0,"68":0,"69":0,"70":0,"71":0,"72":0,"73":0,"74":0,"75":0,"76":0,"77":0,"78":0,"79":0,"80":0,"81":0,"82":0,"83":0,"84":0,"85":0,"86":0,"87":0,"88":0,"89":0,"90":0,"91":0,"92":0,"93":0,"94":0,"95":0,"96":0,"97":0,"98":0,"99":0,"100":0,"101":0,"102":0,"103":0,"104":0,"105":0,"106":0,"107":0,"108":0,"109":0,"110":0,"111":0,"112":0,"113":0,"114":0,"115":0,"116":0,"117":0,"118":0,"119":0,"120":0,"121":0,"122":0,"123":0,"124":0,"125":0,"126":0,"127":0,"128":0,"129":0,"130":0,"131":0,"132":0,"133":0,"134":0,"135":0,"136":0,"137":0,"138":0,"139":0,"140":0,"141":0,"142":0,"143":0,"144":0,"145":0,"146":0,"147":0,"148":0,"149":0,"150":0,"151":0,"152":0,"153":0,"154":0,"155":0,"156":0,"157":0,"158":0,"159":0,"160":0,"161":0,"162":0,"163":0,"164":0,"165":0,"166":0,"167":0,"168":0,"169":0,"170":0,"171":0,"172":0,"173":0,"174":0,"175":0,"176":0,"177":0,"178":0,"179":0,"180":0,"181":0,"182":0,"183":0,"184":0,"185":0,"186":0,"187":0,"188":0,"189":0,"190":0,"191":0,"192":0,"193":0,"194":0,"195":0,"196":0,"197":0,"198":0,"199":0,"200":0,"201":0,"202":0,"203":0,"204":0,"205":0,"206":0,"207":0,"208":0,"209":0,"210":0,"211":0,"212":0,"213":0,"214":0,"215":0,"216":0,"217":0,"218":0,"219":0,"220":0,"221":0,"222":0,"223":0,"224":0,"225":0,"226":0,"227":0},"f":{"0":0,"1":0,"2":0,"3":0,"4":0,"5":0,"6":0,"7":0,"8":0,"9":0,"10":0,"11":0,"12":0,"13":0,"14":0,"15":0,"16":0,"17":0,"18":0,"19":0,"20":0,"21":0,"22":0,"23":0,"24":0},"b":{"0":[0,0],"1":[0,0],"2":[0,0],"3":[0,0],"4":[0,0],"5":[0,0],"6":[0,0],"7":[0,0],"8":[0,0,0],"9":[0],"10":[0,0],"11":[0,0],"12":[0,0],"13":[0,0],"14":[0,0],"15":[0,0],"16":[0,0],"17":[0,0],"18":[0,0],"19":[0],"20":[0,0],"21":[0,0],"22":[0,0,0],"23":[0,0],"24":[0,0],"25":[0,0],"26":[0,0],"27":[0,0],"28":[0,0],"29":[0,0],"30":[0,0],"31":[0,0],"32":[0,0],"33":[0,0],"34":[0,0],"35":[0,0],"36":[0,0],"37":[0,0],"38":[0,0],"39":[0,0],"40":[0,0],"41":[0,0],"42":[0,0],"43":[0,0],"44":[0,0],"45":[0,0],"46":[0,0],"47":[0,0],"48":[0,0],"49":[0,0],"50":[0,0],"51":[0,0],"52":[0,0],"53":[0,0],"54":[0,0],"55":[0,0],"56":[0,0],"57":[0,0],"58":[0,0]}}
}
