TN:
SF:index.js
FN:13,initialize
FN:31,(anonymous_1)
FN:44,(anonymous_2)
FN:54,(anonymous_3)
FN:66,(anonymous_4)
FN:75,(anonymous_5)
FNF:6
FNH:5
FNDA:1,initialize
FNDA:0,(anonymous_1)
FNDA:13,(anonymous_2)
FNDA:5,(anonymous_3)
FNDA:1,(anonymous_4)
FNDA:1,(anonymous_5)
DA:6,1
DA:7,1
DA:10,1
DA:14,1
DA:15,1
DA:22,1
DA:24,1
DA:32,0
DA:33,0
DA:45,13
DA:46,13
DA:55,5
DA:56,5
DA:67,1
DA:68,1
DA:76,1
DA:77,1
LF:17
LH:15
BRDA:31,0,0,0
BRDA:44,1,0,12
BRDA:66,2,0,1
BRF:3
BRH:2
end_of_record
TN:
SF:lib\commands\config-delete.js
FN:13,configDeleteCommand
FNF:1
FNH:1
FNDA:1,configDeleteCommand
DA:14,1
DA:15,0
DA:19,1
DA:21,1
DA:22,0
DA:23,0
DA:27,1
DA:29,1
DA:30,1
DA:33,1
LF:10
LH:7
BRDA:13,0,0,0
BRDA:14,1,0,0
BRDA:14,1,1,1
BRDA:21,2,0,0
BRDA:21,2,1,1
BRF:5
BRH:2
end_of_record
TN:
SF:lib\commands\config-get.js
FN:12,configGetCommand
FN:42,(anonymous_1)
FNF:2
FNH:2
FNDA:5,configGetCommand
FNDA:2,(anonymous_1)
DA:13,5
DA:15,4
DA:17,4
DA:18,2
DA:19,2
DA:23,2
DA:24,2
DA:25,2
DA:26,2
DA:28,2
DA:31,1
DA:33,1
DA:34,0
DA:35,0
DA:38,1
DA:39,1
DA:42,1
DA:43,2
DA:44,1
DA:46,2
DA:47,2
DA:51,1
DA:52,1
DA:53,1
DA:54,2
DA:59,2
DA:63,1
DA:67,1
LF:28
LH:26
BRDA:13,0,0,4
BRDA:13,0,1,1
BRDA:17,1,0,2
BRDA:17,1,1,2
BRDA:33,2,0,0
BRDA:33,2,1,1
BRDA:43,3,0,1
BRDA:43,3,1,1
BRDA:54,4,0,2
BRDA:54,4,1,0
BRDA:54,5,0,2
BRDA:54,5,1,2
BRDA:54,5,2,2
BRF:13
BRH:11
end_of_record
TN:
SF:lib\commands\config-load-env.js
FN:11,configLoadEnvCommand
FNF:1
FNH:1
FNDA:1,configLoadEnvCommand
DA:12,1
DA:14,1
DA:15,1
DA:18,1
DA:19,1
DA:20,1
DA:22,1
DA:23,1
DA:25,1
DA:26,1
DA:29,1
DA:30,0
DA:33,1
DA:34,0
DA:36,1
DA:39,0
DA:40,0
DA:44,1
LF:18
LH:14
BRDA:25,0,0,1
BRDA:25,0,1,0
BRDA:29,1,0,0
BRDA:29,1,1,1
BRDA:33,2,0,0
BRDA:33,2,1,1
BRDA:33,3,0,1
BRDA:33,3,1,0
BRF:8
BRH:4
end_of_record
TN:
SF:lib\commands\config-set.js
FN:14,configSetCommand
FNF:1
FNH:1
FNDA:13,configSetCommand
DA:15,13
DA:16,0
DA:19,13
DA:20,0
DA:24,13
DA:26,13
DA:28,13
DA:29,1
DA:31,12
DA:35,1
LF:10
LH:8
BRDA:14,0,0,0
BRDA:15,1,0,0
BRDA:15,1,1,13
BRDA:19,2,0,0
BRDA:19,2,1,13
BRDA:19,3,0,13
BRDA:19,3,1,13
BRDA:26,4,0,1
BRDA:26,4,1,12
BRDA:26,5,0,13
BRDA:26,5,1,13
BRDA:28,6,0,1
BRDA:28,6,1,12
BRF:13
BRH:10
end_of_record
TN:
SF:lib\commands\config.js
FN:14,configCommand
FN:24,(anonymous_1)
FN:24,(anonymous_2)
FN:139,(anonymous_3)
FN:141,(anonymous_4)
FN:143,(anonymous_5)
FN:144,(anonymous_6)
FNF:7
FNH:0
FNDA:0,configCommand
FNDA:0,(anonymous_1)
FNDA:0,(anonymous_2)
FNDA:0,(anonymous_3)
FNDA:0,(anonymous_4)
FNDA:0,(anonymous_5)
FNDA:0,(anonymous_6)
DA:6,0
DA:15,0
DA:16,0
DA:17,0
DA:19,0
DA:24,0
DA:25,0
DA:28,0
DA:30,0
DA:70,0
DA:72,0
DA:73,0
DA:76,0
DA:77,0
DA:78,0
DA:79,0
DA:80,0
DA:81,0
DA:82,0
DA:84,0
DA:87,0
DA:90,0
DA:91,0
DA:93,0
DA:94,0
DA:95,0
DA:98,0
DA:100,0
DA:101,0
DA:102,0
DA:106,0
DA:111,0
DA:112,0
DA:114,0
DA:115,0
DA:116,0
DA:117,0
DA:119,0
DA:120,0
DA:121,0
DA:127,0
DA:128,0
DA:129,0
DA:131,0
DA:132,0
DA:135,0
DA:137,0
DA:138,0
DA:139,0
DA:141,0
DA:142,0
DA:143,0
DA:144,0
DA:147,0
DA:148,0
DA:149,0
DA:153,0
DA:156,0
DA:160,0
LF:59
LH:0
BRDA:14,0,0,0
BRDA:73,1,0,0
BRDA:73,1,1,0
BRDA:77,2,0,0
BRDA:77,2,1,0
BRDA:77,3,0,0
BRDA:77,3,1,0
BRDA:79,4,0,0
BRDA:79,4,1,0
BRDA:79,5,0,0
BRDA:79,5,1,0
BRDA:81,6,0,0
BRDA:81,6,1,0
BRDA:91,7,0,0
BRDA:91,7,1,0
BRDA:91,8,0,0
BRDA:91,8,1,0
BRDA:94,9,0,0
BRDA:94,9,1,0
BRDA:94,10,0,0
BRDA:94,10,1,0
BRDA:98,11,0,0
BRDA:98,11,1,0
BRDA:100,12,0,0
BRDA:100,12,1,0
BRDA:100,13,0,0
BRDA:100,13,1,0
BRDA:114,14,0,0
BRDA:114,14,1,0
BRDA:117,15,0,0
BRDA:117,15,1,0
BRDA:120,16,0,0
BRDA:120,16,1,0
BRDA:127,17,0,0
BRDA:127,17,1,0
BRDA:132,18,0,0
BRDA:132,18,1,0
BRDA:138,19,0,0
BRDA:138,19,1,0
BRDA:143,20,0,0
BRDA:143,20,1,0
BRDA:147,21,0,0
BRDA:147,21,1,0
BRF:43
BRH:0
end_of_record
TN:
SF:lib\config\manager.js
FN:12,(anonymous_0)
FN:26,(anonymous_1)
FN:52,(anonymous_2)
FN:60,(anonymous_3)
FN:70,(anonymous_4)
FN:92,(anonymous_5)
FN:100,(anonymous_6)
FN:109,(anonymous_7)
FNF:8
FNH:6
FNDA:1,(anonymous_0)
FNDA:13,(anonymous_1)
FNDA:5,(anonymous_2)
FNDA:1,(anonymous_3)
FNDA:1,(anonymous_4)
FNDA:2,(anonymous_5)
FNDA:0,(anonymous_6)
FNDA:0,(anonymous_7)
DA:6,1
DA:7,1
DA:8,1
DA:9,1
DA:13,1
DA:14,1
DA:15,1
DA:16,1
DA:28,13
DA:31,13
DA:32,9
DA:33,9
DA:36,9
DA:38,4
DA:42,13
DA:43,12
DA:53,5
DA:61,1
DA:72,1
DA:73,1
DA:75,1
DA:76,0
DA:79,1
DA:80,1
DA:83,1
DA:84,1
DA:93,2
DA:101,0
DA:110,0
DA:114,1
LF:30
LH:27
BRDA:12,0,0,1
BRDA:26,1,0,0
BRDA:31,2,0,9
BRDA:31,2,1,4
BRDA:42,3,0,12
BRDA:42,3,1,1
BRDA:70,4,0,0
BRDA:75,5,0,0
BRDA:75,5,1,1
BRDA:79,6,0,1
BRDA:79,6,1,0
BRDA:83,7,0,1
BRDA:83,7,1,0
BRF:13
BRH:8
end_of_record
TN:
SF:lib\config\resolver.js
FN:7,(anonymous_0)
FN:17,(anonymous_1)
FN:76,(anonymous_2)
FNF:3
FNH:3
FNDA:1,(anonymous_0)
FNDA:7,(anonymous_1)
FNDA:1,(anonymous_2)
DA:8,1
DA:19,7
DA:20,7
DA:21,2
DA:30,5
DA:31,5
DA:32,3
DA:41,2
DA:42,2
DA:43,0
DA:46,0
DA:55,2
DA:56,2
DA:57,0
DA:60,0
DA:69,2
DA:77,1
DA:78,1
DA:81,1
DA:82,1
DA:83,1
DA:84,1
DA:87,1
DA:95,1
DA:96,2
DA:97,2
DA:98,2
DA:99,2
DA:100,2
DA:105,1
DA:109,1
LF:31
LH:27
BRDA:20,0,0,2
BRDA:20,0,1,5
BRDA:31,1,0,3
BRDA:31,1,1,2
BRDA:42,2,0,0
BRDA:42,2,1,2
BRDA:43,3,0,0
BRDA:43,3,1,0
BRDA:56,4,0,0
BRDA:56,4,1,2
BRDA:57,5,0,0
BRDA:57,5,1,0
BRDA:96,6,0,2
BRDA:96,6,1,0
BRDA:98,7,0,2
BRDA:98,7,1,0
BRF:16
BRH:8
end_of_record
TN:
SF:lib\distribution\client-registry.js
FN:10,(anonymous_0)
FN:17,(anonymous_1)
FN:28,(anonymous_2)
FN:53,(anonymous_3)
FN:114,(anonymous_4)
FN:138,(anonymous_5)
FN:148,(anonymous_6)
FN:149,(anonymous_7)
FN:158,(anonymous_8)
FN:160,(anonymous_9)
FN:174,(anonymous_10)
FN:185,(anonymous_11)
FNF:12
FNH:9
FNDA:2,(anonymous_0)
FNDA:2,(anonymous_1)
FNDA:96,(anonymous_2)
FNDA:1,(anonymous_3)
FNDA:91,(anonymous_4)
FNDA:4,(anonymous_5)
FNDA:91,(anonymous_6)
FNDA:91,(anonymous_7)
FNDA:0,(anonymous_8)
FNDA:0,(anonymous_9)
FNDA:0,(anonymous_10)
FNDA:1,(anonymous_11)
DA:6,1
DA:7,1
DA:12,2
DA:13,2
DA:14,2
DA:18,2
DA:21,2
DA:29,96
DA:31,2
DA:32,2
DA:33,1
DA:35,1
DA:36,1
DA:37,0
DA:40,1
DA:42,1
DA:46,96
DA:54,1
DA:115,91
DA:116,91
DA:118,91
DA:119,0
DA:122,91
DA:123,91
DA:125,91
DA:126,0
DA:130,91
DA:139,4
DA:140,4
DA:149,91
DA:150,91
DA:159,0
DA:160,0
DA:175,0
DA:176,0
DA:177,0
DA:186,1
DA:187,1
DA:190,1
DA:192,1
DA:193,1
DA:197,1
LF:42
LH:34
BRDA:18,0,0,2
BRDA:18,0,1,0
BRDA:29,1,0,2
BRDA:29,1,1,94
BRDA:118,2,0,0
BRDA:118,2,1,91
BRDA:125,3,0,0
BRDA:125,3,1,91
BRDA:150,4,0,91
BRDA:150,4,1,0
BRDA:174,5,0,0
BRDA:185,6,0,0
BRDA:186,7,0,0
BRDA:186,7,1,1
BRF:14
BRH:7
end_of_record
TN:
SF:lib\distribution\distributor.js
FN:15,(anonymous_0)
FN:29,(anonymous_1)
FN:49,(anonymous_2)
FN:72,(anonymous_3)
FN:102,(anonymous_4)
FNF:5
FNH:3
FNDA:1,(anonymous_0)
FNDA:13,(anonymous_1)
FNDA:0,(anonymous_2)
FNDA:13,(anonymous_3)
FNDA:0,(anonymous_4)
DA:6,1
DA:7,1
DA:8,1
DA:9,1
DA:10,1
DA:11,1
DA:12,1
DA:16,1
DA:17,1
DA:30,13
DA:32,13
DA:33,52
DA:34,52
DA:35,39
DA:36,39
DA:39,0
DA:50,0
DA:52,0
DA:53,0
DA:54,0
DA:55,0
DA:56,0
DA:59,0
DA:60,0
DA:61,0
DA:63,0
DA:73,13
DA:74,13
DA:77,13
DA:78,13
DA:79,13
DA:80,13
DA:81,0
DA:82,0
DA:88,13
DA:89,13
DA:91,13
DA:103,0
DA:107,1
LF:39
LH:25
BRDA:34,0,0,39
BRDA:34,0,1,13
BRDA:54,1,0,0
BRDA:54,1,1,0
BRDA:82,2,0,0
BRDA:82,2,1,0
BRF:6
BRH:2
end_of_record
TN:
SF:lib\distribution\clients\base-client.js
FN:10,(anonymous_0)
FN:20,(anonymous_1)
FN:28,(anonymous_2)
FN:38,(anonymous_3)
FN:54,(anonymous_4)
FN:89,(anonymous_5)
FNF:6
FNH:6
FNDA:4,(anonymous_0)
FNDA:39,(anonymous_1)
FNDA:91,(anonymous_2)
FNDA:52,(anonymous_3)
FNDA:39,(anonymous_4)
FNDA:39,(anonymous_5)
DA:6,1
DA:7,1
DA:11,4
DA:12,4
DA:13,4
DA:21,39
DA:29,91
DA:30,4
DA:39,52
DA:40,52
DA:41,52
DA:42,52
DA:43,39
DA:45,13
DA:55,39
DA:56,39
DA:57,39
DA:60,39
DA:63,39
DA:64,39
DA:65,39
DA:66,39
DA:72,39
DA:73,0
DA:77,39
DA:78,39
DA:81,39
DA:91,39
DA:96,39
DA:97,27
DA:98,27
DA:100,30
DA:104,39
DA:108,1
LF:34
LH:33
BRDA:21,0,0,39
BRDA:21,0,1,0
BRDA:29,1,0,4
BRDA:29,1,1,87
BRDA:72,2,0,0
BRDA:72,2,1,39
BRDA:92,3,0,39
BRDA:92,3,1,0
BRDA:96,4,0,27
BRDA:96,4,1,12
BRDA:96,5,0,39
BRDA:96,5,1,39
BRDA:100,6,0,20
BRDA:100,6,1,10
BRF:14
BRH:11
end_of_record
TN:
SF:lib\distribution\clients\claude-code.js
FN:9,(anonymous_0)
FN:18,(anonymous_1)
FNF:2
FNH:1
FNDA:1,(anonymous_0)
FNDA:0,(anonymous_1)
DA:6,1
DA:10,1
DA:19,0
DA:23,0
DA:24,0
DA:25,0
DA:29,0
DA:33,1
LF:8
LH:3
BRDA:23,0,0,0
BRDA:23,0,1,0
BRF:2
BRH:0
end_of_record
TN:
SF:lib\distribution\clients\claude-desktop.js
FN:9,(anonymous_0)
FN:18,(anonymous_1)
FNF:2
FNH:2
FNDA:1,(anonymous_0)
FNDA:13,(anonymous_1)
DA:6,1
DA:10,1
DA:19,13
DA:23,13
DA:24,9
DA:25,10
DA:29,13
DA:33,1
LF:8
LH:8
BRDA:23,0,0,9
BRDA:23,0,1,4
BRF:2
BRH:2
end_of_record
TN:
SF:lib\distribution\clients\cursor.js
FN:9,(anonymous_0)
FN:18,(anonymous_1)
FNF:2
FNH:2
FNDA:1,(anonymous_0)
FNDA:13,(anonymous_1)
DA:6,1
DA:10,1
DA:19,13
DA:23,13
DA:24,0
DA:25,0
DA:28,13
DA:29,0
DA:30,0
DA:33,13
DA:37,1
LF:11
LH:7
BRDA:23,0,0,0
BRDA:23,0,1,13
BRDA:28,1,0,0
BRDA:28,1,1,13
BRF:4
BRH:2
end_of_record
TN:
SF:lib\distribution\clients\vscode.js
FN:9,(anonymous_0)
FN:18,(anonymous_1)
FNF:2
FNH:2
FNDA:1,(anonymous_0)
FNDA:13,(anonymous_1)
DA:6,1
DA:10,1
DA:19,13
DA:23,13
DA:24,0
DA:25,0
DA:28,13
DA:29,0
DA:30,0
DA:33,13
DA:37,1
LF:11
LH:7
BRDA:23,0,0,0
BRDA:23,0,1,13
BRDA:28,1,0,0
BRDA:28,1,1,13
BRF:4
BRH:2
end_of_record
TN:
SF:lib\security\detector.js
FN:9,(anonymous_0)
FN:18,(anonymous_1)
FN:35,(anonymous_2)
FN:52,(anonymous_3)
FN:55,(anonymous_4)
FNF:5
FNH:5
FNDA:1,(anonymous_0)
FNDA:13,(anonymous_1)
FNDA:1,(anonymous_2)
FNDA:13,(anonymous_3)
FNDA:53,(anonymous_4)
DA:6,1
DA:10,1
DA:11,1
DA:19,13
DA:20,1
DA:21,1
DA:22,1
DA:25,1
DA:28,13
DA:36,1
DA:53,13
DA:54,13
DA:55,53
DA:59,1
LF:14
LH:14
BRDA:19,0,0,1
BRDA:19,0,1,12
BRDA:22,1,0,1
BRDA:22,1,1,0
BRF:4
BRH:3
end_of_record
TN:
SF:lib\storage\env-storage.js
FN:11,(anonymous_0)
FN:16,(anonymous_1)
FN:28,(anonymous_2)
FN:45,(anonymous_3)
FN:65,(anonymous_4)
FN:74,(anonymous_5)
FN:95,(anonymous_6)
FN:114,(anonymous_7)
FN:124,(anonymous_8)
FN:136,(anonymous_9)
FN:160,(anonymous_10)
FN:182,(anonymous_11)
FN:203,(anonymous_12)
FN:209,(anonymous_13)
FN:217,(anonymous_14)
FN:227,(anonymous_15)
FNF:16
FNH:15
FNDA:14,(anonymous_0)
FNDA:14,(anonymous_1)
FNDA:40,(anonymous_2)
FNDA:9,(anonymous_3)
FNDA:37,(anonymous_4)
FNDA:9,(anonymous_5)
FNDA:10,(anonymous_6)
FNDA:19,(anonymous_7)
FNDA:2,(anonymous_8)
FNDA:9,(anonymous_9)
FNDA:10,(anonymous_10)
FNDA:0,(anonymous_11)
FNDA:2,(anonymous_12)
FNDA:2,(anonymous_13)
FNDA:15,(anonymous_14)
FNDA:2,(anonymous_15)
DA:6,1
DA:7,1
DA:8,1
DA:12,14
DA:13,14
DA:17,14
DA:20,14
DA:29,40
DA:30,40
DA:32,25
DA:33,25
DA:35,0
DA:46,9
DA:49,9
DA:52,9
DA:55,9
DA:56,0
DA:66,37
DA:75,9
DA:81,9
DA:83,10
DA:84,10
DA:87,9
DA:96,10
DA:97,0
DA:101,10
DA:103,0
DA:106,10
DA:116,19
DA:126,2
DA:137,9
DA:140,9
DA:143,9
DA:144,9
DA:147,9
DA:150,9
DA:151,9
DA:161,10
DA:162,10
DA:165,10
DA:166,0
DA:170,10
DA:171,10
DA:173,10
DA:183,0
DA:184,0
DA:187,0
DA:188,0
DA:191,0
DA:194,0
DA:195,0
DA:204,2
DA:205,2
DA:206,2
DA:209,2
DA:218,15
DA:219,15
DA:220,15
DA:229,2
DA:230,2
DA:232,2
DA:233,0
DA:234,0
DA:237,2
DA:238,1
DA:239,1
DA:244,1
LF:67
LH:53
BRDA:17,0,0,14
BRDA:17,0,1,0
BRDA:32,1,0,25
BRDA:32,1,1,0
BRDA:55,2,0,0
BRDA:55,2,1,9
BRDA:96,3,0,0
BRDA:96,3,1,10
BRDA:101,4,0,0
BRDA:101,4,1,10
BRDA:101,5,0,10
BRDA:101,5,1,10
BRDA:101,5,2,10
BRDA:101,5,3,10
BRDA:136,6,0,9
BRDA:137,7,0,0
BRDA:137,7,1,9
BRDA:160,8,0,1
BRDA:161,9,0,2
BRDA:161,9,1,8
BRDA:165,10,0,0
BRDA:165,10,1,10
BRDA:182,11,0,0
BRDA:183,12,0,0
BRDA:183,12,1,0
BRDA:203,13,0,0
BRDA:204,14,0,1
BRDA:204,14,1,1
BRDA:217,15,0,0
BRDA:218,16,0,1
BRDA:218,16,1,14
BRDA:232,17,0,0
BRDA:232,17,1,2
BRDA:237,18,0,1
BRDA:237,18,1,1
BRF:35
BRH:22
end_of_record
TN:
SF:lib\storage\gitignore.js
FN:10,(anonymous_0)
FN:20,(anonymous_1)
FN:46,(anonymous_2)
FN:48,(anonymous_3)
FNF:4
FNH:4
FNDA:14,(anonymous_0)
FNDA:9,(anonymous_1)
FNDA:11,(anonymous_2)
FNDA:41,(anonymous_3)
DA:6,1
DA:7,1
DA:11,14
DA:12,14
DA:22,9
DA:24,9
DA:26,9
DA:27,9
DA:28,9
DA:30,8
DA:31,0
DA:37,9
DA:38,9
DA:46,9
DA:47,11
DA:48,41
DA:51,9
DA:53,8
DA:56,8
DA:57,0
DA:61,8
DA:62,0
DA:64,8
DA:65,8
DA:66,8
DA:69,8
DA:71,8
DA:74,0
DA:80,1
LF:29
LH:25
BRDA:20,0,0,9
BRDA:22,1,0,0
BRDA:22,1,1,9
BRDA:30,2,0,0
BRDA:30,2,1,8
BRDA:48,3,0,41
BRDA:48,3,1,40
BRDA:51,4,0,8
BRDA:51,4,1,1
BRDA:56,5,0,0
BRDA:56,5,1,8
BRDA:56,6,0,8
BRDA:56,6,1,0
BRDA:61,7,0,0
BRDA:61,7,1,8
BRF:15
BRH:10
end_of_record
TN:
SF:lib\storage\json-storage.js
FN:10,(anonymous_0)
FN:15,(anonymous_1)
FN:27,(anonymous_2)
FN:45,(anonymous_3)
FN:62,(anonymous_4)
FN:78,(anonymous_5)
FN:91,(anonymous_6)
FN:107,(anonymous_7)
FN:119,(anonymous_8)
FN:130,(anonymous_9)
FN:150,(anonymous_10)
FN:170,(anonymous_11)
FN:190,(anonymous_12)
FNF:13
FNH:13
FNDA:14,(anonymous_0)
FNDA:14,(anonymous_1)
FNDA:28,(anonymous_2)
FNDA:5,(anonymous_3)
FNDA:4,(anonymous_4)
FNDA:8,(anonymous_5)
FNDA:1,(anonymous_6)
FNDA:2,(anonymous_7)
FNDA:13,(anonymous_8)
FNDA:4,(anonymous_9)
FNDA:8,(anonymous_10)
FNDA:1,(anonymous_11)
FNDA:2,(anonymous_12)
DA:6,1
DA:7,1
DA:11,14
DA:12,14
DA:16,14
DA:19,14
DA:28,28
DA:29,28
DA:30,10
DA:32,18
DA:33,18
DA:35,0
DA:46,5
DA:49,5
DA:52,5
DA:63,4
DA:64,4
DA:67,4
DA:69,4
DA:79,8
DA:80,8
DA:82,8
DA:92,1
DA:93,1
DA:95,1
DA:97,1
DA:99,1
DA:108,2
DA:109,2
DA:111,2
DA:120,13
DA:121,13
DA:131,4
DA:132,4
DA:134,4
DA:135,4
DA:136,4
DA:138,4
DA:141,4
DA:151,8
DA:152,8
DA:154,8
DA:155,13
DA:156,9
DA:158,4
DA:162,4
DA:171,1
DA:172,1
DA:174,1
DA:175,1
DA:176,0
DA:178,1
DA:181,1
DA:191,2
DA:193,2
DA:194,0
DA:195,0
DA:197,0
DA:198,0
DA:200,0
DA:205,2
DA:209,1
LF:62
LH:55
BRDA:16,0,0,14
BRDA:16,0,1,0
BRDA:32,1,0,18
BRDA:32,1,1,0
BRDA:62,2,0,3
BRDA:63,3,0,1
BRDA:63,3,1,3
BRDA:64,4,0,4
BRDA:64,4,1,4
BRDA:78,5,0,1
BRDA:79,6,0,2
BRDA:79,6,1,6
BRDA:80,7,0,8
BRDA:80,7,1,3
BRDA:91,8,0,1
BRDA:92,9,0,0
BRDA:92,9,1,1
BRDA:95,10,0,0
BRDA:95,10,1,1
BRDA:107,11,0,0
BRDA:108,12,0,1
BRDA:108,12,1,1
BRDA:109,13,0,2
BRDA:109,13,1,2
BRDA:119,14,0,0
BRDA:120,15,0,0
BRDA:120,15,1,13
BRDA:121,16,0,13
BRDA:121,16,1,9
BRDA:135,17,0,4
BRDA:135,17,1,0
BRDA:135,18,0,4
BRDA:135,18,1,0
BRDA:155,19,0,9
BRDA:155,19,1,4
BRDA:155,20,0,13
BRDA:155,20,1,13
BRDA:155,20,2,13
BRDA:175,21,0,0
BRDA:175,21,1,1
BRDA:175,22,0,1
BRDA:175,22,1,1
BRDA:190,23,0,2
BRDA:194,24,0,0
BRDA:194,24,1,0
BRDA:195,25,0,0
BRDA:195,25,1,0
BRDA:197,26,0,0
BRDA:197,26,1,0
BRDA:197,27,0,0
BRDA:197,27,1,0
BRDA:197,27,2,0
BRF:52
BRH:33
end_of_record
TN:
SF:lib\storage\storage-manager.js
FN:11,(anonymous_0)
FNF:1
FNH:1
FNDA:14,(anonymous_0)
DA:6,1
DA:7,1
DA:8,1
DA:12,14
DA:13,14
DA:14,14
DA:18,1
LF:7
LH:7
BRF:0
BRH:0
end_of_record
