TN:
SF:D:\Workspace\Repos\jamaynor\mcps\dj-config-mcp\index.js
FN:13,initialize
FN:31,(anonymous_1)
FN:44,(anonymous_2)
FN:54,(anonymous_3)
FN:66,(anonymous_4)
FN:75,(anonymous_5)
FNF:6
FNH:5
FNDA:1,initialize
FNDA:0,(anonymous_1)
FNDA:14,(anonymous_2)
FNDA:13,(anonymous_3)
FNDA:2,(anonymous_4)
FNDA:1,(anonymous_5)
DA:6,1
DA:7,1
DA:10,1
DA:14,1
DA:15,1
DA:22,1
DA:24,1
DA:32,0
DA:33,0
DA:45,14
DA:46,14
DA:55,13
DA:56,13
DA:67,2
DA:68,2
DA:76,1
DA:77,1
LF:17
LH:15
BRDA:31,0,0,0
BRDA:44,1,0,13
BRDA:66,2,0,1
BRF:3
BRH:2
end_of_record
TN:
SF:D:\Workspace\Repos\jamaynor\mcps\dj-config-mcp\lib\commands\config-delete.js
FN:13,configDeleteCommand
FNF:1
FNH:1
FNDA:9,configDeleteCommand
DA:14,9
DA:15,3
DA:19,6
DA:21,6
DA:24,1
DA:28,5
DA:33,4
DA:36,2
LF:8
LH:8
BRDA:13,0,0,0
BRDA:14,1,0,3
BRDA:14,1,1,6
BRDA:21,2,0,1
BRDA:21,2,1,5
BRF:5
BRH:4
end_of_record
TN:
SF:D:\Workspace\Repos\jamaynor\mcps\dj-config-mcp\lib\commands\config-get.js
FN:12,configGetCommand
FNF:1
FNH:1
FNDA:13,configGetCommand
DA:13,13
DA:15,12
DA:20,12
DA:23,1
DA:28,1
DA:32,1
LF:6
LH:6
BRDA:13,0,0,12
BRDA:13,0,1,1
BRDA:20,1,0,12
BRDA:20,1,1,2
BRF:4
BRH:4
end_of_record
TN:
SF:D:\Workspace\Repos\jamaynor\mcps\dj-config-mcp\lib\commands\config-load-env.js
FN:11,configLoadEnvCommand
FNF:1
FNH:1
FNDA:6,configLoadEnvCommand
DA:15,6
DA:16,6
DA:19,5
DA:20,5
DA:21,5
DA:23,5
DA:24,5
DA:27,5
DA:36,1
DA:40,2
LF:10
LH:10
BRF:0
BRH:0
end_of_record
TN:
SF:D:\Workspace\Repos\jamaynor\mcps\dj-config-mcp\lib\commands\config-set.js
FN:14,configSetCommand
FNF:1
FNH:1
FNDA:21,configSetCommand
DA:15,21
DA:16,1
DA:19,20
DA:20,1
DA:24,19
DA:30,2
LF:6
LH:6
BRDA:14,0,0,0
BRDA:15,1,0,1
BRDA:15,1,1,20
BRDA:19,2,0,1
BRDA:19,2,1,19
BRDA:19,3,0,20
BRDA:19,3,1,19
BRF:7
BRH:6
end_of_record
TN:
SF:D:\Workspace\Repos\jamaynor\mcps\dj-config-mcp\lib\commands\config.js
FN:14,configCommand
FN:24,(anonymous_1)
FN:24,(anonymous_2)
FN:139,(anonymous_3)
FN:141,(anonymous_4)
FN:143,(anonymous_5)
FN:144,(anonymous_6)
FNF:7
FNH:0
FNDA:0,configCommand
FNDA:0,(anonymous_1)
FNDA:0,(anonymous_2)
FNDA:0,(anonymous_3)
FNDA:0,(anonymous_4)
FNDA:0,(anonymous_5)
FNDA:0,(anonymous_6)
DA:6,0
DA:15,0
DA:16,0
DA:17,0
DA:19,0
DA:24,0
DA:25,0
DA:28,0
DA:30,0
DA:70,0
DA:72,0
DA:73,0
DA:76,0
DA:77,0
DA:78,0
DA:79,0
DA:80,0
DA:81,0
DA:82,0
DA:84,0
DA:87,0
DA:90,0
DA:91,0
DA:93,0
DA:94,0
DA:95,0
DA:98,0
DA:100,0
DA:101,0
DA:102,0
DA:106,0
DA:111,0
DA:112,0
DA:114,0
DA:115,0
DA:116,0
DA:117,0
DA:119,0
DA:120,0
DA:121,0
DA:127,0
DA:128,0
DA:129,0
DA:131,0
DA:132,0
DA:135,0
DA:137,0
DA:138,0
DA:139,0
DA:141,0
DA:142,0
DA:143,0
DA:144,0
DA:147,0
DA:148,0
DA:149,0
DA:153,0
DA:156,0
DA:160,0
LF:59
LH:0
BRDA:14,0,0,0
BRDA:73,1,0,0
BRDA:73,1,1,0
BRDA:77,2,0,0
BRDA:77,2,1,0
BRDA:77,3,0,0
BRDA:77,3,1,0
BRDA:79,4,0,0
BRDA:79,4,1,0
BRDA:79,5,0,0
BRDA:79,5,1,0
BRDA:81,6,0,0
BRDA:81,6,1,0
BRDA:91,7,0,0
BRDA:91,7,1,0
BRDA:91,8,0,0
BRDA:91,8,1,0
BRDA:94,9,0,0
BRDA:94,9,1,0
BRDA:94,10,0,0
BRDA:94,10,1,0
BRDA:98,11,0,0
BRDA:98,11,1,0
BRDA:100,12,0,0
BRDA:100,12,1,0
BRDA:100,13,0,0
BRDA:100,13,1,0
BRDA:114,14,0,0
BRDA:114,14,1,0
BRDA:117,15,0,0
BRDA:117,15,1,0
BRDA:120,16,0,0
BRDA:120,16,1,0
BRDA:127,17,0,0
BRDA:127,17,1,0
BRDA:132,18,0,0
BRDA:132,18,1,0
BRDA:138,19,0,0
BRDA:138,19,1,0
BRDA:143,20,0,0
BRDA:143,20,1,0
BRDA:147,21,0,0
BRDA:147,21,1,0
BRF:43
BRH:0
end_of_record
TN:
SF:D:\Workspace\Repos\jamaynor\mcps\dj-config-mcp\lib\config\manager.js
FN:24,(anonymous_0)
FN:43,(anonymous_1)
FN:74,(anonymous_2)
FN:109,(anonymous_3)
FN:123,(anonymous_4)
FN:142,(anonymous_5)
FN:165,(anonymous_6)
FN:177,(anonymous_7)
FN:191,(anonymous_8)
FNF:9
FNH:9
FNDA:29,(anonymous_0)
FNDA:30,(anonymous_1)
FNDA:19,(anonymous_2)
FNDA:15,(anonymous_3)
FNDA:2,(anonymous_4)
FNDA:9,(anonymous_5)
FNDA:3,(anonymous_6)
FNDA:1,(anonymous_7)
FNDA:1,(anonymous_8)
DA:17,5
DA:18,5
DA:19,5
DA:20,5
DA:21,5
DA:26,29
DA:29,29
DA:32,29
DA:33,29
DA:34,29
DA:35,29
DA:44,30
DA:45,30
DA:46,30
DA:47,30
DA:48,30
DA:49,30
DA:50,28
DA:51,27
DA:53,3
DA:76,19
DA:79,19
DA:80,11
DA:81,11
DA:86,8
DA:90,19
DA:91,18
DA:110,15
DA:124,2
DA:144,9
DA:145,9
DA:147,9
DA:148,4
DA:151,9
DA:152,5
DA:155,9
DA:156,8
DA:166,3
DA:178,1
DA:192,1
DA:196,5
LF:41
LH:41
BRDA:24,0,0,28
BRDA:26,1,0,29
BRDA:26,1,1,28
BRDA:51,2,0,27
BRDA:51,2,1,1
BRDA:74,3,0,1
BRDA:79,4,0,11
BRDA:79,4,1,8
BRDA:90,5,0,18
BRDA:90,5,1,1
BRDA:142,6,0,1
BRDA:147,7,0,4
BRDA:147,7,1,5
BRDA:151,8,0,5
BRDA:151,8,1,4
BRDA:155,9,0,8
BRDA:155,9,1,1
BRF:17
BRH:17
end_of_record
TN:
SF:D:\Workspace\Repos\jamaynor\mcps\dj-config-mcp\lib\config\resolver.js
FN:10,(anonymous_0)
FN:21,(anonymous_1)
FN:74,(anonymous_2)
FNF:3
FNH:3
FNDA:15,(anonymous_0)
FNDA:36,(anonymous_1)
FNDA:6,(anonymous_2)
DA:6,6
DA:7,6
DA:11,15
DA:12,15
DA:23,36
DA:24,36
DA:25,13
DA:34,23
DA:35,23
DA:36,10
DA:45,13
DA:46,13
DA:47,4
DA:56,9
DA:57,9
DA:58,4
DA:67,5
DA:75,6
DA:76,6
DA:79,6
DA:80,6
DA:81,6
DA:82,6
DA:85,6
DA:93,6
DA:94,16
DA:95,16
DA:96,16
DA:97,15
DA:98,15
DA:103,6
DA:107,6
LF:32
LH:32
BRDA:10,0,0,1
BRDA:12,1,0,15
BRDA:12,1,1,1
BRDA:24,2,0,13
BRDA:24,2,1,23
BRDA:35,3,0,10
BRDA:35,3,1,13
BRDA:46,4,0,4
BRDA:46,4,1,9
BRDA:57,5,0,4
BRDA:57,5,1,5
BRDA:94,6,0,16
BRDA:94,6,1,0
BRDA:96,7,0,15
BRDA:96,7,1,1
BRF:15
BRH:14
end_of_record
TN:
SF:D:\Workspace\Repos\jamaynor\mcps\dj-config-mcp\lib\constants\index.js
FNF:0
FNH:0
DA:9,2
DA:18,2
DA:30,2
DA:38,2
DA:53,2
DA:62,2
DA:73,2
DA:80,2
DA:99,2
DA:107,2
DA:115,2
DA:128,2
DA:138,2
DA:145,2
LF:14
LH:14
BRF:0
BRH:0
end_of_record
TN:
SF:D:\Workspace\Repos\jamaynor\mcps\dj-config-mcp\lib\constants\messages.js
FN:11,(anonymous_0)
FN:16,(anonymous_1)
FN:17,(anonymous_2)
FN:20,(anonymous_3)
FN:22,(anonymous_4)
FN:24,(anonymous_5)
FN:26,(anonymous_6)
FN:29,(anonymous_7)
FN:31,(anonymous_8)
FN:33,(anonymous_9)
FN:37,(anonymous_10)
FN:39,(anonymous_11)
FN:44,(anonymous_12)
FN:48,(anonymous_13)
FN:50,(anonymous_14)
FN:58,(anonymous_15)
FN:60,(anonymous_16)
FN:62,(anonymous_17)
FN:65,(anonymous_18)
FN:74,(anonymous_19)
FN:77,(anonymous_20)
FN:88,(anonymous_21)
FN:90,(anonymous_22)
FN:92,(anonymous_23)
FN:94,(anonymous_24)
FN:96,(anonymous_25)
FN:104,(anonymous_26)
FN:106,(anonymous_27)
FN:109,(anonymous_28)
FNF:29
FNH:0
FNDA:0,(anonymous_0)
FNDA:0,(anonymous_1)
FNDA:0,(anonymous_2)
FNDA:0,(anonymous_3)
FNDA:0,(anonymous_4)
FNDA:0,(anonymous_5)
FNDA:0,(anonymous_6)
FNDA:0,(anonymous_7)
FNDA:0,(anonymous_8)
FNDA:0,(anonymous_9)
FNDA:0,(anonymous_10)
FNDA:0,(anonymous_11)
FNDA:0,(anonymous_12)
FNDA:0,(anonymous_13)
FNDA:0,(anonymous_14)
FNDA:0,(anonymous_15)
FNDA:0,(anonymous_16)
FNDA:0,(anonymous_17)
FNDA:0,(anonymous_18)
FNDA:0,(anonymous_19)
FNDA:0,(anonymous_20)
FNDA:0,(anonymous_21)
FNDA:0,(anonymous_22)
FNDA:0,(anonymous_23)
FNDA:0,(anonymous_24)
FNDA:0,(anonymous_25)
FNDA:0,(anonymous_26)
FNDA:0,(anonymous_27)
FNDA:0,(anonymous_28)
DA:9,1
DA:12,0
DA:16,0
DA:17,0
DA:21,0
DA:23,0
DA:25,0
DA:26,0
DA:30,0
DA:32,0
DA:34,0
DA:38,0
DA:40,0
DA:45,0
DA:49,0
DA:51,0
DA:57,1
DA:59,0
DA:61,0
DA:63,0
DA:66,0
DA:73,1
DA:75,0
DA:78,0
DA:86,1
DA:89,0
DA:91,0
DA:93,0
DA:95,0
DA:97,0
DA:103,1
DA:105,0
DA:107,0
DA:110,0
DA:114,1
LF:35
LH:6
BRF:0
BRH:0
end_of_record
TN:
SF:D:\Workspace\Repos\jamaynor\mcps\dj-config-mcp\lib\distribution\base-client.js
FN:11,(anonymous_0)
FN:21,(anonymous_1)
FN:29,(anonymous_2)
FN:39,(anonymous_3)
FN:71,(anonymous_4)
FN:107,(anonymous_5)
FN:117,(anonymous_6)
FNF:7
FNH:7
FNDA:29,(anonymous_0)
FNDA:2,(anonymous_1)
FNDA:144,(anonymous_2)
FNDA:68,(anonymous_3)
FNDA:72,(anonymous_4)
FNDA:75,(anonymous_5)
FNDA:77,(anonymous_6)
DA:6,7
DA:7,7
DA:8,7
DA:12,29
DA:13,29
DA:14,29
DA:22,2
DA:30,144
DA:31,18
DA:40,68
DA:41,68
DA:42,68
DA:46,67
DA:47,67
DA:49,67
DA:50,1
DA:54,66
DA:55,66
DA:56,65
DA:59,1
DA:62,1
DA:72,72
DA:73,72
DA:76,72
DA:79,72
DA:80,72
DA:81,72
DA:82,65
DA:88,72
DA:91,72
DA:92,7
DA:96,72
DA:97,72
DA:100,72
DA:109,75
DA:118,77
DA:121,77
DA:123,77
DA:125,20
DA:126,3
DA:127,3
DA:130,3
DA:131,3
DA:132,3
DA:133,3
DA:134,2
DA:137,17
DA:141,57
DA:145,77
DA:146,7
DA:147,7
DA:149,14
DA:151,2
DA:154,12
DA:159,77
DA:163,7
LF:56
LH:56
BRDA:22,0,0,2
BRDA:22,0,1,1
BRDA:30,1,0,18
BRDA:30,1,1,126
BRDA:49,2,0,1
BRDA:49,2,1,66
BRDA:91,3,0,7
BRDA:91,3,1,65
BRDA:109,4,0,75
BRDA:109,4,1,2
BRDA:121,5,0,77
BRDA:121,5,1,52
BRDA:123,6,0,20
BRDA:123,6,1,57
BRDA:125,7,0,3
BRDA:125,7,1,17
BRDA:127,8,0,3
BRDA:127,8,1,0
BRDA:133,9,0,2
BRDA:133,9,1,1
BRDA:137,10,0,17
BRDA:137,10,1,0
BRDA:141,11,0,57
BRDA:141,11,1,1
BRDA:145,12,0,7
BRDA:145,12,1,70
BRDA:145,13,0,77
BRDA:145,13,1,71
BRDA:149,14,0,2
BRDA:149,14,1,12
BRDA:154,15,0,8
BRDA:154,15,1,4
BRF:32
BRH:30
end_of_record
TN:
SF:D:\Workspace\Repos\jamaynor\mcps\dj-config-mcp\lib\distribution\client-registry.js
FN:28,(anonymous_0)
FN:35,(anonymous_1)
FN:49,(anonymous_2)
FN:81,(anonymous_3)
FN:149,(anonymous_4)
FN:184,(anonymous_5)
FN:226,(anonymous_6)
FN:236,(anonymous_7)
FN:253,(anonymous_8)
FN:273,(anonymous_9)
FN:295,(anonymous_10)
FN:303,(anonymous_11)
FN:319,(anonymous_12)
FN:337,(anonymous_13)
FNF:14
FNH:14
FNDA:51,(anonymous_0)
FNDA:52,(anonymous_1)
FNDA:155,(anonymous_2)
FNDA:4,(anonymous_3)
FNDA:133,(anonymous_4)
FNDA:3,(anonymous_5)
FNDA:129,(anonymous_6)
FNDA:6,(anonymous_7)
FNDA:135,(anonymous_8)
FNDA:3,(anonymous_9)
FNDA:1,(anonymous_10)
FNDA:3,(anonymous_11)
FNDA:3,(anonymous_12)
FNDA:5,(anonymous_13)
DA:14,12
DA:15,12
DA:16,12
DA:17,12
DA:18,12
DA:29,51
DA:30,51
DA:32,51
DA:36,52
DA:37,52
DA:50,155
DA:51,4
DA:53,4
DA:54,3
DA:57,3
DA:59,1
DA:60,1
DA:64,1
DA:66,1
DA:67,1
DA:73,155
DA:82,4
DA:84,4
DA:85,4
DA:86,4
DA:87,3
DA:89,3
DA:94,1
DA:150,133
DA:151,133
DA:152,133
DA:154,133
DA:155,1
DA:161,132
DA:162,132
DA:164,132
DA:165,1
DA:173,131
DA:185,3
DA:186,3
DA:187,3
DA:189,3
DA:190,1
DA:196,2
DA:197,1
DA:204,1
DA:205,1
DA:207,1
DA:208,0
DA:216,1
DA:227,129
DA:237,6
DA:238,6
DA:239,6
DA:255,135
DA:256,135
DA:257,135
DA:261,135
DA:262,135
DA:274,3
DA:275,3
DA:278,3
DA:279,2
DA:280,6
DA:288,3
DA:296,1
DA:304,3
DA:305,3
DA:320,3
DA:321,3
DA:323,3
DA:324,1
DA:327,3
DA:328,3
DA:338,5
DA:340,4
DA:343,4
DA:345,4
DA:350,12
LF:79
LH:78
BRDA:28,0,0,18
BRDA:50,1,0,4
BRDA:50,1,1,151
BRDA:57,2,0,1
BRDA:57,2,1,2
BRDA:57,3,0,3
BRDA:57,3,1,1
BRDA:73,4,0,155
BRDA:73,4,1,0
BRDA:149,5,0,0
BRDA:151,6,0,132
BRDA:151,6,1,1
BRDA:154,7,0,1
BRDA:154,7,1,132
BRDA:164,8,0,1
BRDA:164,8,1,131
BRDA:184,9,0,0
BRDA:186,10,0,3
BRDA:186,10,1,0
BRDA:189,11,0,1
BRDA:189,11,1,2
BRDA:196,12,0,1
BRDA:196,12,1,1
BRDA:207,13,0,0
BRDA:207,13,1,1
BRDA:226,14,0,129
BRDA:236,15,0,0
BRDA:238,16,0,6
BRDA:238,16,1,0
BRDA:239,17,0,6
BRDA:239,17,1,0
BRDA:256,18,0,135
BRDA:256,18,1,0
BRDA:278,19,0,2
BRDA:278,19,1,1
BRDA:305,20,0,3
BRDA:305,20,1,1
BRDA:319,21,0,0
BRDA:321,22,0,2
BRDA:321,22,1,1
BRDA:323,23,0,1
BRDA:323,23,1,2
BRDA:338,24,0,1
BRDA:338,24,1,4
BRF:44
BRH:34
end_of_record
TN:
SF:D:\Workspace\Repos\jamaynor\mcps\dj-config-mcp\lib\distribution\distributor.js
FN:14,(anonymous_0)
FN:24,(anonymous_1)
FN:40,(anonymous_2)
FN:58,(anonymous_3)
FN:70,(anonymous_4)
FN:100,(anonymous_5)
FN:111,(anonymous_6)
FN:142,(anonymous_7)
FNF:8
FNH:8
FNDA:21,(anonymous_0)
FNDA:30,(anonymous_1)
FNDA:20,(anonymous_2)
FNDA:3,(anonymous_3)
FNDA:5,(anonymous_4)
FNDA:1,(anonymous_5)
FNDA:20,(anonymous_6)
FNDA:1,(anonymous_7)
DA:6,6
DA:7,6
DA:8,6
DA:9,6
DA:10,6
DA:11,6
DA:15,21
DA:16,21
DA:17,21
DA:25,30
DA:27,12
DA:29,12
DA:30,26
DA:33,12
DA:41,20
DA:42,20
DA:43,20
DA:45,20
DA:46,72
DA:47,72
DA:48,71
DA:51,3
DA:55,20
DA:56,2
DA:58,3
DA:71,5
DA:72,5
DA:73,5
DA:74,5
DA:76,5
DA:77,8
DA:78,8
DA:79,4
DA:80,4
DA:83,4
DA:84,4
DA:86,2
DA:90,5
DA:91,3
DA:97,2
DA:98,1
DA:100,1
DA:112,20
DA:113,20
DA:116,20
DA:117,20
DA:118,20
DA:119,20
DA:120,3
DA:121,2
DA:128,20
DA:129,20
DA:131,20
DA:143,1
DA:147,6
LF:55
LH:55
BRDA:14,0,0,1
BRDA:15,1,0,21
BRDA:15,1,1,1
BRDA:25,2,0,18
BRDA:25,2,1,12
BRDA:47,3,0,71
BRDA:47,3,1,1
BRDA:55,4,0,2
BRDA:55,4,1,18
BRDA:78,5,0,4
BRDA:78,5,1,4
BRDA:90,6,0,3
BRDA:90,6,1,2
BRDA:97,7,0,1
BRDA:97,7,1,1
BRDA:121,8,0,2
BRDA:121,8,1,0
BRF:17
BRH:16
end_of_record
TN:
SF:D:\Workspace\Repos\jamaynor\mcps\dj-config-mcp\lib\errors\index.js
FN:28,(anonymous_0)
FN:36,(anonymous_1)
FN:58,(anonymous_2)
FN:76,(anonymous_3)
FN:95,(anonymous_4)
FN:114,(anonymous_5)
FN:133,(anonymous_6)
FN:153,(anonymous_7)
FN:173,(anonymous_8)
FNF:9
FNH:9
FNDA:40,(anonymous_0)
FNDA:1,(anonymous_1)
FNDA:8,(anonymous_2)
FNDA:4,(anonymous_3)
FNDA:7,(anonymous_4)
FNDA:4,(anonymous_5)
FNDA:3,(anonymous_6)
FNDA:3,(anonymous_7)
FNDA:6,(anonymous_8)
DA:29,40
DA:30,40
DA:31,40
DA:32,40
DA:33,40
DA:37,1
DA:59,8
DA:60,8
DA:77,4
DA:78,4
DA:96,7
DA:97,7
DA:98,7
DA:115,4
DA:116,4
DA:134,3
DA:135,3
DA:136,3
DA:154,3
DA:155,3
DA:156,3
DA:174,6
DA:175,6
DA:176,6
DA:180,21
LF:25
LH:25
BRDA:28,0,0,3
BRDA:58,1,0,7
BRDA:76,2,0,1
BRDA:95,3,0,2
BRDA:114,4,0,3
BRDA:133,5,0,2
BRDA:153,6,0,1
BRDA:173,7,0,2
BRF:8
BRH:8
end_of_record
TN:
SF:D:\Workspace\Repos\jamaynor\mcps\dj-config-mcp\lib\security\detector.js
FN:9,(anonymous_0)
FN:18,(anonymous_1)
FN:37,(anonymous_2)
FN:47,(anonymous_3)
FN:53,(anonymous_4)
FNF:5
FNH:5
FNDA:19,(anonymous_0)
FNDA:81,(anonymous_1)
FNDA:5,(anonymous_2)
FNDA:77,(anonymous_3)
FNDA:302,(anonymous_4)
DA:6,6
DA:10,19
DA:11,19
DA:19,81
DA:20,13
DA:21,13
DA:22,12
DA:23,3
DA:27,1
DA:30,81
DA:38,5
DA:39,5
DA:48,77
DA:49,3
DA:51,74
DA:52,74
DA:53,302
DA:57,6
LF:18
LH:18
BRDA:9,0,0,2
BRDA:10,1,0,19
BRDA:10,1,1,2
BRDA:19,2,0,13
BRDA:19,2,1,68
BRDA:22,3,0,3
BRDA:22,3,1,9
BRDA:22,4,0,12
BRDA:22,4,1,10
BRDA:48,5,0,3
BRDA:48,5,1,74
BRF:11
BRH:11
end_of_record
TN:
SF:D:\Workspace\Repos\jamaynor\mcps\dj-config-mcp\lib\storage\env-storage.js
FN:13,(anonymous_0)
FN:21,(anonymous_1)
FN:30,(anonymous_2)
FN:48,(anonymous_3)
FN:70,(anonymous_4)
FN:99,(anonymous_5)
FN:108,(anonymous_6)
FN:129,(anonymous_7)
FN:148,(anonymous_8)
FN:158,(anonymous_9)
FN:170,(anonymous_10)
FN:194,(anonymous_11)
FN:216,(anonymous_12)
FN:237,(anonymous_13)
FN:243,(anonymous_14)
FN:251,(anonymous_15)
FN:261,(anonymous_16)
FNF:17
FNH:17
FNDA:62,(anonymous_0)
FNDA:6,(anonymous_1)
FNDA:103,(anonymous_2)
FNDA:78,(anonymous_3)
FNDA:24,(anonymous_4)
FNDA:79,(anonymous_5)
FNDA:24,(anonymous_6)
FNDA:29,(anonymous_7)
FNDA:51,(anonymous_8)
FNDA:8,(anonymous_9)
FNDA:17,(anonymous_10)
FNDA:26,(anonymous_11)
FNDA:3,(anonymous_12)
FNDA:4,(anonymous_13)
FNDA:5,(anonymous_14)
FNDA:20,(anonymous_15)
FNDA:5,(anonymous_16)
DA:6,9
DA:7,9
DA:8,9
DA:9,9
DA:10,9
DA:14,62
DA:22,6
DA:31,103
DA:33,103
DA:35,6
DA:36,6
DA:39,97
DA:49,78
DA:50,78
DA:52,51
DA:53,50
DA:55,1
DA:71,24
DA:73,24
DA:75,24
DA:78,24
DA:81,23
DA:82,0
DA:85,1
DA:100,79
DA:109,24
DA:115,24
DA:117,29
DA:118,29
DA:121,24
DA:130,29
DA:131,2
DA:135,29
DA:137,2
DA:140,27
DA:150,51
DA:160,8
DA:171,17
DA:174,17
DA:177,17
DA:178,17
DA:181,17
DA:184,17
DA:185,17
DA:195,26
DA:196,26
DA:199,26
DA:200,0
DA:204,26
DA:205,26
DA:207,26
DA:217,3
DA:218,3
DA:221,3
DA:222,3
DA:225,3
DA:228,3
DA:229,3
DA:238,4
DA:239,4
DA:240,4
DA:243,5
DA:252,20
DA:253,20
DA:254,20
DA:263,5
DA:264,5
DA:266,5
DA:267,3
DA:268,3
DA:273,9
LF:71
LH:69
BRDA:13,0,0,1
BRDA:30,1,0,5
BRDA:31,2,0,103
BRDA:31,2,1,16
BRDA:33,3,0,6
BRDA:33,3,1,97
BRDA:52,4,0,50
BRDA:52,4,1,1
BRDA:81,5,0,0
BRDA:81,5,1,23
BRDA:130,6,0,2
BRDA:130,6,1,27
BRDA:135,7,0,2
BRDA:135,7,1,27
BRDA:135,8,0,29
BRDA:135,8,1,27
BRDA:135,8,2,27
BRDA:135,8,3,27
BRDA:170,9,0,10
BRDA:194,10,0,2
BRDA:199,11,0,0
BRDA:199,11,1,26
BRDA:216,12,0,0
BRDA:237,13,0,0
BRDA:251,14,0,0
BRDA:266,15,0,3
BRDA:266,15,1,2
BRF:27
BRH:22
end_of_record
TN:
SF:D:\Workspace\Repos\jamaynor\mcps\dj-config-mcp\lib\storage\gitignore.js
FN:10,(anonymous_0)
FN:19,(anonymous_1)
FN:29,(anonymous_2)
FN:56,(anonymous_3)
FN:58,(anonymous_4)
FNF:5
FNH:5
FNDA:34,(anonymous_0)
FNDA:22,(anonymous_1)
FNDA:21,(anonymous_2)
FNDA:27,(anonymous_3)
FNDA:74,(anonymous_4)
DA:6,9
DA:7,9
DA:11,34
DA:12,34
DA:20,22
DA:21,22
DA:31,21
DA:33,20
DA:35,20
DA:37,20
DA:38,20
DA:39,20
DA:41,12
DA:42,0
DA:48,20
DA:49,20
DA:56,20
DA:57,27
DA:58,74
DA:61,20
DA:63,15
DA:66,15
DA:67,1
DA:71,15
DA:72,3
DA:74,15
DA:75,15
DA:76,15
DA:79,15
DA:92,9
LF:30
LH:29
BRDA:10,0,0,2
BRDA:20,1,0,22
BRDA:20,1,1,1
BRDA:29,2,0,10
BRDA:31,3,0,1
BRDA:31,3,1,20
BRDA:41,4,0,0
BRDA:41,4,1,12
BRDA:58,5,0,74
BRDA:58,5,1,69
BRDA:61,6,0,15
BRDA:61,6,1,5
BRDA:66,7,0,1
BRDA:66,7,1,14
BRDA:66,8,0,15
BRDA:66,8,1,3
BRDA:71,9,0,3
BRDA:71,9,1,12
BRF:18
BRH:17
end_of_record
TN:
SF:D:\Workspace\Repos\jamaynor\mcps\dj-config-mcp\lib\storage\json-storage.js
FN:12,(anonymous_0)
FN:20,(anonymous_1)
FN:29,(anonymous_2)
FN:47,(anonymous_3)
FN:78,(anonymous_4)
FN:104,(anonymous_5)
FN:120,(anonymous_6)
FN:133,(anonymous_7)
FN:149,(anonymous_8)
FN:161,(anonymous_9)
FN:172,(anonymous_10)
FN:192,(anonymous_11)
FN:212,(anonymous_12)
FN:232,(anonymous_13)
FNF:14
FNH:14
FNDA:57,(anonymous_0)
FNDA:7,(anonymous_1)
FNDA:84,(anonymous_2)
FNDA:61,(anonymous_3)
FNDA:18,(anonymous_4)
FNDA:10,(anonymous_5)
FNDA:19,(anonymous_6)
FNDA:6,(anonymous_7)
FNDA:4,(anonymous_8)
FNDA:18,(anonymous_9)
FNDA:12,(anonymous_10)
FNDA:23,(anonymous_11)
FNDA:7,(anonymous_12)
FNDA:11,(anonymous_13)
DA:6,9
DA:7,9
DA:8,9
DA:9,9
DA:13,57
DA:21,7
DA:30,84
DA:32,84
DA:34,6
DA:35,6
DA:38,78
DA:48,61
DA:49,61
DA:50,29
DA:52,33
DA:53,31
DA:55,2
DA:56,1
DA:63,1
DA:79,18
DA:81,18
DA:83,18
DA:86,18
DA:88,1
DA:105,10
DA:106,10
DA:109,10
DA:111,10
DA:121,19
DA:122,19
DA:124,19
DA:134,6
DA:135,6
DA:137,6
DA:139,5
DA:141,5
DA:150,4
DA:151,4
DA:153,4
DA:162,18
DA:163,18
DA:173,12
DA:174,12
DA:176,12
DA:177,14
DA:178,13
DA:180,14
DA:183,12
DA:193,23
DA:194,23
DA:196,23
DA:197,41
DA:198,32
DA:200,9
DA:204,14
DA:213,7
DA:214,7
DA:216,7
DA:217,6
DA:218,1
DA:220,5
DA:223,6
DA:233,11
DA:235,11
DA:236,16
DA:237,16
DA:239,16
DA:240,6
DA:242,10
DA:247,11
DA:251,9
LF:71
LH:71
BRDA:12,0,0,2
BRDA:29,1,0,0
BRDA:30,2,0,84
BRDA:30,2,1,17
BRDA:32,3,0,6
BRDA:32,3,1,78
BRDA:52,4,0,31
BRDA:52,4,1,2
BRDA:55,5,0,1
BRDA:55,5,1,1
BRDA:104,6,0,4
BRDA:106,7,0,10
BRDA:106,7,1,8
BRDA:120,8,0,2
BRDA:122,9,0,19
BRDA:122,9,1,2
BRDA:133,10,0,2
BRDA:137,11,0,1
BRDA:137,11,1,5
BRDA:149,12,0,0
BRDA:151,13,0,4
BRDA:151,13,1,2
BRDA:161,14,0,0
BRDA:163,15,0,18
BRDA:163,15,1,17
BRDA:177,16,0,13
BRDA:177,16,1,1
BRDA:177,17,0,14
BRDA:177,17,1,2
BRDA:197,18,0,32
BRDA:197,18,1,9
BRDA:197,19,0,41
BRDA:197,19,1,41
BRDA:197,19,2,40
BRDA:217,20,0,1
BRDA:217,20,1,5
BRDA:217,21,0,6
BRDA:217,21,1,6
BRDA:232,22,0,5
BRDA:236,23,0,16
BRDA:236,23,1,0
BRDA:237,24,0,7
BRDA:237,24,1,9
BRDA:239,25,0,6
BRDA:239,25,1,10
BRDA:239,26,0,16
BRDA:239,26,1,9
BRDA:239,26,2,8
BRF:48
BRH:44
end_of_record
TN:
SF:D:\Workspace\Repos\jamaynor\mcps\dj-config-mcp\lib\storage\storage-manager.js
FN:12,(anonymous_0)
FNF:1
FNH:1
FNDA:22,(anonymous_0)
DA:6,8
DA:7,8
DA:8,8
DA:9,8
DA:13,22
DA:16,22
DA:18,22
DA:19,22
DA:20,22
DA:24,8
LF:10
LH:10
BRDA:12,0,0,17
BRDA:13,1,0,22
BRDA:13,1,1,17
BRF:3
BRH:3
end_of_record
TN:
SF:D:\Workspace\Repos\jamaynor\mcps\dj-config-mcp\lib\utils\path-utils.js
FN:40,(anonymous_0)
FN:65,(anonymous_1)
FN:67,(anonymous_2)
FN:86,(anonymous_3)
FN:89,(anonymous_4)
FN:126,(anonymous_5)
FN:180,(anonymous_6)
FN:200,(anonymous_7)
FN:225,(anonymous_8)
FNF:9
FNH:9
FNDA:392,(anonymous_0)
FNDA:160,(anonymous_1)
FNDA:526,(anonymous_2)
FNDA:135,(anonymous_3)
FNDA:134,(anonymous_4)
FNDA:33,(anonymous_5)
FNDA:21,(anonymous_6)
FNDA:68,(anonymous_7)
FNDA:7,(anonymous_8)
DA:16,11
DA:17,11
DA:18,11
DA:41,392
DA:44,390
DA:47,390
DA:49,390
DA:52,390
DA:67,526
DA:68,160
DA:71,158
DA:72,158
DA:87,135
DA:89,133
DA:91,134
DA:92,1
DA:96,133
DA:97,133
DA:98,131
DA:102,2
DA:104,1
DA:105,1
DA:109,1
DA:127,33
DA:129,29
DA:130,29
DA:131,1
DA:136,28
DA:140,1
DA:141,1
DA:142,0
DA:147,1
DA:152,3
DA:153,3
DA:154,0
DA:160,3
DA:161,3
DA:162,1
DA:164,2
DA:181,21
DA:183,20
DA:184,1
DA:187,19
DA:201,68
DA:202,68
DA:203,1
DA:208,67
DA:226,7
DA:227,7
DA:230,7
DA:231,7
DA:234,7
DA:238,11
LF:53
LH:51
BRDA:41,0,0,2
BRDA:41,0,1,390
BRDA:47,1,0,390
BRDA:47,1,1,0
BRDA:67,2,0,526
BRDA:67,2,1,521
BRDA:68,3,0,2
BRDA:68,3,1,158
BRDA:86,4,0,6
BRDA:87,5,0,2
BRDA:87,5,1,133
BRDA:91,6,0,1
BRDA:91,6,1,133
BRDA:97,7,0,131
BRDA:97,7,1,2
BRDA:102,8,0,1
BRDA:102,8,1,1
BRDA:102,9,0,2
BRDA:102,9,1,1
BRDA:105,10,0,1
BRDA:105,10,1,0
BRDA:127,11,0,29
BRDA:127,11,1,1
BRDA:127,11,2,3
BRDA:130,12,0,1
BRDA:130,12,1,28
BRDA:140,13,0,1
BRDA:140,13,1,0
BRDA:141,14,0,0
BRDA:141,14,1,1
BRDA:152,15,0,3
BRDA:152,15,1,1
BRDA:153,16,0,0
BRDA:153,16,1,3
BRDA:161,17,0,1
BRDA:161,17,1,2
BRDA:180,18,0,20
BRDA:181,19,0,1
BRDA:181,19,1,20
BRDA:183,20,0,1
BRDA:183,20,1,19
BRDA:201,21,0,68
BRDA:201,21,1,3
BRDA:201,21,2,2
BRDA:202,22,0,1
BRDA:202,22,1,67
BRF:46
BRH:41
end_of_record
